#
# There is insufficient memory for the Java Runtime Environment to continue.
# Native memory allocation (malloc) failed to allocate 1519216 bytes for Chunk::new
# Possible reasons:
#   The system is out of physical RAM or swap space
#   The process is running with CompressedOops enabled, and the Java Heap may be blocking the growth of the native heap
# Possible solutions:
#   Reduce memory load on the system
#   Increase physical memory or swap space
#   Check if swap backing store is full
#   Decrease Java heap size (-Xmx/-Xms)
#   Decrease number of Java threads
#   Decrease Java thread stack sizes (-Xss)
#   Set larger code cache with -XX:ReservedCodeCacheSize=
#   JVM is running with Unscaled Compressed Oops mode in which the Java heap is
#     placed in the first 4GB address space. The Java Heap base address is the
#     maximum limit for the native heap growth. Please use -XX:HeapBaseMinAddress
#     to set the Java Heap base and to place the Java Heap above 4GB virtual address.
# This output file may be truncated or incomplete.
#
#  Out of Memory Error (arena.cpp:191), pid=18024, tid=19152
#
# JRE version: OpenJDK Runtime Environment Temurin-17.0.9+9 (17.0.9+9) (build 17.0.9+9)
# Java VM: OpenJDK 64-Bit Server VM Temurin-17.0.9+9 (17.0.9+9, mixed mode, tiered, compressed oops, compressed class ptrs, parallel gc, windows-amd64)
# No core dump will be written. Minidumps are not enabled by default on client versions of Windows
#

---------------  S U M M A R Y ------------

Command Line: --add-modules=ALL-SYSTEM --add-opens=java.base/java.util=ALL-UNNAMED --add-opens=java.base/java.lang=ALL-UNNAMED --add-opens=java.base/sun.nio.fs=ALL-UNNAMED -Declipse.application=org.eclipse.jdt.ls.core.id1 -Dosgi.bundles.defaultStartLevel=4 -Declipse.product=org.eclipse.jdt.ls.core.product -Djava.import.generatesMetadataFilesAtProjectRoot=false -DDetectVMInstallationsJob.disabled=true -Dfile.encoding=utf8 -XX:+UseParallelGC -XX:GCTimeRatio=4 -XX:AdaptiveSizePolicyWeight=90 -Dsun.zip.disableMemoryMapping=true -Xmx1G -Xms100m -Xlog:disable -javaagent:c:\Users\sc\.vscode\extensions\redhat.java-1.25.1-win32-x64\lombok\lombok-1.18.30.jar -XX:+HeapDumpOnOutOfMemoryError -XX:HeapDumpPath=c:\Users\sc\AppData\Roaming\Code\User\workspaceStorage\e64e4fc66b7715e35e024650ed857f81\redhat.java -Daether.dependencyCollector.impl=bf c:\Users\sc\.vscode\extensions\redhat.java-1.25.1-win32-x64\server\plugins\org.eclipse.equinox.launcher_1.6.600.v20231106-1826.jar -configuration c:\Users\sc\AppData\Roaming\Code\User\globalStorage\redhat.java\1.25.1\config_win -data c:\Users\sc\AppData\Roaming\Code\User\workspaceStorage\e64e4fc66b7715e35e024650ed857f81\redhat.java\jdt_ws --stdio

Host: Intel(R) Core(TM) i5-8365U CPU @ 1.60GHz, 8 cores, 7G,  Windows 11 , 64 bit Build 22621 (10.0.22621.2506)
Time: Mon Jan  8 14:38:41 2024 Pakistan Standard Time elapsed time: 9.265370 seconds (0d 0h 0m 9s)

---------------  T H R E A D  ---------------

Current thread (0x000002097d920f60):  JavaThread "C2 CompilerThread0" daemon [_thread_in_native, id=19152, stack(0x00000047f6300000,0x00000047f6400000)]


Current CompileTask:
C2:   9265 3771   !   4       org.eclipse.osgi.internal.loader.classpath.ClasspathManager::findClassImpl (308 bytes)

Stack: [0x00000047f6300000,0x00000047f6400000]
Native frames: (J=compiled Java code, j=interpreted, Vv=VM code, C=native code)
V  [jvm.dll+0x67cf49]
V  [jvm.dll+0x83478a]
V  [jvm.dll+0x83624e]
V  [jvm.dll+0x8368b3]
V  [jvm.dll+0x247f1f]
V  [jvm.dll+0xac43c]
V  [jvm.dll+0xaca8c]
V  [jvm.dll+0x367012]
V  [jvm.dll+0x3313ba]
V  [jvm.dll+0x33085a]
V  [jvm.dll+0x21a5b1]
V  [jvm.dll+0x2199d1]
V  [jvm.dll+0x1a57cd]
V  [jvm.dll+0x2297ae]
V  [jvm.dll+0x22797c]
V  [jvm.dll+0x7e9877]
V  [jvm.dll+0x7e3c3a]
V  [jvm.dll+0x67be35]
C  [ucrtbase.dll+0x29363]
C  [KERNEL32.DLL+0x1257d]
C  [ntdll.dll+0x5aa58]


---------------  P R O C E S S  ---------------

Threads class SMR info:
_java_thread_list=0x0000020913e36a70, length=25, elements={
0x0000020977a19290, 0x000002097d8f1930, 0x000002097c8a7250, 0x000002097c8ad3f0,
0x000002097c8adcc0, 0x000002097c8ae790, 0x000002097d91e350, 0x000002097d920f60,
0x000002097d983730, 0x000002097d99f310, 0x000002097da21bc0, 0x000002097dcae990,
0x000002097f24f040, 0x000002097f206c50, 0x000002097f0d0050, 0x000002097f11a5d0,
0x00000209136b3dc0, 0x0000020913710ac0, 0x00000209134e6fb0, 0x00000209134e8e10,
0x00000209134e6080, 0x00000209134e7ee0, 0x00000209134e74c0, 0x00000209134e6590,
0x00000209134e79d0
}

Java Threads: ( => current thread )
  0x0000020977a19290 JavaThread "main" [_thread_in_vm, id=5584, stack(0x00000047f5900000,0x00000047f5a00000)]
  0x000002097d8f1930 JavaThread "Reference Handler" daemon [_thread_blocked, id=12864, stack(0x00000047f5d00000,0x00000047f5e00000)]
  0x000002097c8a7250 JavaThread "Finalizer" daemon [_thread_blocked, id=14372, stack(0x00000047f5e00000,0x00000047f5f00000)]
  0x000002097c8ad3f0 JavaThread "Signal Dispatcher" daemon [_thread_blocked, id=8608, stack(0x00000047f5f00000,0x00000047f6000000)]
  0x000002097c8adcc0 JavaThread "Attach Listener" daemon [_thread_blocked, id=13428, stack(0x00000047f6000000,0x00000047f6100000)]
  0x000002097c8ae790 JavaThread "Service Thread" daemon [_thread_blocked, id=7340, stack(0x00000047f6100000,0x00000047f6200000)]
  0x000002097d91e350 JavaThread "Monitor Deflation Thread" daemon [_thread_blocked, id=2852, stack(0x00000047f6200000,0x00000047f6300000)]
=>0x000002097d920f60 JavaThread "C2 CompilerThread0" daemon [_thread_in_native, id=19152, stack(0x00000047f6300000,0x00000047f6400000)]
  0x000002097d983730 JavaThread "C1 CompilerThread0" daemon [_thread_blocked, id=9408, stack(0x00000047f6400000,0x00000047f6500000)]
  0x000002097d99f310 JavaThread "Sweeper thread" daemon [_thread_blocked, id=9792, stack(0x00000047f6500000,0x00000047f6600000)]
  0x000002097da21bc0 JavaThread "Common-Cleaner" daemon [_thread_blocked, id=14428, stack(0x00000047f6600000,0x00000047f6700000)]
  0x000002097dcae990 JavaThread "Notification Thread" daemon [_thread_blocked, id=14248, stack(0x00000047f6700000,0x00000047f6800000)]
  0x000002097f24f040 JavaThread "Active Thread: Equinox Container: 8959602c-1017-454c-8622-9ef4ce84ddc1" [_thread_blocked, id=20416, stack(0x00000047f6f00000,0x00000047f7000000)]
  0x000002097f206c50 JavaThread "Framework Event Dispatcher: Equinox Container: 8959602c-1017-454c-8622-9ef4ce84ddc1" daemon [_thread_blocked, id=3168, stack(0x00000047f7000000,0x00000047f7100000)]
  0x000002097f0d0050 JavaThread "Start Level: Equinox Container: 8959602c-1017-454c-8622-9ef4ce84ddc1" daemon [_thread_blocked, id=15068, stack(0x00000047f7100000,0x00000047f7200000)]
  0x000002097f11a5d0 JavaThread "Bundle File Closer" daemon [_thread_blocked, id=18536, stack(0x00000047f7300000,0x00000047f7400000)]
  0x00000209136b3dc0 JavaThread "SCR Component Actor" daemon [_thread_blocked, id=6640, stack(0x00000047f7400000,0x00000047f7500000)]
  0x0000020913710ac0 JavaThread "SCR Component Registry" daemon [_thread_blocked, id=1072, stack(0x00000047f7500000,0x00000047f7600000)]
  0x00000209134e6fb0 JavaThread "Worker-JM" [_thread_blocked, id=3216, stack(0x00000047f7600000,0x00000047f7700000)]
  0x00000209134e8e10 JavaThread "Worker-0: Repository registry initialization" [_thread_blocked, id=16592, stack(0x00000047f7700000,0x00000047f7800000)]
  0x00000209134e6080 JavaThread "Worker-1: Updating Maven Dependencies" [_thread_in_vm, id=11548, stack(0x00000047f7800000,0x00000047f7900000)]
  0x00000209134e7ee0 JavaThread "Java indexing" daemon [_thread_blocked, id=19148, stack(0x00000047f7900000,0x00000047f7a00000)]
  0x00000209134e74c0 JavaThread "Worker-2" [_thread_blocked, id=1272, stack(0x00000047f7a00000,0x00000047f7b00000)]
  0x00000209134e6590 JavaThread "Worker-3" [_thread_blocked, id=19504, stack(0x00000047f7b00000,0x00000047f7c00000)]
  0x00000209134e79d0 JavaThread "JNA Cleaner" daemon [_thread_blocked, id=14548, stack(0x00000047f7c00000,0x00000047f7d00000)]

Other Threads:
  0x000002097c8928b0 VMThread "VM Thread" [stack: 0x00000047f5c00000,0x00000047f5d00000] [id=18288]
  0x000002097dc61b60 WatcherThread [stack: 0x00000047f6800000,0x00000047f6900000] [id=3764]
  0x0000020977a2dd70 GCTaskThread "GC Thread#0" [stack: 0x00000047f5b00000,0x00000047f5c00000] [id=1112]
  0x000002097edcdb00 GCTaskThread "GC Thread#1" [stack: 0x00000047f6900000,0x00000047f6a00000] [id=12128]
  0x000002097edcddc0 GCTaskThread "GC Thread#2" [stack: 0x00000047f6a00000,0x00000047f6b00000] [id=6384]
  0x000002097ef88aa0 GCTaskThread "GC Thread#3" [stack: 0x00000047f6b00000,0x00000047f6c00000] [id=1808]
  0x000002097ef88d60 GCTaskThread "GC Thread#4" [stack: 0x00000047f6c00000,0x00000047f6d00000] [id=2016]
  0x000002097ef89020 GCTaskThread "GC Thread#5" [stack: 0x00000047f6d00000,0x00000047f6e00000] [id=14152]
  0x000002097ef892e0 GCTaskThread "GC Thread#6" [stack: 0x00000047f6e00000,0x00000047f6f00000] [id=17324]
  0x000002097f126750 GCTaskThread "GC Thread#7" [stack: 0x00000047f7200000,0x00000047f7300000] [id=17704]

Threads with active compile tasks:
C2 CompilerThread0     9314 3771   !   4       org.eclipse.osgi.internal.loader.classpath.ClasspathManager::findClassImpl (308 bytes)

VM state: not at safepoint (normal execution)

VM Mutex/Monitor currently owned by a thread: None

Heap address: 0x00000000c0000000, size: 1024 MB, Compressed Oops mode: 32-bit

CDS archive(s) not mapped
Compressed class space mapped at: 0x0000000100000000-0x0000000140000000, reserved size: 1073741824
Narrow klass base: 0x0000000000000000, Narrow klass shift: 3, Narrow klass range: 0x140000000

GC Precious Log:
 CPUs: 8 total, 8 available
 Memory: 7998M
 Large Page Support: Disabled
 NUMA Support: Disabled
 Compressed Oops: Enabled (32-bit)
 Alignments: Space 512K, Generation 512K, Heap 2M
 Heap Min Capacity: 100M
 Heap Initial Capacity: 100M
 Heap Max Capacity: 1G
 Pre-touch: Disabled
 Parallel Workers: 8

Heap:
 PSYoungGen      total 25088K, used 17014K [0x00000000eab00000, 0x00000000ec880000, 0x0000000100000000)
  eden space 23552K, 72% used [0x00000000eab00000,0x00000000ebb9d878,0x00000000ec200000)
  from space 1536K, 0% used [0x00000000ec700000,0x00000000ec700000,0x00000000ec880000)
  to   space 2048K, 0% used [0x00000000ec480000,0x00000000ec480000,0x00000000ec680000)
 ParOldGen       total 68608K, used 13293K [0x00000000c0000000, 0x00000000c4300000, 0x00000000eab00000)
  object space 68608K, 19% used [0x00000000c0000000,0x00000000c0cfb4e0,0x00000000c4300000)
 Metaspace       used 37662K, committed 38400K, reserved 1114112K
  class space    used 3780K, committed 4096K, reserved 1048576K

Card table byte_map: [0x00000209773b0000,0x00000209775c0000] _byte_map_base: 0x0000020976db0000

Marking Bits: (ParMarkBitMap*) 0x00007ff92c05d0b0
 Begin Bits: [0x000002097a6b0000, 0x000002097b6b0000)
 End Bits:   [0x000002097b6b0000, 0x000002097c6b0000)

Polling page: 0x00000209759b0000

Metaspace:

Usage:
  Non-class:     33.09 MB used.
      Class:      3.69 MB used.
       Both:     36.78 MB used.

Virtual space:
  Non-class space:       64.00 MB reserved,      33.50 MB ( 52%) committed,  1 nodes.
      Class space:        1.00 GB reserved,       4.00 MB ( <1%) committed,  1 nodes.
             Both:        1.06 GB reserved,      37.50 MB (  3%) committed. 

Chunk freelists:
   Non-Class:  14.06 MB
       Class:  11.81 MB
        Both:  25.88 MB

MaxMetaspaceSize: unlimited
CompressedClassSpaceSize: 1.00 GB
Initial GC threshold: 21.00 MB
Current GC threshold: 58.38 MB
CDS: off
MetaspaceReclaimPolicy: balanced
 - commit_granule_bytes: 65536.
 - commit_granule_words: 8192.
 - virtual_space_node_default_size: 8388608.
 - enlarge_chunks_in_place: 1.
 - new_chunks_are_fully_committed: 0.
 - uncommit_free_chunks: 1.
 - use_allocation_guard: 0.
 - handle_deallocations: 1.


Internal statistics:

num_allocs_failed_limit: 6.
num_arena_births: 364.
num_arena_deaths: 14.
num_vsnodes_births: 2.
num_vsnodes_deaths: 0.
num_space_committed: 600.
num_space_uncommitted: 0.
num_chunks_returned_to_freelist: 20.
num_chunks_taken_from_freelist: 1530.
num_chunk_merges: 7.
num_chunk_splits: 1007.
num_chunks_enlarged: 697.
num_inconsistent_stats: 0.

CodeHeap 'non-profiled nmethods': size=120000Kb used=1565Kb max_used=1565Kb free=118434Kb
 bounds [0x0000020907ad0000, 0x0000020907d40000, 0x000002090f000000]
CodeHeap 'profiled nmethods': size=120000Kb used=8152Kb max_used=8152Kb free=111847Kb
 bounds [0x0000020900000000, 0x0000020900800000, 0x0000020907530000]
CodeHeap 'non-nmethods': size=5760Kb used=1266Kb max_used=1285Kb free=4493Kb
 bounds [0x0000020907530000, 0x00000209077a0000, 0x0000020907ad0000]
 total_blobs=4406 nmethods=3814 adapters=505
 compilation: enabled
              stopped_count=0, restarted_count=0
 full_count=0

Compilation events (20 events):
Event: 9.118 Thread 0x000002097d983730 3808       3       java.util.regex.Matcher::<init> (95 bytes)
Event: 9.118 Thread 0x000002097d983730 nmethod 3808 0x00000209007ec890 code [0x00000209007eca60, 0x00000209007ecf28]
Event: 9.118 Thread 0x000002097d983730 3811       3       org.osgi.util.tracker.AbstractTracked::modified (11 bytes)
Event: 9.118 Thread 0x000002097d983730 nmethod 3811 0x00000209007ed090 code [0x00000209007ed220, 0x00000209007ed338]
Event: 9.118 Thread 0x000002097d983730 3812       3       org.eclipse.osgi.container.ModuleRevision::getWiring (5 bytes)
Event: 9.118 Thread 0x000002097d983730 nmethod 3812 0x00000209007ed410 code [0x00000209007ed5c0, 0x00000209007ed7e8]
Event: 9.130 Thread 0x000002097d983730 3815       3       java.lang.invoke.MethodHandles$Lookup::getDirectMethodNoSecurityManager (18 bytes)
Event: 9.130 Thread 0x000002097d983730 nmethod 3815 0x00000209007ed990 code [0x00000209007edb20, 0x00000209007edc68]
Event: 9.134 Thread 0x000002097d983730 3816       1       java.util.AbstractMap$SimpleEntry::getValue (5 bytes)
Event: 9.134 Thread 0x000002097d983730 nmethod 3816 0x0000020907c57010 code [0x0000020907c571a0, 0x0000020907c57278]
Event: 9.135 Thread 0x000002097d983730 3817       3       java.util.ImmutableCollections$ListItr::hasNext (17 bytes)
Event: 9.135 Thread 0x000002097d983730 nmethod 3817 0x00000209007edd10 code [0x00000209007edea0, 0x00000209007ee018]
Event: 9.151 Thread 0x000002097d983730 3818       3       java.nio.ByteBuffer::flip (7 bytes)
Event: 9.152 Thread 0x000002097d983730 nmethod 3818 0x00000209007ee090 code [0x00000209007ee220, 0x00000209007ee398]
Event: 9.178 Thread 0x000002097d983730 3819   !   2       org.eclipse.osgi.internal.container.AtomicLazyInitializer::getInitialized (70 bytes)
Event: 9.179 Thread 0x000002097d983730 nmethod 3819 0x00000209007ee490 code [0x00000209007ee660, 0x00000209007ee9a8]
Event: 9.251 Thread 0x000002097d983730 3820   !   3       java.lang.ClassLoader::loadClass (121 bytes)
Event: 9.252 Thread 0x000002097d983730 nmethod 3820 0x00000209007eec10 code [0x00000209007eeec0, 0x00000209007efb08]
Event: 9.256 Thread 0x000002097d983730 3821 %     3       java.util.Properties::load0 @ 29 (249 bytes)
Event: 9.257 Thread 0x000002097d983730 nmethod 3821% 0x00000209007f0190 code [0x00000209007f03e0, 0x00000209007f0f28]

GC Heap History (20 events):
Event: 5.584 GC heap before
{Heap before GC invocations=3 (full 0):
 PSYoungGen      total 29696K, used 29672K [0x00000000eab00000, 0x00000000ecc00000, 0x0000000100000000)
  eden space 25600K, 100% used [0x00000000eab00000,0x00000000ec400000,0x00000000ec400000)
  from space 4096K, 99% used [0x00000000ec800000,0x00000000ecbfa038,0x00000000ecc00000)
  to   space 4096K, 0% used [0x00000000ec400000,0x00000000ec400000,0x00000000ec800000)
 ParOldGen       total 68608K, used 1468K [0x00000000c0000000, 0x00000000c4300000, 0x00000000eab00000)
  object space 68608K, 2% used [0x00000000c0000000,0x00000000c016f370,0x00000000c4300000)
 Metaspace       used 16928K, committed 17216K, reserved 1114112K
  class space    used 1711K, committed 1856K, reserved 1048576K
}
Event: 5.593 GC heap after
{Heap after GC invocations=3 (full 0):
 PSYoungGen      total 29696K, used 4091K [0x00000000eab00000, 0x00000000ecc00000, 0x0000000100000000)
  eden space 25600K, 0% used [0x00000000eab00000,0x00000000eab00000,0x00000000ec400000)
  from space 4096K, 99% used [0x00000000ec400000,0x00000000ec7fee90,0x00000000ec800000)
  to   space 4096K, 0% used [0x00000000ec800000,0x00000000ec800000,0x00000000ecc00000)
 ParOldGen       total 68608K, used 5200K [0x00000000c0000000, 0x00000000c4300000, 0x00000000eab00000)
  object space 68608K, 7% used [0x00000000c0000000,0x00000000c0514348,0x00000000c4300000)
 Metaspace       used 16928K, committed 17216K, reserved 1114112K
  class space    used 1711K, committed 1856K, reserved 1048576K
}
Event: 6.244 GC heap before
{Heap before GC invocations=4 (full 0):
 PSYoungGen      total 29696K, used 29691K [0x00000000eab00000, 0x00000000ecc00000, 0x0000000100000000)
  eden space 25600K, 100% used [0x00000000eab00000,0x00000000ec400000,0x00000000ec400000)
  from space 4096K, 99% used [0x00000000ec400000,0x00000000ec7fee90,0x00000000ec800000)
  to   space 4096K, 0% used [0x00000000ec800000,0x00000000ec800000,0x00000000ecc00000)
 ParOldGen       total 68608K, used 5200K [0x00000000c0000000, 0x00000000c4300000, 0x00000000eab00000)
  object space 68608K, 7% used [0x00000000c0000000,0x00000000c0514348,0x00000000c4300000)
 Metaspace       used 20288K, committed 20608K, reserved 1114112K
  class space    used 2041K, committed 2176K, reserved 1048576K
}
Event: 6.249 GC heap after
{Heap after GC invocations=4 (full 0):
 PSYoungGen      total 29696K, used 4090K [0x00000000eab00000, 0x00000000ecc00000, 0x0000000100000000)
  eden space 25600K, 0% used [0x00000000eab00000,0x00000000eab00000,0x00000000ec400000)
  from space 4096K, 99% used [0x00000000ec800000,0x00000000ecbfe9c8,0x00000000ecc00000)
  to   space 4096K, 0% used [0x00000000ec400000,0x00000000ec400000,0x00000000ec800000)
 ParOldGen       total 68608K, used 6481K [0x00000000c0000000, 0x00000000c4300000, 0x00000000eab00000)
  object space 68608K, 9% used [0x00000000c0000000,0x00000000c0654708,0x00000000c4300000)
 Metaspace       used 20288K, committed 20608K, reserved 1114112K
  class space    used 2041K, committed 2176K, reserved 1048576K
}
Event: 6.328 GC heap before
{Heap before GC invocations=5 (full 0):
 PSYoungGen      total 29696K, used 8058K [0x00000000eab00000, 0x00000000ecc00000, 0x0000000100000000)
  eden space 25600K, 15% used [0x00000000eab00000,0x00000000eaee0108,0x00000000ec400000)
  from space 4096K, 99% used [0x00000000ec800000,0x00000000ecbfe9c8,0x00000000ecc00000)
  to   space 4096K, 0% used [0x00000000ec400000,0x00000000ec400000,0x00000000ec800000)
 ParOldGen       total 68608K, used 6481K [0x00000000c0000000, 0x00000000c4300000, 0x00000000eab00000)
  object space 68608K, 9% used [0x00000000c0000000,0x00000000c0654708,0x00000000c4300000)
 Metaspace       used 21023K, committed 21504K, reserved 1114112K
  class space    used 2114K, committed 2368K, reserved 1048576K
}
Event: 6.331 GC heap after
{Heap after GC invocations=5 (full 0):
 PSYoungGen      total 29696K, used 4090K [0x00000000eab00000, 0x00000000ece00000, 0x0000000100000000)
  eden space 25600K, 0% used [0x00000000eab00000,0x00000000eab00000,0x00000000ec400000)
  from space 4096K, 99% used [0x00000000ec400000,0x00000000ec7feaa0,0x00000000ec800000)
  to   space 5120K, 0% used [0x00000000ec900000,0x00000000ec900000,0x00000000ece00000)
 ParOldGen       total 68608K, used 6771K [0x00000000c0000000, 0x00000000c4300000, 0x00000000eab00000)
  object space 68608K, 9% used [0x00000000c0000000,0x00000000c069cfc0,0x00000000c4300000)
 Metaspace       used 21023K, committed 21504K, reserved 1114112K
  class space    used 2114K, committed 2368K, reserved 1048576K
}
Event: 6.332 GC heap before
{Heap before GC invocations=6 (full 1):
 PSYoungGen      total 29696K, used 4090K [0x00000000eab00000, 0x00000000ece00000, 0x0000000100000000)
  eden space 25600K, 0% used [0x00000000eab00000,0x00000000eab00000,0x00000000ec400000)
  from space 4096K, 99% used [0x00000000ec400000,0x00000000ec7feaa0,0x00000000ec800000)
  to   space 5120K, 0% used [0x00000000ec900000,0x00000000ec900000,0x00000000ece00000)
 ParOldGen       total 68608K, used 6771K [0x00000000c0000000, 0x00000000c4300000, 0x00000000eab00000)
  object space 68608K, 9% used [0x00000000c0000000,0x00000000c069cfc0,0x00000000c4300000)
 Metaspace       used 21023K, committed 21504K, reserved 1114112K
  class space    used 2114K, committed 2368K, reserved 1048576K
}
Event: 6.364 GC heap after
{Heap after GC invocations=6 (full 1):
 PSYoungGen      total 29696K, used 0K [0x00000000eab00000, 0x00000000ece00000, 0x0000000100000000)
  eden space 25600K, 0% used [0x00000000eab00000,0x00000000eab00000,0x00000000ec400000)
  from space 4096K, 0% used [0x00000000ec400000,0x00000000ec400000,0x00000000ec800000)
  to   space 5120K, 0% used [0x00000000ec900000,0x00000000ec900000,0x00000000ece00000)
 ParOldGen       total 68608K, used 10525K [0x00000000c0000000, 0x00000000c4300000, 0x00000000eab00000)
  object space 68608K, 15% used [0x00000000c0000000,0x00000000c0a47520,0x00000000c4300000)
 Metaspace       used 21023K, committed 21504K, reserved 1114112K
  class space    used 2114K, committed 2368K, reserved 1048576K
}
Event: 7.184 GC heap before
{Heap before GC invocations=7 (full 1):
 PSYoungGen      total 29696K, used 25600K [0x00000000eab00000, 0x00000000ece00000, 0x0000000100000000)
  eden space 25600K, 100% used [0x00000000eab00000,0x00000000ec400000,0x00000000ec400000)
  from space 4096K, 0% used [0x00000000ec400000,0x00000000ec400000,0x00000000ec800000)
  to   space 5120K, 0% used [0x00000000ec900000,0x00000000ec900000,0x00000000ece00000)
 ParOldGen       total 68608K, used 10525K [0x00000000c0000000, 0x00000000c4300000, 0x00000000eab00000)
  object space 68608K, 15% used [0x00000000c0000000,0x00000000c0a47520,0x00000000c4300000)
 Metaspace       used 24338K, committed 24896K, reserved 1114112K
  class space    used 2463K, committed 2688K, reserved 1048576K
}
Event: 7.187 GC heap after
{Heap after GC invocations=7 (full 1):
 PSYoungGen      total 26112K, used 844K [0x00000000eab00000, 0x00000000eca00000, 0x0000000100000000)
  eden space 25088K, 0% used [0x00000000eab00000,0x00000000eab00000,0x00000000ec380000)
  from space 1024K, 82% used [0x00000000ec900000,0x00000000ec9d3150,0x00000000eca00000)
  to   space 2560K, 0% used [0x00000000ec500000,0x00000000ec500000,0x00000000ec780000)
 ParOldGen       total 68608K, used 10533K [0x00000000c0000000, 0x00000000c4300000, 0x00000000eab00000)
  object space 68608K, 15% used [0x00000000c0000000,0x00000000c0a49520,0x00000000c4300000)
 Metaspace       used 24338K, committed 24896K, reserved 1114112K
  class space    used 2463K, committed 2688K, reserved 1048576K
}
Event: 7.554 GC heap before
{Heap before GC invocations=8 (full 1):
 PSYoungGen      total 26112K, used 25868K [0x00000000eab00000, 0x00000000eca00000, 0x0000000100000000)
  eden space 25088K, 99% used [0x00000000eab00000,0x00000000ec3700e0,0x00000000ec380000)
  from space 1024K, 82% used [0x00000000ec900000,0x00000000ec9d3150,0x00000000eca00000)
  to   space 2560K, 0% used [0x00000000ec500000,0x00000000ec500000,0x00000000ec780000)
 ParOldGen       total 68608K, used 10533K [0x00000000c0000000, 0x00000000c4300000, 0x00000000eab00000)
  object space 68608K, 15% used [0x00000000c0000000,0x00000000c0a49520,0x00000000c4300000)
 Metaspace       used 27410K, committed 27968K, reserved 1114112K
  class space    used 2792K, committed 3008K, reserved 1048576K
}
Event: 7.556 GC heap after
{Heap after GC invocations=8 (full 1):
 PSYoungGen      total 27136K, used 2553K [0x00000000eab00000, 0x00000000ecd00000, 0x0000000100000000)
  eden space 24576K, 0% used [0x00000000eab00000,0x00000000eab00000,0x00000000ec300000)
  from space 2560K, 99% used [0x00000000ec500000,0x00000000ec77e7e8,0x00000000ec780000)
  to   space 5120K, 0% used [0x00000000ec800000,0x00000000ec800000,0x00000000ecd00000)
 ParOldGen       total 68608K, used 12367K [0x00000000c0000000, 0x00000000c4300000, 0x00000000eab00000)
  object space 68608K, 18% used [0x00000000c0000000,0x00000000c0c13f20,0x00000000c4300000)
 Metaspace       used 27410K, committed 27968K, reserved 1114112K
  class space    used 2792K, committed 3008K, reserved 1048576K
}
Event: 7.767 GC heap before
{Heap before GC invocations=9 (full 1):
 PSYoungGen      total 27136K, used 27129K [0x00000000eab00000, 0x00000000ecd00000, 0x0000000100000000)
  eden space 24576K, 100% used [0x00000000eab00000,0x00000000ec300000,0x00000000ec300000)
  from space 2560K, 99% used [0x00000000ec500000,0x00000000ec77e7e8,0x00000000ec780000)
  to   space 5120K, 0% used [0x00000000ec800000,0x00000000ec800000,0x00000000ecd00000)
 ParOldGen       total 68608K, used 12367K [0x00000000c0000000, 0x00000000c4300000, 0x00000000eab00000)
  object space 68608K, 18% used [0x00000000c0000000,0x00000000c0c13f20,0x00000000c4300000)
 Metaspace       used 30560K, committed 31232K, reserved 1114112K
  class space    used 3022K, committed 3264K, reserved 1048576K
}
Event: 7.768 GC heap after
{Heap after GC invocations=9 (full 1):
 PSYoungGen      total 26624K, used 2313K [0x00000000eab00000, 0x00000000eca80000, 0x0000000100000000)
  eden space 24064K, 0% used [0x00000000eab00000,0x00000000eab00000,0x00000000ec280000)
  from space 2560K, 90% used [0x00000000ec800000,0x00000000eca42468,0x00000000eca80000)
  to   space 3072K, 0% used [0x00000000ec480000,0x00000000ec480000,0x00000000ec780000)
 ParOldGen       total 68608K, used 12375K [0x00000000c0000000, 0x00000000c4300000, 0x00000000eab00000)
  object space 68608K, 18% used [0x00000000c0000000,0x00000000c0c15f20,0x00000000c4300000)
 Metaspace       used 30560K, committed 31232K, reserved 1114112K
  class space    used 3022K, committed 3264K, reserved 1048576K
}
Event: 8.084 GC heap before
{Heap before GC invocations=10 (full 1):
 PSYoungGen      total 26624K, used 26377K [0x00000000eab00000, 0x00000000eca80000, 0x0000000100000000)
  eden space 24064K, 100% used [0x00000000eab00000,0x00000000ec280000,0x00000000ec280000)
  from space 2560K, 90% used [0x00000000ec800000,0x00000000eca42468,0x00000000eca80000)
  to   space 3072K, 0% used [0x00000000ec480000,0x00000000ec480000,0x00000000ec780000)
 ParOldGen       total 68608K, used 12375K [0x00000000c0000000, 0x00000000c4300000, 0x00000000eab00000)
  object space 68608K, 18% used [0x00000000c0000000,0x00000000c0c15f20,0x00000000c4300000)
 Metaspace       used 32988K, committed 33600K, reserved 1114112K
  class space    used 3219K, committed 3456K, reserved 1048576K
}
Event: 8.086 GC heap after
{Heap after GC invocations=10 (full 1):
 PSYoungGen      total 26112K, used 2373K [0x00000000eab00000, 0x00000000ec880000, 0x0000000100000000)
  eden space 23552K, 0% used [0x00000000eab00000,0x00000000eab00000,0x00000000ec200000)
  from space 2560K, 92% used [0x00000000ec480000,0x00000000ec6d1680,0x00000000ec700000)
  to   space 1536K, 0% used [0x00000000ec700000,0x00000000ec700000,0x00000000ec880000)
 ParOldGen       total 68608K, used 13013K [0x00000000c0000000, 0x00000000c4300000, 0x00000000eab00000)
  object space 68608K, 18% used [0x00000000c0000000,0x00000000c0cb54a8,0x00000000c4300000)
 Metaspace       used 32988K, committed 33600K, reserved 1114112K
  class space    used 3219K, committed 3456K, reserved 1048576K
}
Event: 8.952 GC heap before
{Heap before GC invocations=11 (full 1):
 PSYoungGen      total 26112K, used 15151K [0x00000000eab00000, 0x00000000ec880000, 0x0000000100000000)
  eden space 23552K, 54% used [0x00000000eab00000,0x00000000eb77a690,0x00000000ec200000)
  from space 2560K, 92% used [0x00000000ec480000,0x00000000ec6d1680,0x00000000ec700000)
  to   space 1536K, 0% used [0x00000000ec700000,0x00000000ec700000,0x00000000ec880000)
 ParOldGen       total 68608K, used 13013K [0x00000000c0000000, 0x00000000c4300000, 0x00000000eab00000)
  object space 68608K, 18% used [0x00000000c0000000,0x00000000c0cb54a8,0x00000000c4300000)
 Metaspace       used 35183K, committed 35840K, reserved 1114112K
  class space    used 3459K, committed 3776K, reserved 1048576K
}
Event: 8.955 GC heap after
{Heap after GC invocations=11 (full 1):
 PSYoungGen      total 25088K, used 1421K [0x00000000eab00000, 0x00000000ec880000, 0x0000000100000000)
  eden space 23552K, 0% used [0x00000000eab00000,0x00000000eab00000,0x00000000ec200000)
  from space 1536K, 92% used [0x00000000ec700000,0x00000000ec863770,0x00000000ec880000)
  to   space 2048K, 0% used [0x00000000ec480000,0x00000000ec480000,0x00000000ec680000)
 ParOldGen       total 68608K, used 14599K [0x00000000c0000000, 0x00000000c4300000, 0x00000000eab00000)
  object space 68608K, 21% used [0x00000000c0000000,0x00000000c0e41c98,0x00000000c4300000)
 Metaspace       used 35183K, committed 35840K, reserved 1114112K
  class space    used 3459K, committed 3776K, reserved 1048576K
}
Event: 8.955 GC heap before
{Heap before GC invocations=12 (full 2):
 PSYoungGen      total 25088K, used 1421K [0x00000000eab00000, 0x00000000ec880000, 0x0000000100000000)
  eden space 23552K, 0% used [0x00000000eab00000,0x00000000eab00000,0x00000000ec200000)
  from space 1536K, 92% used [0x00000000ec700000,0x00000000ec863770,0x00000000ec880000)
  to   space 2048K, 0% used [0x00000000ec480000,0x00000000ec480000,0x00000000ec680000)
 ParOldGen       total 68608K, used 14599K [0x00000000c0000000, 0x00000000c4300000, 0x00000000eab00000)
  object space 68608K, 21% used [0x00000000c0000000,0x00000000c0e41c98,0x00000000c4300000)
 Metaspace       used 35183K, committed 35840K, reserved 1114112K
  class space    used 3459K, committed 3776K, reserved 1048576K
}
Event: 8.999 GC heap after
{Heap after GC invocations=12 (full 2):
 PSYoungGen      total 25088K, used 0K [0x00000000eab00000, 0x00000000ec880000, 0x0000000100000000)
  eden space 23552K, 0% used [0x00000000eab00000,0x00000000eab00000,0x00000000ec200000)
  from space 1536K, 0% used [0x00000000ec700000,0x00000000ec700000,0x00000000ec880000)
  to   space 2048K, 0% used [0x00000000ec480000,0x00000000ec480000,0x00000000ec680000)
 ParOldGen       total 68608K, used 13293K [0x00000000c0000000, 0x00000000c4300000, 0x00000000eab00000)
  object space 68608K, 19% used [0x00000000c0000000,0x00000000c0cfb4e0,0x00000000c4300000)
 Metaspace       used 35170K, committed 35840K, reserved 1114112K
  class space    used 3455K, committed 3776K, reserved 1048576K
}

Dll operation events (10 events):
Event: 0.074 Loaded shared library c:\Users\sc\.vscode\extensions\redhat.java-1.25.1-win32-x64\jre\17.0.9-win32-x86_64\bin\java.dll
Event: 1.265 Loaded shared library c:\Users\sc\.vscode\extensions\redhat.java-1.25.1-win32-x64\jre\17.0.9-win32-x86_64\bin\zip.dll
Event: 1.272 Loaded shared library C:\Users\sc\.vscode\extensions\redhat.java-1.25.1-win32-x64\jre\17.0.9-win32-x86_64\bin\instrument.dll
Event: 1.389 Loaded shared library C:\Users\sc\.vscode\extensions\redhat.java-1.25.1-win32-x64\jre\17.0.9-win32-x86_64\bin\net.dll
Event: 1.401 Loaded shared library C:\Users\sc\.vscode\extensions\redhat.java-1.25.1-win32-x64\jre\17.0.9-win32-x86_64\bin\nio.dll
Event: 1.452 Loaded shared library C:\Users\sc\.vscode\extensions\redhat.java-1.25.1-win32-x64\jre\17.0.9-win32-x86_64\bin\zip.dll
Event: 1.486 Loaded shared library C:\Users\sc\.vscode\extensions\redhat.java-1.25.1-win32-x64\jre\17.0.9-win32-x86_64\bin\jimage.dll
Event: 1.642 Loaded shared library c:\Users\sc\.vscode\extensions\redhat.java-1.25.1-win32-x64\jre\17.0.9-win32-x86_64\bin\verify.dll
Event: 4.703 Loaded shared library C:\Users\sc\AppData\Roaming\Code\User\globalStorage\redhat.java\1.25.1\config_win\org.eclipse.equinox.launcher\org.eclipse.equinox.launcher.win32.win32.x86_64_1.2.800.v20231003-1442\eclipse_11802.dll
Event: 8.942 Loaded shared library C:\Users\sc\AppData\Local\Temp\jna-3664\jna17740290202245240915.dll

Deoptimization events (20 events):
Event: 9.103 Thread 0x000002097f0d0050 DEOPT PACKING pc=0x00000209003cdc1c sp=0x00000047f71fdc90
Event: 9.103 Thread 0x000002097f0d0050 DEOPT UNPACKING pc=0x0000020907586e43 sp=0x00000047f71fd1e8 mode 0
Event: 9.151 Thread 0x0000020977a19290 Uncommon trap: trap_request=0xffffffbe fr.pc=0x0000020907c43994 relative=0x0000000000000c74
Event: 9.151 Thread 0x0000020977a19290 Uncommon trap: reason=profile_predicate action=maybe_recompile pc=0x0000020907c43994 method=java.util.TreeMap.put(Ljava/lang/Object;Ljava/lang/Object;Z)Ljava/lang/Object; @ 27 c2
Event: 9.151 Thread 0x0000020977a19290 DEOPT PACKING pc=0x0000020907c43994 sp=0x00000047f59fe090
Event: 9.151 Thread 0x0000020977a19290 DEOPT UNPACKING pc=0x00000209075866a3 sp=0x00000047f59fe030 mode 2
Event: 9.151 Thread 0x0000020977a19290 Uncommon trap: trap_request=0xffffffbe fr.pc=0x0000020907c43994 relative=0x0000000000000c74
Event: 9.151 Thread 0x0000020977a19290 Uncommon trap: reason=profile_predicate action=maybe_recompile pc=0x0000020907c43994 method=java.util.TreeMap.put(Ljava/lang/Object;Ljava/lang/Object;Z)Ljava/lang/Object; @ 27 c2
Event: 9.151 Thread 0x0000020977a19290 DEOPT PACKING pc=0x0000020907c43994 sp=0x00000047f59fe090
Event: 9.151 Thread 0x0000020977a19290 DEOPT UNPACKING pc=0x00000209075866a3 sp=0x00000047f59fe030 mode 2
Event: 9.151 Thread 0x0000020977a19290 Uncommon trap: trap_request=0xffffffbe fr.pc=0x0000020907c43994 relative=0x0000000000000c74
Event: 9.151 Thread 0x0000020977a19290 Uncommon trap: reason=profile_predicate action=maybe_recompile pc=0x0000020907c43994 method=java.util.TreeMap.put(Ljava/lang/Object;Ljava/lang/Object;Z)Ljava/lang/Object; @ 27 c2
Event: 9.151 Thread 0x0000020977a19290 DEOPT PACKING pc=0x0000020907c43994 sp=0x00000047f59fe090
Event: 9.151 Thread 0x0000020977a19290 DEOPT UNPACKING pc=0x00000209075866a3 sp=0x00000047f59fe030 mode 2
Event: 9.180 Thread 0x0000020977a19290 DEOPT PACKING pc=0x0000020900376967 sp=0x00000047f59f9a70
Event: 9.180 Thread 0x0000020977a19290 DEOPT UNPACKING pc=0x0000020907586e43 sp=0x00000047f59f9000 mode 0
Event: 9.190 Thread 0x0000020977a19290 Uncommon trap: trap_request=0xffffff76 fr.pc=0x0000020907c42084 relative=0x00000000000006c4
Event: 9.190 Thread 0x0000020977a19290 Uncommon trap: reason=predicate action=maybe_recompile pc=0x0000020907c42084 method=java.util.TreeMap.getEntryUsingComparator(Ljava/lang/Object;)Ljava/util/TreeMap$Entry; @ 19 c2
Event: 9.190 Thread 0x0000020977a19290 DEOPT PACKING pc=0x0000020907c42084 sp=0x00000047f59fe410
Event: 9.190 Thread 0x0000020977a19290 DEOPT UNPACKING pc=0x00000209075866a3 sp=0x00000047f59fe3c0 mode 2

Classes unloaded (7 events):
Event: 8.961 Thread 0x000002097c8928b0 Unloading class 0x0000000100258000 'java/lang/invoke/LambdaForm$MH+0x0000000100258000'
Event: 8.961 Thread 0x000002097c8928b0 Unloading class 0x0000000100257c00 'java/lang/invoke/LambdaForm$MH+0x0000000100257c00'
Event: 8.961 Thread 0x000002097c8928b0 Unloading class 0x0000000100257800 'java/lang/invoke/LambdaForm$MH+0x0000000100257800'
Event: 8.961 Thread 0x000002097c8928b0 Unloading class 0x0000000100257400 'java/lang/invoke/LambdaForm$MH+0x0000000100257400'
Event: 8.961 Thread 0x000002097c8928b0 Unloading class 0x0000000100257000 'java/lang/invoke/LambdaForm$BMH+0x0000000100257000'
Event: 8.961 Thread 0x000002097c8928b0 Unloading class 0x0000000100256c00 'java/lang/invoke/LambdaForm$DMH+0x0000000100256c00'
Event: 8.961 Thread 0x000002097c8928b0 Unloading class 0x0000000100254000 'java/lang/invoke/LambdaForm$DMH+0x0000000100254000'

Classes redefined (0 events):
No events

Internal exceptions (20 events):
Event: 6.797 Thread 0x000002097f0d0050 Exception <a 'java/lang/NoSuchMethodError'{0x00000000eb59ded0}: 'java.lang.Object java.lang.invoke.DirectMethodHandle$Holder.invokeSpecial(java.lang.Object, java.lang.Object, java.lang.Object, java.lang.Object, int, java.lang.Object)'> (0x00000000eb59ded0) 
thrown [s\src\hotspot\share\interpreter\linkResolver.cpp, line 759]
Event: 6.798 Thread 0x00000209134e8e10 Exception <a 'java/lang/NoSuchMethodError'{0x00000000eb4e98c8}: 'java.lang.Object java.lang.invoke.DirectMethodHandle$Holder.invokeSpecial(java.lang.Object, java.lang.Object, int, java.lang.Object, java.lang.Object)'> (0x00000000eb4e98c8) 
thrown [s\src\hotspot\share\interpreter\linkResolver.cpp, line 759]
Event: 7.159 Thread 0x000002097f0d0050 Exception <a 'java/lang/NoSuchMethodError'{0x00000000ec2e6958}: 'java.lang.Object java.lang.invoke.Invokers$Holder.linkToTargetMethod(java.lang.Object, long, java.lang.Object, java.lang.Object)'> (0x00000000ec2e6958) 
thrown [s\src\hotspot\share\interpreter\linkResolver.cpp, line 759]
Event: 7.295 Thread 0x000002097f0d0050 Exception <a 'java/io/FileNotFoundException'{0x00000000eb14a790}> (0x00000000eb14a790) 
thrown [s\src\hotspot\share\prims\jni.cpp, line 516]
Event: 7.421 Thread 0x000002097f0d0050 Exception <a 'java/lang/NoSuchMethodError'{0x00000000eb8f2438}: 'void java.lang.invoke.DirectMethodHandle$Holder.invokeSpecial(java.lang.Object, java.lang.Object, java.lang.Object, int)'> (0x00000000eb8f2438) 
thrown [s\src\hotspot\share\interpreter\linkResolver.cpp, line 759]
Event: 7.924 Thread 0x000002097f0d0050 Exception <a 'java/lang/ClassNotFoundException'{0x00000000ebecf270}: com/sun/org/apache/xerces/internal/impl/msg/spi/DOMMessagesProvider> (0x00000000ebecf270) 
thrown [s\src\hotspot\share\classfile\systemDictionary.cpp, line 256]
Event: 7.927 Thread 0x000002097f0d0050 Exception <a 'java/lang/ClassNotFoundException'{0x00000000ebee09a8}: com/sun/org/apache/xerces/internal/impl/msg/spi/XMLSerializerMessagesProvider> (0x00000000ebee09a8) 
thrown [s\src\hotspot\share\classfile\systemDictionary.cpp, line 256]
Event: 7.928 Thread 0x000002097f0d0050 Exception <a 'java/lang/ClassNotFoundException'{0x00000000ebeedc80}: com/sun/org/apache/xerces/internal/impl/msg/spi/XMLMessagesProvider> (0x00000000ebeedc80) 
thrown [s\src\hotspot\share\classfile\systemDictionary.cpp, line 256]
Event: 7.941 Thread 0x000002097f0d0050 Exception <a 'java/lang/NoSuchMethodError'{0x00000000ebf888b8}: 'void java.lang.invoke.DirectMethodHandle$Holder.invokeVirtual(java.lang.Object, java.lang.Object)'> (0x00000000ebf888b8) 
thrown [s\src\hotspot\share\interpreter\linkResolver.cpp, line 759]
Event: 7.982 Thread 0x000002097f0d0050 Exception <a 'java/lang/NoSuchMethodError'{0x00000000ec1a19b8}: 'java.lang.Object java.lang.invoke.DirectMethodHandle$Holder.invokeStaticInit(java.lang.Object, int, int, int, int)'> (0x00000000ec1a19b8) 
thrown [s\src\hotspot\share\interpreter\linkResolver.cpp, line 759]
Event: 8.078 Thread 0x000002097f0d0050 Exception <a 'java/lang/NoSuchMethodError'{0x00000000ec2520a8}: 'java.lang.Object java.lang.invoke.DirectMethodHandle$Holder.invokeStaticInit(java.lang.Object, java.lang.Object, int, int, int, int)'> (0x00000000ec2520a8) 
thrown [s\src\hotspot\share\interpreter\linkResolver.cpp, line 759]
Event: 8.180 Thread 0x000002097f0d0050 Exception <a 'java/lang/ClassNotFoundException'{0x00000000eae68248}: com/sun/org/apache/xml/internal/serializer/spi/XMLEntitiesProvider> (0x00000000eae68248) 
thrown [s\src\hotspot\share\classfile\systemDictionary.cpp, line 256]
Event: 8.338 Thread 0x000002097f0d0050 Exception <a 'java/io/FileNotFoundException'{0x00000000eb205280}> (0x00000000eb205280) 
thrown [s\src\hotspot\share\prims\jni.cpp, line 516]
Event: 8.463 Thread 0x00000209134e6080 Exception <a 'java/lang/NoSuchMethodError'{0x00000000eb3b4680}: 'void java.lang.invoke.DirectMethodHandle$Holder.invokeStatic(java.lang.Object, java.lang.Object, java.lang.Object, java.lang.Object)'> (0x00000000eb3b4680) 
thrown [s\src\hotspot\share\interpreter\linkResolver.cpp, line 759]
Event: 8.522 Thread 0x00000209134e6080 Exception <a 'java/lang/NoSuchMethodError'{0x00000000eb5c81b0}: 'java.lang.Object java.lang.invoke.DirectMethodHandle$Holder.invokeSpecialIFC(java.lang.Object, java.lang.Object, java.lang.Object, java.lang.Object)'> (0x00000000eb5c81b0) 
thrown [s\src\hotspot\share\interpreter\linkResolver.cpp, line 759]
Event: 9.041 Thread 0x000002097f0d0050 Exception <a 'java/lang/UnsatisfiedLinkError'{0x00000000ead9afc0}: The specified procedure could not be found.
> (0x00000000ead9afc0) 
thrown [s\src\hotspot\share\prims\jni.cpp, line 535]
Event: 9.056 Thread 0x000002097f0d0050 Exception <a 'java/io/FileNotFoundException'{0x00000000eadc0698}> (0x00000000eadc0698) 
thrown [s\src\hotspot\share\prims\jni.cpp, line 516]
Event: 9.075 Thread 0x000002097f0d0050 Exception <a 'java/io/FileNotFoundException'{0x00000000eaf3ebb0}> (0x00000000eaf3ebb0) 
thrown [s\src\hotspot\share\prims\jni.cpp, line 516]
Event: 9.090 Thread 0x000002097f0d0050 Exception <a 'java/lang/UnsatisfiedLinkError'{0x00000000eb0be0d8}: The specified procedure could not be found.
> (0x00000000eb0be0d8) 
thrown [s\src\hotspot\share\prims\jni.cpp, line 535]
Event: 9.127 Thread 0x0000020977a19290 Exception <a 'sun/nio/fs/WindowsException'{0x00000000eb2c2950}> (0x00000000eb2c2950) 
thrown [s\src\hotspot\share\prims\jni.cpp, line 516]

VM Operations (20 events):
Event: 7.963 Executing VM operation: HandshakeAllThreads
Event: 7.964 Executing VM operation: HandshakeAllThreads done
Event: 8.071 Executing VM operation: HandshakeAllThreads
Event: 8.071 Executing VM operation: HandshakeAllThreads done
Event: 8.084 Executing VM operation: ParallelGCFailedAllocation
Event: 8.086 Executing VM operation: ParallelGCFailedAllocation done
Event: 8.137 Executing VM operation: HandshakeAllThreads
Event: 8.137 Executing VM operation: HandshakeAllThreads done
Event: 8.179 Executing VM operation: HandshakeAllThreads
Event: 8.179 Executing VM operation: HandshakeAllThreads done
Event: 8.239 Executing VM operation: HandshakeAllThreads
Event: 8.239 Executing VM operation: HandshakeAllThreads done
Event: 8.483 Executing VM operation: HandshakeAllThreads
Event: 8.483 Executing VM operation: HandshakeAllThreads done
Event: 8.538 Executing VM operation: HandshakeAllThreads
Event: 8.944 Executing VM operation: HandshakeAllThreads done
Event: 8.952 Executing VM operation: CollectForMetadataAllocation
Event: 8.999 Executing VM operation: CollectForMetadataAllocation done
Event: 9.018 Executing VM operation: HandshakeAllThreads
Event: 9.018 Executing VM operation: HandshakeAllThreads done

Events (20 events):
Event: 9.244 loading class sun/reflect/generics/tree/Signature done
Event: 9.244 loading class sun/reflect/generics/tree/ClassSignature done
Event: 9.244 loading class sun/reflect/annotation/TypeAnnotation$TypeAnnotationTarget
Event: 9.244 loading class sun/reflect/annotation/TypeAnnotation$TypeAnnotationTarget done
Event: 9.244 loading class sun/reflect/annotation/TypeAnnotation$LocationInfo
Event: 9.244 loading class sun/reflect/annotation/TypeAnnotation$LocationInfo done
Event: 9.244 loading class sun/reflect/annotation/TypeAnnotation$LocationInfo$Location
Event: 9.245 loading class sun/reflect/annotation/TypeAnnotation$LocationInfo$Location done
Event: 9.245 loading class sun/reflect/annotation/AnnotatedTypeFactory
Event: 9.245 loading class sun/reflect/annotation/AnnotatedTypeFactory done
Event: 9.245 loading class sun/reflect/annotation/AnnotatedTypeFactory$AnnotatedTypeBaseImpl
Event: 9.246 loading class sun/reflect/annotation/AnnotatedTypeFactory$AnnotatedTypeBaseImpl done
Event: 9.246 loading class java/util/stream/Streams$ConcatSpliterator$OfRef
Event: 9.246 loading class java/util/stream/Streams$ConcatSpliterator
Event: 9.246 loading class java/util/stream/Streams$ConcatSpliterator done
Event: 9.246 loading class java/util/stream/Streams$ConcatSpliterator$OfRef done
Event: 9.246 loading class java/util/stream/Streams$2
Event: 9.246 loading class java/util/stream/Streams$2 done
Event: 9.250 loading class javax/xml/parsers/FactoryConfigurationError
Event: 9.250 loading class javax/xml/parsers/FactoryConfigurationError done


Dynamic libraries:
0x00007ff60bb40000 - 0x00007ff60bb4e000 	c:\Users\sc\.vscode\extensions\redhat.java-1.25.1-win32-x64\jre\17.0.9-win32-x86_64\bin\java.exe
0x00007ff9805d0000 - 0x00007ff9807e7000 	C:\WINDOWS\SYSTEM32\ntdll.dll
0x00007ff97fa40000 - 0x00007ff97fb04000 	C:\WINDOWS\System32\KERNEL32.DLL
0x00007ff97d9e0000 - 0x00007ff97dd86000 	C:\WINDOWS\System32\KERNELBASE.dll
0x00007ff97dd90000 - 0x00007ff97dea1000 	C:\WINDOWS\System32\ucrtbase.dll
0x00007ff962490000 - 0x00007ff9624a7000 	c:\Users\sc\.vscode\extensions\redhat.java-1.25.1-win32-x64\jre\17.0.9-win32-x86_64\bin\jli.dll
0x00007ff97ec10000 - 0x00007ff97edbe000 	C:\WINDOWS\System32\USER32.dll
0x00007ff97d940000 - 0x00007ff97d966000 	C:\WINDOWS\System32\win32u.dll
0x00007ff97fc00000 - 0x00007ff97fc29000 	C:\WINDOWS\System32\GDI32.dll
0x00007ff97e160000 - 0x00007ff97e278000 	C:\WINDOWS\System32\gdi32full.dll
0x00007ff97e280000 - 0x00007ff97e31a000 	C:\WINDOWS\System32\msvcp_win.dll
0x00007ff9624b0000 - 0x00007ff9624cb000 	c:\Users\sc\.vscode\extensions\redhat.java-1.25.1-win32-x64\jre\17.0.9-win32-x86_64\bin\VCRUNTIME140.dll
0x00007ff966ef0000 - 0x00007ff967183000 	C:\WINDOWS\WinSxS\amd64_microsoft.windows.common-controls_6595b64144ccf1df_6.0.22621.2506_none_270c5ae97388e100\COMCTL32.dll
0x00007ff97e480000 - 0x00007ff97e527000 	C:\WINDOWS\System32\msvcrt.dll
0x00007ff97e9c0000 - 0x00007ff97e9f1000 	C:\WINDOWS\System32\IMM32.DLL
0x00007ff963410000 - 0x00007ff96341c000 	c:\Users\sc\.vscode\extensions\redhat.java-1.25.1-win32-x64\jre\17.0.9-win32-x86_64\bin\vcruntime140_1.dll
0x00007ff943170000 - 0x00007ff9431fd000 	c:\Users\sc\.vscode\extensions\redhat.java-1.25.1-win32-x64\jre\17.0.9-win32-x86_64\bin\msvcp140.dll
0x00007ff92b4c0000 - 0x00007ff92c121000 	c:\Users\sc\.vscode\extensions\redhat.java-1.25.1-win32-x64\jre\17.0.9-win32-x86_64\bin\server\jvm.dll
0x00007ff97fb40000 - 0x00007ff97fbf1000 	C:\WINDOWS\System32\ADVAPI32.dll
0x00007ff97e320000 - 0x00007ff97e3c5000 	C:\WINDOWS\System32\sechost.dll
0x00007ff97fcb0000 - 0x00007ff97fdc7000 	C:\WINDOWS\System32\RPCRT4.dll
0x00007ff97c790000 - 0x00007ff97c7dd000 	C:\WINDOWS\SYSTEM32\POWRPROF.dll
0x00007ff9654d0000 - 0x00007ff9654d9000 	C:\WINDOWS\SYSTEM32\WSOCK32.dll
0x00007ff97fdd0000 - 0x00007ff97fe41000 	C:\WINDOWS\System32\WS2_32.dll
0x00007ff977110000 - 0x00007ff977144000 	C:\WINDOWS\SYSTEM32\WINMM.dll
0x00007ff976190000 - 0x00007ff97619a000 	C:\WINDOWS\SYSTEM32\VERSION.dll
0x00007ff97c770000 - 0x00007ff97c783000 	C:\WINDOWS\SYSTEM32\UMPDC.dll
0x00007ff97ca30000 - 0x00007ff97ca48000 	C:\WINDOWS\SYSTEM32\kernel.appcore.dll
0x00007ff962650000 - 0x00007ff96265a000 	c:\Users\sc\.vscode\extensions\redhat.java-1.25.1-win32-x64\jre\17.0.9-win32-x86_64\bin\jimage.dll
0x00007ff97a8a0000 - 0x00007ff97aad3000 	C:\WINDOWS\SYSTEM32\DBGHELP.DLL
0x00007ff97fe50000 - 0x00007ff9801d9000 	C:\WINDOWS\System32\combase.dll
0x00007ff97edc0000 - 0x00007ff97ee97000 	C:\WINDOWS\System32\OLEAUT32.dll
0x00007ff94c930000 - 0x00007ff94c962000 	C:\WINDOWS\SYSTEM32\dbgcore.DLL
0x00007ff97e020000 - 0x00007ff97e09a000 	C:\WINDOWS\System32\bcryptPrimitives.dll
0x00007ff9625f0000 - 0x00007ff9625fe000 	c:\Users\sc\.vscode\extensions\redhat.java-1.25.1-win32-x64\jre\17.0.9-win32-x86_64\bin\instrument.dll
0x00007ff95f550000 - 0x00007ff95f575000 	c:\Users\sc\.vscode\extensions\redhat.java-1.25.1-win32-x64\jre\17.0.9-win32-x86_64\bin\java.dll
0x00007ff95f530000 - 0x00007ff95f548000 	c:\Users\sc\.vscode\extensions\redhat.java-1.25.1-win32-x64\jre\17.0.9-win32-x86_64\bin\zip.dll
0x00007ff97eea0000 - 0x00007ff97f6fa000 	C:\WINDOWS\System32\SHELL32.dll
0x00007ff97b870000 - 0x00007ff97c166000 	C:\WINDOWS\SYSTEM32\windows.storage.dll
0x00007ff97b730000 - 0x00007ff97b86e000 	C:\WINDOWS\SYSTEM32\wintypes.dll
0x00007ff97f700000 - 0x00007ff97f7f3000 	C:\WINDOWS\System32\SHCORE.dll
0x00007ff9804a0000 - 0x00007ff9804fe000 	C:\WINDOWS\System32\shlwapi.dll
0x00007ff97d870000 - 0x00007ff97d896000 	C:\WINDOWS\SYSTEM32\profapi.dll
0x00007ff95db40000 - 0x00007ff95db59000 	C:\Users\sc\.vscode\extensions\redhat.java-1.25.1-win32-x64\jre\17.0.9-win32-x86_64\bin\net.dll
0x00007ff9774f0000 - 0x00007ff977627000 	C:\WINDOWS\SYSTEM32\WINHTTP.dll
0x00007ff97ceb0000 - 0x00007ff97cf19000 	C:\WINDOWS\system32\mswsock.dll
0x00007ff95a750000 - 0x00007ff95a766000 	C:\Users\sc\.vscode\extensions\redhat.java-1.25.1-win32-x64\jre\17.0.9-win32-x86_64\bin\nio.dll
0x00007ff962480000 - 0x00007ff962490000 	c:\Users\sc\.vscode\extensions\redhat.java-1.25.1-win32-x64\jre\17.0.9-win32-x86_64\bin\verify.dll
0x00007ff95ef60000 - 0x00007ff95ef9e000 	C:\Users\sc\AppData\Roaming\Code\User\globalStorage\redhat.java\1.25.1\config_win\org.eclipse.equinox.launcher\org.eclipse.equinox.launcher.win32.win32.x86_64_1.2.800.v20231003-1442\eclipse_11802.dll
0x00007ff97ea00000 - 0x00007ff97eba0000 	C:\WINDOWS\System32\ole32.dll
0x00007ff97d110000 - 0x00007ff97d12b000 	C:\WINDOWS\SYSTEM32\CRYPTSP.dll
0x00007ff97c990000 - 0x00007ff97c9c5000 	C:\WINDOWS\system32\rsaenh.dll
0x00007ff97cfa0000 - 0x00007ff97cfcc000 	C:\WINDOWS\SYSTEM32\USERENV.dll
0x00007ff97d2f0000 - 0x00007ff97d318000 	C:\WINDOWS\SYSTEM32\bcrypt.dll
0x00007ff97d100000 - 0x00007ff97d10c000 	C:\WINDOWS\SYSTEM32\CRYPTBASE.dll
0x00007ff97c440000 - 0x00007ff97c46d000 	C:\WINDOWS\SYSTEM32\IPHLPAPI.DLL
0x00007ff97f870000 - 0x00007ff97f879000 	C:\WINDOWS\System32\NSI.dll
0x00007ff977660000 - 0x00007ff977679000 	C:\WINDOWS\SYSTEM32\dhcpcsvc6.DLL
0x00007ff977340000 - 0x00007ff97735f000 	C:\WINDOWS\SYSTEM32\dhcpcsvc.DLL
0x00007ff97c4b0000 - 0x00007ff97c5a9000 	C:\WINDOWS\SYSTEM32\DNSAPI.dll
0x00007ff95ef10000 - 0x00007ff95ef55000 	C:\Users\sc\AppData\Local\Temp\jna-3664\jna17740290202245240915.dll
0x00007ff97e9b0000 - 0x00007ff97e9b8000 	C:\WINDOWS\System32\PSAPI.DLL

dbghelp: loaded successfully - version: 4.0.5 - missing functions: none
symbol engine: initialized successfully - sym options: 0x614 - pdb path: .;c:\Users\sc\.vscode\extensions\redhat.java-1.25.1-win32-x64\jre\17.0.9-win32-x86_64\bin;C:\WINDOWS\SYSTEM32;C:\WINDOWS\WinSxS\amd64_microsoft.windows.common-controls_6595b64144ccf1df_6.0.22621.2506_none_270c5ae97388e100;c:\Users\sc\.vscode\extensions\redhat.java-1.25.1-win32-x64\jre\17.0.9-win32-x86_64\bin\server;C:\Users\sc\AppData\Roaming\Code\User\globalStorage\redhat.java\1.25.1\config_win\org.eclipse.equinox.launcher\org.eclipse.equinox.launcher.win32.win32.x86_64_1.2.800.v20231003-1442;C:\Users\sc\AppData\Local\Temp\jna-3664

VM Arguments:
jvm_args: --add-modules=ALL-SYSTEM --add-opens=java.base/java.util=ALL-UNNAMED --add-opens=java.base/java.lang=ALL-UNNAMED --add-opens=java.base/sun.nio.fs=ALL-UNNAMED -Declipse.application=org.eclipse.jdt.ls.core.id1 -Dosgi.bundles.defaultStartLevel=4 -Declipse.product=org.eclipse.jdt.ls.core.product -Djava.import.generatesMetadataFilesAtProjectRoot=false -DDetectVMInstallationsJob.disabled=true -Dfile.encoding=utf8 -XX:+UseParallelGC -XX:GCTimeRatio=4 -XX:AdaptiveSizePolicyWeight=90 -Dsun.zip.disableMemoryMapping=true -Xmx1G -Xms100m -Xlog:disable -javaagent:c:\Users\sc\.vscode\extensions\redhat.java-1.25.1-win32-x64\lombok\lombok-1.18.30.jar -XX:+HeapDumpOnOutOfMemoryError -XX:HeapDumpPath=c:\Users\sc\AppData\Roaming\Code\User\workspaceStorage\e64e4fc66b7715e35e024650ed857f81\redhat.java -Daether.dependencyCollector.impl=bf 
java_command: c:\Users\sc\.vscode\extensions\redhat.java-1.25.1-win32-x64\server\plugins\org.eclipse.equinox.launcher_1.6.600.v20231106-1826.jar -configuration c:\Users\sc\AppData\Roaming\Code\User\globalStorage\redhat.java\1.25.1\config_win -data c:\Users\sc\AppData\Roaming\Code\User\workspaceStorage\e64e4fc66b7715e35e024650ed857f81\redhat.java\jdt_ws --stdio
java_class_path (initial): c:\Users\sc\.vscode\extensions\redhat.java-1.25.1-win32-x64\server\plugins\org.eclipse.equinox.launcher_1.6.600.v20231106-1826.jar
Launcher Type: SUN_STANDARD

[Global flags]
    uintx AdaptiveSizePolicyWeight                 = 90                                        {product} {command line}
     intx CICompilerCount                          = 4                                         {product} {ergonomic}
    uintx GCTimeRatio                              = 4                                         {product} {command line}
     bool HeapDumpOnOutOfMemoryError               = true                                   {manageable} {command line}
    ccstr HeapDumpPath                             = c:\Users\sc\AppData\Roaming\Code\User\workspaceStorage\e64e4fc66b7715e35e024650ed857f81\redhat.java         {manageable} {command line}
   size_t InitialHeapSize                          = 104857600                                 {product} {command line}
   size_t MaxHeapSize                              = 1073741824                                {product} {command line}
   size_t MaxNewSize                               = 357564416                                 {product} {ergonomic}
   size_t MinHeapDeltaBytes                        = 524288                                    {product} {ergonomic}
   size_t MinHeapSize                              = 104857600                                 {product} {command line}
   size_t NewSize                                  = 34603008                                  {product} {ergonomic}
    uintx NonNMethodCodeHeapSize                   = 5839372                                {pd product} {ergonomic}
    uintx NonProfiledCodeHeapSize                  = 122909434                              {pd product} {ergonomic}
   size_t OldSize                                  = 70254592                                  {product} {ergonomic}
    uintx ProfiledCodeHeapSize                     = 122909434                              {pd product} {ergonomic}
    uintx ReservedCodeCacheSize                    = 251658240                              {pd product} {ergonomic}
     bool SegmentedCodeCache                       = true                                      {product} {ergonomic}
   size_t SoftMaxHeapSize                          = 1073741824                             {manageable} {ergonomic}
     bool UseCompressedClassPointers               = true                           {product lp64_product} {ergonomic}
     bool UseCompressedOops                        = true                           {product lp64_product} {ergonomic}
     bool UseLargePagesIndividualAllocation        = false                                  {pd product} {ergonomic}
     bool UseParallelGC                            = true                                      {product} {command line}

Logging:
Log output configuration:
 #0: stdout all=off uptime,level,tags
 #1: stderr all=off uptime,level,tags

Environment Variables:
PATH=C:\Python311\Scripts\;C:\Python311\;C:\Program Files\Common Files\Oracle\Java\javapath;C:\WINDOWS\system32;C:\WINDOWS;C:\WINDOWS\System32\Wbem;C:\WINDOWS\System32\WindowsPowerShell\v1.0\;C:\WINDOWS\System32\OpenSSH\;C:\Program Files\Git\cmd;C:\ProgramData\chocolatey\bin;C:\Program Files\nodejs\;C:\Users\sc\AppData\Local\Microsoft\WindowsApps;C:\Users\sc\AppData\Local\Programs\Microsoft VS Code\bin;C:\Users\sc\AppData\Local\GitHubDesktop\bin;C:\Program Files\Java\jdk-11\bin;C:\Users\sc\AppData\Roaming\npm
USERNAME=sc
OS=Windows_NT
PROCESSOR_IDENTIFIER=Intel64 Family 6 Model 142 Stepping 12, GenuineIntel
TMP=C:\Users\sc\AppData\Local\Temp
TEMP=C:\Users\sc\AppData\Local\Temp



Periodic native trim disabled


---------------  S Y S T E M  ---------------

OS:
 Windows 11 , 64 bit Build 22621 (10.0.22621.2506)
OS uptime: 3 days 21:24 hours

CPU: total 8 (initial active 8) (4 cores per cpu, 2 threads per core) family 6 model 142 stepping 12 microcode 0xf0, cx8, cmov, fxsr, ht, mmx, 3dnowpref, sse, sse2, sse3, ssse3, sse4.1, sse4.2, popcnt, lzcnt, tsc, tscinvbit, avx, avx2, aes, erms, clmul, bmi1, bmi2, adx, fma, vzeroupper, clflush, clflushopt
Processor Information for all 8 processors :
  Max Mhz: 1896, Current Mhz: 1596, Mhz Limit: 1592

Memory: 4k page, system-wide physical 7998M (208M free)
TotalPageFile size 16190M (AvailPageFile size 5M)
current process WorkingSet (physical memory assigned to process): 150M, peak: 150M
current process commit charge ("private bytes"): 251M, peak: 252M

vm_info: OpenJDK 64-Bit Server VM (17.0.9+9) for windows-amd64 JRE (17.0.9+9), built on Oct 26 2023 14:01:42 by "admin" with MS VC++ 16.10 / 16.11 (VS2019)

END.
