#
# There is insufficient memory for the Java Runtime Environment to continue.
# Native memory allocation (malloc) failed to allocate 512416 bytes for Chunk::new
# Possible reasons:
#   The system is out of physical RAM or swap space
#   The process is running with CompressedOops enabled, and the Java Heap may be blocking the growth of the native heap
# Possible solutions:
#   Reduce memory load on the system
#   Increase physical memory or swap space
#   Check if swap backing store is full
#   Decrease Java heap size (-Xmx/-Xms)
#   Decrease number of Java threads
#   Decrease Java thread stack sizes (-Xss)
#   Set larger code cache with -XX:ReservedCodeCacheSize=
#   JVM is running with Unscaled Compressed Oops mode in which the Java heap is
#     placed in the first 4GB address space. The Java Heap base address is the
#     maximum limit for the native heap growth. Please use -XX:HeapBaseMinAddress
#     to set the Java Heap base and to place the Java Heap above 4GB virtual address.
# This output file may be truncated or incomplete.
#
#  Out of Memory Error (arena.cpp:191), pid=8412, tid=16376
#
# JRE version: OpenJDK Runtime Environment Temurin-17.0.9+9 (17.0.9+9) (build 17.0.9+9)
# Java VM: OpenJDK 64-Bit Server VM Temurin-17.0.9+9 (17.0.9+9, mixed mode, tiered, compressed oops, compressed class ptrs, parallel gc, windows-amd64)
# No core dump will be written. Minidumps are not enabled by default on client versions of Windows
#

---------------  S U M M A R Y ------------

Command Line: --add-modules=ALL-SYSTEM --add-opens=java.base/java.util=ALL-UNNAMED --add-opens=java.base/java.lang=ALL-UNNAMED --add-opens=java.base/sun.nio.fs=ALL-UNNAMED -Declipse.application=org.eclipse.jdt.ls.core.id1 -Dosgi.bundles.defaultStartLevel=4 -Declipse.product=org.eclipse.jdt.ls.core.product -Djava.import.generatesMetadataFilesAtProjectRoot=false -DDetectVMInstallationsJob.disabled=true -Dfile.encoding=utf8 -XX:+UseParallelGC -XX:GCTimeRatio=4 -XX:AdaptiveSizePolicyWeight=90 -Dsun.zip.disableMemoryMapping=true -Xmx1G -Xms100m -Xlog:disable -javaagent:c:\Users\sc\.vscode\extensions\redhat.java-1.26.0-win32-x64\lombok\lombok-1.18.31-3454.jar c:\Users\sc\.vscode\extensions\redhat.java-1.26.0-win32-x64\server\plugins\org.eclipse.equinox.launcher_1.6.700.v20231214-2017.jar -configuration c:\Users\sc\AppData\Roaming\Code\User\globalStorage\redhat.java\1.26.0\config_ss_win -data c:\Users\sc\AppData\Roaming\Code\User\workspaceStorage\e64e4fc66b7715e35e024650ed857f81\redhat.java\ss_ws --stdio

Host: Intel(R) Core(TM) i5-8365U CPU @ 1.60GHz, 8 cores, 7G,  Windows 11 , 64 bit Build 22621 (10.0.22621.2506)
Time: Mon Jan 29 14:24:40 2024 Pakistan Standard Time elapsed time: 14.676865 seconds (0d 0h 0m 14s)

---------------  T H R E A D  ---------------

Current thread (0x000002c75c396450):  JavaThread "C2 CompilerThread0" daemon [_thread_in_native, id=16376, stack(0x000000cd6c400000,0x000000cd6c500000)]


Current CompileTask:
C2:  14676 2342       4       org.lombokweb.asm.ClassReader::readMethod (1066 bytes)

Stack: [0x000000cd6c400000,0x000000cd6c500000]
Native frames: (J=compiled Java code, j=interpreted, Vv=VM code, C=native code)
V  [jvm.dll+0x67cf49]
V  [jvm.dll+0x83478a]
V  [jvm.dll+0x83624e]
V  [jvm.dll+0x8368b3]
V  [jvm.dll+0x247f1f]
V  [jvm.dll+0xac43c]
V  [jvm.dll+0xaca8c]
V  [jvm.dll+0x2af45f]
V  [jvm.dll+0x5853f7]
V  [jvm.dll+0x222f62]
V  [jvm.dll+0x21c002]
V  [jvm.dll+0x2198c1]
V  [jvm.dll+0x1a57cd]
V  [jvm.dll+0x2297ae]
V  [jvm.dll+0x22797c]
V  [jvm.dll+0x7e9877]
V  [jvm.dll+0x7e3c3a]
V  [jvm.dll+0x67be35]
C  [ucrtbase.dll+0x29363]
C  [KERNEL32.DLL+0x1257d]
C  [ntdll.dll+0x5aa58]


---------------  P R O C E S S  ---------------

Threads class SMR info:
_java_thread_list=0x000002c75e0034b0, length=20, elements={
0x000002c74323db30, 0x000002c7570cdd30, 0x000002c7570ceac0, 0x000002c75c390330,
0x000002c75c390fc0, 0x000002c75c391d50, 0x000002c75c3957a0, 0x000002c75c396450,
0x000002c75c39eea0, 0x000002c75c3afb40, 0x000002c75c4e8380, 0x000002c75d3346d0,
0x000002c75dace310, 0x000002c75da2cdc0, 0x000002c75dcbaa50, 0x000002c75d5cfa60,
0x000002c75c694460, 0x000002c75d428460, 0x000002c75d428970, 0x000002c75d428e80
}

Java Threads: ( => current thread )
  0x000002c74323db30 JavaThread "main" [_thread_blocked, id=15192, stack(0x000000cd6bb00000,0x000000cd6bc00000)]
  0x000002c7570cdd30 JavaThread "Reference Handler" daemon [_thread_blocked, id=15452, stack(0x000000cd6be00000,0x000000cd6bf00000)]
  0x000002c7570ceac0 JavaThread "Finalizer" daemon [_thread_blocked, id=11880, stack(0x000000cd6bf00000,0x000000cd6c000000)]
  0x000002c75c390330 JavaThread "Signal Dispatcher" daemon [_thread_blocked, id=1320, stack(0x000000cd6c000000,0x000000cd6c100000)]
  0x000002c75c390fc0 JavaThread "Attach Listener" daemon [_thread_blocked, id=17116, stack(0x000000cd6c100000,0x000000cd6c200000)]
  0x000002c75c391d50 JavaThread "Service Thread" daemon [_thread_blocked, id=5012, stack(0x000000cd6c200000,0x000000cd6c300000)]
  0x000002c75c3957a0 JavaThread "Monitor Deflation Thread" daemon [_thread_blocked, id=8460, stack(0x000000cd6c300000,0x000000cd6c400000)]
=>0x000002c75c396450 JavaThread "C2 CompilerThread0" daemon [_thread_in_native, id=16376, stack(0x000000cd6c400000,0x000000cd6c500000)]
  0x000002c75c39eea0 JavaThread "C1 CompilerThread0" daemon [_thread_blocked, id=2988, stack(0x000000cd6c500000,0x000000cd6c600000)]
  0x000002c75c3afb40 JavaThread "Sweeper thread" daemon [_thread_blocked, id=14752, stack(0x000000cd6c600000,0x000000cd6c700000)]
  0x000002c75c4e8380 JavaThread "Common-Cleaner" daemon [_thread_blocked, id=6868, stack(0x000000cd6c700000,0x000000cd6c800000)]
  0x000002c75d3346d0 JavaThread "Notification Thread" daemon [_thread_blocked, id=9692, stack(0x000000cd6c800000,0x000000cd6c900000)]
  0x000002c75dace310 JavaThread "Active Thread: Equinox Container: a6fe64b7-2ba9-44fb-ae9c-d561047325c6" [_thread_blocked, id=9768, stack(0x000000cd6d000000,0x000000cd6d100000)]
  0x000002c75da2cdc0 JavaThread "Framework Event Dispatcher: Equinox Container: a6fe64b7-2ba9-44fb-ae9c-d561047325c6" daemon [_thread_blocked, id=5720, stack(0x000000cd6d100000,0x000000cd6d200000)]
  0x000002c75dcbaa50 JavaThread "Start Level: Equinox Container: a6fe64b7-2ba9-44fb-ae9c-d561047325c6" daemon [_thread_in_vm, id=13924, stack(0x000000cd6d200000,0x000000cd6d300000)]
  0x000002c75d5cfa60 JavaThread "SCR Component Actor" daemon [_thread_blocked, id=6948, stack(0x000000cd6d300000,0x000000cd6d400000)]
  0x000002c75c694460 JavaThread "SCR Component Registry" daemon [_thread_blocked, id=15436, stack(0x000000cd6d500000,0x000000cd6d600000)]
  0x000002c75d428460 JavaThread "Worker-JM" [_thread_blocked, id=16768, stack(0x000000cd6d600000,0x000000cd6d700000)]
  0x000002c75d428970 JavaThread "Worker-0" [_thread_blocked, id=3580, stack(0x000000cd6d700000,0x000000cd6d800000)]
  0x000002c75d428e80 JavaThread "Worker-1" [_thread_blocked, id=8664, stack(0x000000cd6d800000,0x000000cd6d900000)]

Other Threads:
  0x000002c75c350c20 VMThread "VM Thread" [stack: 0x000000cd6bd00000,0x000000cd6be00000] [id=628]
  0x000002c75c72ed30 WatcherThread [stack: 0x000000cd6c900000,0x000000cd6ca00000] [id=16464]
  0x000002c743252cf0 GCTaskThread "GC Thread#0" [stack: 0x000000cd6bc00000,0x000000cd6bd00000] [id=11680]
  0x000002c75dac7c20 GCTaskThread "GC Thread#1" [stack: 0x000000cd6ca00000,0x000000cd6cb00000] [id=15428]
  0x000002c75d9511a0 GCTaskThread "GC Thread#2" [stack: 0x000000cd6cb00000,0x000000cd6cc00000] [id=12056]
  0x000002c75d951460 GCTaskThread "GC Thread#3" [stack: 0x000000cd6cc00000,0x000000cd6cd00000] [id=2952]
  0x000002c75d951720 GCTaskThread "GC Thread#4" [stack: 0x000000cd6cd00000,0x000000cd6ce00000] [id=7772]
  0x000002c75d862b70 GCTaskThread "GC Thread#5" [stack: 0x000000cd6ce00000,0x000000cd6cf00000] [id=12184]
  0x000002c75d862e30 GCTaskThread "GC Thread#6" [stack: 0x000000cd6cf00000,0x000000cd6d000000] [id=7156]
  0x000002c75d9345f0 GCTaskThread "GC Thread#7" [stack: 0x000000cd6d400000,0x000000cd6d500000] [id=13188]

Threads with active compile tasks:
C2 CompilerThread0    14721 2342       4       org.lombokweb.asm.ClassReader::readMethod (1066 bytes)

VM state: not at safepoint (normal execution)

VM Mutex/Monitor currently owned by a thread:  ([mutex/lock_event])
[0x000002c743238f10] Metaspace_lock - owner thread: 0x000002c75dcbaa50

Heap address: 0x00000000c0000000, size: 1024 MB, Compressed Oops mode: 32-bit

CDS archive(s) not mapped
Compressed class space mapped at: 0x0000000100000000-0x0000000140000000, reserved size: 1073741824
Narrow klass base: 0x0000000000000000, Narrow klass shift: 3, Narrow klass range: 0x140000000

GC Precious Log:
 CPUs: 8 total, 8 available
 Memory: 7998M
 Large Page Support: Disabled
 NUMA Support: Disabled
 Compressed Oops: Enabled (32-bit)
 Alignments: Space 512K, Generation 512K, Heap 2M
 Heap Min Capacity: 100M
 Heap Initial Capacity: 100M
 Heap Max Capacity: 1G
 Pre-touch: Disabled
 Parallel Workers: 8

Heap:
 PSYoungGen      total 26112K, used 6222K [0x00000000eab00000, 0x00000000ecb80000, 0x0000000100000000)
  eden space 25088K, 21% used [0x00000000eab00000,0x00000000eb05ae00,0x00000000ec380000)
  from space 1024K, 72% used [0x00000000ec400000,0x00000000ec4b8d10,0x00000000ec500000)
  to   space 4096K, 0% used [0x00000000ec780000,0x00000000ec780000,0x00000000ecb80000)
 ParOldGen       total 68608K, used 11495K [0x00000000c0000000, 0x00000000c4300000, 0x00000000eab00000)
  object space 68608K, 16% used [0x00000000c0000000,0x00000000c0b39dc0,0x00000000c4300000)
 Metaspace       used 25211K, committed 25664K, reserved 1114112K
  class space    used 2460K, committed 2688K, reserved 1048576K

Card table byte_map: [0x000002c742bd0000,0x000002c742de0000] _byte_map_base: 0x000002c7425d0000

Marking Bits: (ParMarkBitMap*) 0x00007ffa90fad0b0
 Begin Bits: [0x000002c754ed0000, 0x000002c755ed0000)
 End Bits:   [0x000002c755ed0000, 0x000002c756ed0000)

Polling page: 0x000002c741170000

Metaspace:

Usage:
  Non-class:     22.22 MB used.
      Class:      2.40 MB used.
       Both:     24.62 MB used.

Virtual space:
  Non-class space:       64.00 MB reserved,      22.44 MB ( 35%) committed,  1 nodes.
      Class space:        1.00 GB reserved,       2.62 MB ( <1%) committed,  1 nodes.
             Both:        1.06 GB reserved,      25.06 MB (  2%) committed. 

Chunk freelists:
   Non-Class:  9.48 MB
       Class:  13.42 MB
        Both:  22.90 MB

MaxMetaspaceSize: unlimited
CompressedClassSpaceSize: 1.00 GB
Initial GC threshold: 21.00 MB
Current GC threshold: 35.00 MB
CDS: off
MetaspaceReclaimPolicy: balanced
 - commit_granule_bytes: 65536.
 - commit_granule_words: 8192.
 - virtual_space_node_default_size: 8388608.
 - enlarge_chunks_in_place: 1.
 - new_chunks_are_fully_committed: 0.
 - uncommit_free_chunks: 1.
 - use_allocation_guard: 0.
 - handle_deallocations: 1.


Internal statistics:

num_allocs_failed_limit: 3.
num_arena_births: 276.
num_arena_deaths: 14.
num_vsnodes_births: 2.
num_vsnodes_deaths: 0.
num_space_committed: 401.
num_space_uncommitted: 0.
num_chunks_returned_to_freelist: 17.
num_chunks_taken_from_freelist: 952.
num_chunk_merges: 8.
num_chunk_splits: 623.
num_chunks_enlarged: 428.
num_inconsistent_stats: 0.

CodeHeap 'non-profiled nmethods': size=120000Kb used=1006Kb max_used=1006Kb free=118993Kb
 bounds [0x000002c74d9a0000, 0x000002c74dc10000, 0x000002c754ed0000]
CodeHeap 'profiled nmethods': size=120000Kb used=4559Kb max_used=4559Kb free=115441Kb
 bounds [0x000002c745ed0000, 0x000002c746350000, 0x000002c74d400000]
CodeHeap 'non-nmethods': size=5760Kb used=1213Kb max_used=1232Kb free=4546Kb
 bounds [0x000002c74d400000, 0x000002c74d670000, 0x000002c74d9a0000]
 total_blobs=2876 nmethods=2353 adapters=437
 compilation: enabled
              stopped_count=0, restarted_count=0
 full_count=0

Compilation events (20 events):
Event: 14.591 Thread 0x000002c75c39eea0 nmethod 2338 0x000002c74633a090 code [0x000002c74633a220, 0x000002c74633a318]
Event: 14.592 Thread 0x000002c75c39eea0 2339       3       java.util.regex.Pattern$GroupHead::match (47 bytes)
Event: 14.592 Thread 0x000002c75c39eea0 nmethod 2339 0x000002c74633a390 code [0x000002c74633a540, 0x000002c74633a7a8]
Event: 14.592 Thread 0x000002c75c39eea0 2340       3       org.lombokweb.asm.MethodWriter::visitMethodInsn (191 bytes)
Event: 14.592 Thread 0x000002c75c396450 nmethod 2335 0x000002c74da9ae10 code [0x000002c74da9afa0, 0x000002c74da9b358]
Event: 14.592 Thread 0x000002c75c396450 2342       4       org.lombokweb.asm.ClassReader::readMethod (1066 bytes)
Event: 14.593 Thread 0x000002c75c39eea0 nmethod 2340 0x000002c74633a990 code [0x000002c74633abc0, 0x000002c74633b3c8]
Event: 14.593 Thread 0x000002c75c39eea0 2341       3       org.lombokweb.asm.SymbolTable::addConstantMethodref (24 bytes)
Event: 14.593 Thread 0x000002c75c39eea0 nmethod 2341 0x000002c74633b710 code [0x000002c74633b8c0, 0x000002c74633ba68]
Event: 14.594 Thread 0x000002c75c39eea0 2343       3       java.util.ArrayDeque::circularClear (43 bytes)
Event: 14.594 Thread 0x000002c75c39eea0 nmethod 2343 0x000002c74633bb10 code [0x000002c74633bce0, 0x000002c74633c0d8]
Event: 14.668 Thread 0x000002c75c39eea0 2345       3       org.lombokweb.asm.SymbolTable::addConstantIntegerOrFloat (21 bytes)
Event: 14.668 Thread 0x000002c75c39eea0 nmethod 2345 0x000002c74633c290 code [0x000002c74633c440, 0x000002c74633c698]
Event: 14.668 Thread 0x000002c75c39eea0 2346       3       org.lombokweb.asm.SymbolTable::addConstantIntegerOrFloat (100 bytes)
Event: 14.669 Thread 0x000002c75c39eea0 nmethod 2346 0x000002c74633c810 code [0x000002c74633ca20, 0x000002c74633cf78]
Event: 14.669 Thread 0x000002c75c39eea0 2347       3       lombok.patcher.scripts.AddFieldScript$1::visitField (35 bytes)
Event: 14.669 Thread 0x000002c75c39eea0 nmethod 2347 0x000002c74633d210 code [0x000002c74633d3c0, 0x000002c74633d638]
Event: 14.671 Thread 0x000002c75c39eea0 2348       3       java.util.regex.Pattern$GroupTail::match (111 bytes)
Event: 14.672 Thread 0x000002c75c39eea0 nmethod 2348 0x000002c74633d790 code [0x000002c74633d960, 0x000002c74633dd08]
Event: 14.672 Thread 0x000002c75c39eea0 2349       3       lombok.patcher.Hook::toSpec (95 bytes)

GC Heap History (12 events):
Event: 2.310 GC heap before
{Heap before GC invocations=1 (full 0):
 PSYoungGen      total 29696K, used 25600K [0x00000000eab00000, 0x00000000ecc00000, 0x0000000100000000)
  eden space 25600K, 100% used [0x00000000eab00000,0x00000000ec400000,0x00000000ec400000)
  from space 4096K, 0% used [0x00000000ec800000,0x00000000ec800000,0x00000000ecc00000)
  to   space 4096K, 0% used [0x00000000ec400000,0x00000000ec400000,0x00000000ec800000)
 ParOldGen       total 68608K, used 0K [0x00000000c0000000, 0x00000000c4300000, 0x00000000eab00000)
  object space 68608K, 0% used [0x00000000c0000000,0x00000000c0000000,0x00000000c4300000)
 Metaspace       used 11013K, committed 11200K, reserved 1114112K
  class space    used 1098K, committed 1216K, reserved 1048576K
}
Event: 2.339 GC heap after
{Heap after GC invocations=1 (full 0):
 PSYoungGen      total 29696K, used 3156K [0x00000000eab00000, 0x00000000ecc00000, 0x0000000100000000)
  eden space 25600K, 0% used [0x00000000eab00000,0x00000000eab00000,0x00000000ec400000)
  from space 4096K, 77% used [0x00000000ec400000,0x00000000ec715060,0x00000000ec800000)
  to   space 4096K, 0% used [0x00000000ec800000,0x00000000ec800000,0x00000000ecc00000)
 ParOldGen       total 68608K, used 0K [0x00000000c0000000, 0x00000000c4300000, 0x00000000eab00000)
  object space 68608K, 0% used [0x00000000c0000000,0x00000000c0000000,0x00000000c4300000)
 Metaspace       used 11013K, committed 11200K, reserved 1114112K
  class space    used 1098K, committed 1216K, reserved 1048576K
}
Event: 11.891 GC heap before
{Heap before GC invocations=2 (full 0):
 PSYoungGen      total 29696K, used 28756K [0x00000000eab00000, 0x00000000ecc00000, 0x0000000100000000)
  eden space 25600K, 100% used [0x00000000eab00000,0x00000000ec400000,0x00000000ec400000)
  from space 4096K, 77% used [0x00000000ec400000,0x00000000ec715060,0x00000000ec800000)
  to   space 4096K, 0% used [0x00000000ec800000,0x00000000ec800000,0x00000000ecc00000)
 ParOldGen       total 68608K, used 0K [0x00000000c0000000, 0x00000000c4300000, 0x00000000eab00000)
  object space 68608K, 0% used [0x00000000c0000000,0x00000000c0000000,0x00000000c4300000)
 Metaspace       used 15120K, committed 15360K, reserved 1114112K
  class space    used 1534K, committed 1664K, reserved 1048576K
}
Event: 11.899 GC heap after
{Heap after GC invocations=2 (full 0):
 PSYoungGen      total 29696K, used 4089K [0x00000000eab00000, 0x00000000ecc00000, 0x0000000100000000)
  eden space 25600K, 0% used [0x00000000eab00000,0x00000000eab00000,0x00000000ec400000)
  from space 4096K, 99% used [0x00000000ec800000,0x00000000ecbfe560,0x00000000ecc00000)
  to   space 4096K, 0% used [0x00000000ec400000,0x00000000ec400000,0x00000000ec800000)
 ParOldGen       total 68608K, used 750K [0x00000000c0000000, 0x00000000c4300000, 0x00000000eab00000)
  object space 68608K, 1% used [0x00000000c0000000,0x00000000c00bbb50,0x00000000c4300000)
 Metaspace       used 15120K, committed 15360K, reserved 1114112K
  class space    used 1534K, committed 1664K, reserved 1048576K
}
Event: 13.282 GC heap before
{Heap before GC invocations=3 (full 0):
 PSYoungGen      total 29696K, used 29689K [0x00000000eab00000, 0x00000000ecc00000, 0x0000000100000000)
  eden space 25600K, 100% used [0x00000000eab00000,0x00000000ec400000,0x00000000ec400000)
  from space 4096K, 99% used [0x00000000ec800000,0x00000000ecbfe560,0x00000000ecc00000)
  to   space 4096K, 0% used [0x00000000ec400000,0x00000000ec400000,0x00000000ec800000)
 ParOldGen       total 68608K, used 750K [0x00000000c0000000, 0x00000000c4300000, 0x00000000eab00000)
  object space 68608K, 1% used [0x00000000c0000000,0x00000000c00bbb50,0x00000000c4300000)
 Metaspace       used 20021K, committed 20352K, reserved 1114112K
  class space    used 2044K, committed 2176K, reserved 1048576K
}
Event: 13.289 GC heap after
{Heap after GC invocations=3 (full 0):
 PSYoungGen      total 29696K, used 4072K [0x00000000eab00000, 0x00000000ecc00000, 0x0000000100000000)
  eden space 25600K, 0% used [0x00000000eab00000,0x00000000eab00000,0x00000000ec400000)
  from space 4096K, 99% used [0x00000000ec400000,0x00000000ec7fa2f0,0x00000000ec800000)
  to   space 4096K, 0% used [0x00000000ec800000,0x00000000ec800000,0x00000000ecc00000)
 ParOldGen       total 68608K, used 3013K [0x00000000c0000000, 0x00000000c4300000, 0x00000000eab00000)
  object space 68608K, 4% used [0x00000000c0000000,0x00000000c02f1438,0x00000000c4300000)
 Metaspace       used 20021K, committed 20352K, reserved 1114112K
  class space    used 2044K, committed 2176K, reserved 1048576K
}
Event: 14.012 GC heap before
{Heap before GC invocations=4 (full 0):
 PSYoungGen      total 29696K, used 16962K [0x00000000eab00000, 0x00000000ecc00000, 0x0000000100000000)
  eden space 25600K, 50% used [0x00000000eab00000,0x00000000eb796778,0x00000000ec400000)
  from space 4096K, 99% used [0x00000000ec400000,0x00000000ec7fa2f0,0x00000000ec800000)
  to   space 4096K, 0% used [0x00000000ec800000,0x00000000ec800000,0x00000000ecc00000)
 ParOldGen       total 68608K, used 3013K [0x00000000c0000000, 0x00000000c4300000, 0x00000000eab00000)
  object space 68608K, 4% used [0x00000000c0000000,0x00000000c02f1438,0x00000000c4300000)
 Metaspace       used 21075K, committed 21504K, reserved 1114112K
  class space    used 2161K, committed 2368K, reserved 1048576K
}
Event: 14.023 GC heap after
{Heap after GC invocations=4 (full 0):
 PSYoungGen      total 29696K, used 4073K [0x00000000eab00000, 0x00000000ecc00000, 0x0000000100000000)
  eden space 25600K, 0% used [0x00000000eab00000,0x00000000eab00000,0x00000000ec400000)
  from space 4096K, 99% used [0x00000000ec800000,0x00000000ecbfa658,0x00000000ecc00000)
  to   space 4096K, 0% used [0x00000000ec400000,0x00000000ec400000,0x00000000ec800000)
 ParOldGen       total 68608K, used 7661K [0x00000000c0000000, 0x00000000c4300000, 0x00000000eab00000)
  object space 68608K, 11% used [0x00000000c0000000,0x00000000c077b670,0x00000000c4300000)
 Metaspace       used 21075K, committed 21504K, reserved 1114112K
  class space    used 2161K, committed 2368K, reserved 1048576K
}
Event: 14.023 GC heap before
{Heap before GC invocations=5 (full 1):
 PSYoungGen      total 29696K, used 4073K [0x00000000eab00000, 0x00000000ecc00000, 0x0000000100000000)
  eden space 25600K, 0% used [0x00000000eab00000,0x00000000eab00000,0x00000000ec400000)
  from space 4096K, 99% used [0x00000000ec800000,0x00000000ecbfa658,0x00000000ecc00000)
  to   space 4096K, 0% used [0x00000000ec400000,0x00000000ec400000,0x00000000ec800000)
 ParOldGen       total 68608K, used 7661K [0x00000000c0000000, 0x00000000c4300000, 0x00000000eab00000)
  object space 68608K, 11% used [0x00000000c0000000,0x00000000c077b670,0x00000000c4300000)
 Metaspace       used 21075K, committed 21504K, reserved 1114112K
  class space    used 2161K, committed 2368K, reserved 1048576K
}
Event: 14.071 GC heap after
{Heap after GC invocations=5 (full 1):
 PSYoungGen      total 29696K, used 0K [0x00000000eab00000, 0x00000000ecc00000, 0x0000000100000000)
  eden space 25600K, 0% used [0x00000000eab00000,0x00000000eab00000,0x00000000ec400000)
  from space 4096K, 0% used [0x00000000ec800000,0x00000000ec800000,0x00000000ecc00000)
  to   space 4096K, 0% used [0x00000000ec400000,0x00000000ec400000,0x00000000ec800000)
 ParOldGen       total 68608K, used 11495K [0x00000000c0000000, 0x00000000c4300000, 0x00000000eab00000)
  object space 68608K, 16% used [0x00000000c0000000,0x00000000c0b39dc0,0x00000000c4300000)
 Metaspace       used 21062K, committed 21504K, reserved 1114112K
  class space    used 2157K, committed 2368K, reserved 1048576K
}
Event: 14.595 GC heap before
{Heap before GC invocations=6 (full 1):
 PSYoungGen      total 29696K, used 25600K [0x00000000eab00000, 0x00000000ecc00000, 0x0000000100000000)
  eden space 25600K, 100% used [0x00000000eab00000,0x00000000ec400000,0x00000000ec400000)
  from space 4096K, 0% used [0x00000000ec800000,0x00000000ec800000,0x00000000ecc00000)
  to   space 4096K, 0% used [0x00000000ec400000,0x00000000ec400000,0x00000000ec800000)
 ParOldGen       total 68608K, used 11495K [0x00000000c0000000, 0x00000000c4300000, 0x00000000eab00000)
  object space 68608K, 16% used [0x00000000c0000000,0x00000000c0b39dc0,0x00000000c4300000)
 Metaspace       used 24110K, committed 24576K, reserved 1114112K
  class space    used 2365K, committed 2560K, reserved 1048576K
}
Event: 14.597 GC heap after
{Heap after GC invocations=6 (full 1):
 PSYoungGen      total 26112K, used 739K [0x00000000eab00000, 0x00000000ecb80000, 0x0000000100000000)
  eden space 25088K, 0% used [0x00000000eab00000,0x00000000eab00000,0x00000000ec380000)
  from space 1024K, 72% used [0x00000000ec400000,0x00000000ec4b8d10,0x00000000ec500000)
  to   space 4096K, 0% used [0x00000000ec780000,0x00000000ec780000,0x00000000ecb80000)
 ParOldGen       total 68608K, used 11495K [0x00000000c0000000, 0x00000000c4300000, 0x00000000eab00000)
  object space 68608K, 16% used [0x00000000c0000000,0x00000000c0b39dc0,0x00000000c4300000)
 Metaspace       used 24110K, committed 24576K, reserved 1114112K
  class space    used 2365K, committed 2560K, reserved 1048576K
}

Dll operation events (9 events):
Event: 0.070 Loaded shared library c:\Users\sc\.vscode\extensions\redhat.java-1.26.0-win32-x64\jre\17.0.9-win32-x86_64\bin\java.dll
Event: 0.389 Loaded shared library c:\Users\sc\.vscode\extensions\redhat.java-1.26.0-win32-x64\jre\17.0.9-win32-x86_64\bin\zip.dll
Event: 0.395 Loaded shared library C:\Users\sc\.vscode\extensions\redhat.java-1.26.0-win32-x64\jre\17.0.9-win32-x86_64\bin\instrument.dll
Event: 0.441 Loaded shared library C:\Users\sc\.vscode\extensions\redhat.java-1.26.0-win32-x64\jre\17.0.9-win32-x86_64\bin\net.dll
Event: 0.447 Loaded shared library C:\Users\sc\.vscode\extensions\redhat.java-1.26.0-win32-x64\jre\17.0.9-win32-x86_64\bin\nio.dll
Event: 0.494 Loaded shared library C:\Users\sc\.vscode\extensions\redhat.java-1.26.0-win32-x64\jre\17.0.9-win32-x86_64\bin\zip.dll
Event: 0.551 Loaded shared library C:\Users\sc\.vscode\extensions\redhat.java-1.26.0-win32-x64\jre\17.0.9-win32-x86_64\bin\jimage.dll
Event: 0.718 Loaded shared library c:\Users\sc\.vscode\extensions\redhat.java-1.26.0-win32-x64\jre\17.0.9-win32-x86_64\bin\verify.dll
Event: 11.575 Loaded shared library C:\Users\sc\AppData\Roaming\Code\User\globalStorage\redhat.java\1.26.0\config_ss_win\org.eclipse.equinox.launcher\org.eclipse.equinox.launcher.win32.win32.x86_64_1.2.800.v20231003-1442\eclipse_11802.dll

Deoptimization events (20 events):
Event: 13.698 Thread 0x000002c75dcbaa50 Uncommon trap: trap_request=0xffffff45 fr.pc=0x000002c74da8187c relative=0x00000000000000dc
Event: 13.698 Thread 0x000002c75dcbaa50 Uncommon trap: reason=unstable_if action=reinterpret pc=0x000002c74da8187c method=org.eclipse.core.runtime.Path.equals(Ljava/lang/Object;)Z @ 58 c2
Event: 13.698 Thread 0x000002c75dcbaa50 DEOPT PACKING pc=0x000002c74da8187c sp=0x000000cd6d2f96f0
Event: 13.698 Thread 0x000002c75dcbaa50 DEOPT UNPACKING pc=0x000002c74d4566a3 sp=0x000000cd6d2f9678 mode 2
Event: 13.700 Thread 0x000002c75dcbaa50 Uncommon trap: trap_request=0xffffff45 fr.pc=0x000002c74da301c0 relative=0x0000000000000040
Event: 13.700 Thread 0x000002c75dcbaa50 Uncommon trap: reason=unstable_if action=reinterpret pc=0x000002c74da301c0 method=sun.nio.fs.WindowsPathParser.isSlash(C)Z @ 9 c2
Event: 13.700 Thread 0x000002c75dcbaa50 DEOPT PACKING pc=0x000002c74da301c0 sp=0x000000cd6d2f9240
Event: 13.700 Thread 0x000002c75dcbaa50 DEOPT UNPACKING pc=0x000002c74d4566a3 sp=0x000000cd6d2f91c8 mode 2
Event: 13.765 Thread 0x000002c75dcbaa50 Uncommon trap: trap_request=0xffffff45 fr.pc=0x000002c74da74640 relative=0x00000000000006e0
Event: 13.765 Thread 0x000002c75dcbaa50 Uncommon trap: reason=unstable_if action=reinterpret pc=0x000002c74da74640 method=java.io.BufferedInputStream.read([BII)I @ 56 c2
Event: 13.765 Thread 0x000002c75dcbaa50 DEOPT PACKING pc=0x000002c74da74640 sp=0x000000cd6d2f9160
Event: 13.765 Thread 0x000002c75dcbaa50 DEOPT UNPACKING pc=0x000002c74d4566a3 sp=0x000000cd6d2f9138 mode 2
Event: 13.828 Thread 0x000002c75dcbaa50 Uncommon trap: trap_request=0xffffff45 fr.pc=0x000002c74da81d98 relative=0x0000000000000178
Event: 13.828 Thread 0x000002c75dcbaa50 Uncommon trap: reason=unstable_if action=reinterpret pc=0x000002c74da81d98 method=java.io.BufferedInputStream.read1([BII)I @ 22 c2
Event: 13.828 Thread 0x000002c75dcbaa50 DEOPT PACKING pc=0x000002c74da81d98 sp=0x000000cd6d2f90f0
Event: 13.828 Thread 0x000002c75dcbaa50 DEOPT UNPACKING pc=0x000002c74d4566a3 sp=0x000000cd6d2f90a8 mode 2
Event: 13.859 Thread 0x000002c75dcbaa50 Uncommon trap: trap_request=0xffffffcc fr.pc=0x000002c74da82774 relative=0x0000000000000254
Event: 13.859 Thread 0x000002c75dcbaa50 Uncommon trap: reason=intrinsic_or_type_checked_inlining action=make_not_entrant pc=0x000002c74da82774 method=java.util.Arrays.copyOf([Ljava/lang/Object;ILjava/lang/Class;)[Ljava/lang/Object; @ 35 c2
Event: 13.859 Thread 0x000002c75dcbaa50 DEOPT PACKING pc=0x000002c74da82774 sp=0x000000cd6d2f9430
Event: 13.859 Thread 0x000002c75dcbaa50 DEOPT UNPACKING pc=0x000002c74d4566a3 sp=0x000000cd6d2f93c0 mode 2

Classes unloaded (7 events):
Event: 14.033 Thread 0x000002c75c350c20 Unloading class 0x000000010021b400 'java/lang/invoke/LambdaForm$MH+0x000000010021b400'
Event: 14.033 Thread 0x000002c75c350c20 Unloading class 0x000000010021b000 'java/lang/invoke/LambdaForm$MH+0x000000010021b000'
Event: 14.033 Thread 0x000002c75c350c20 Unloading class 0x000000010021ac00 'java/lang/invoke/LambdaForm$MH+0x000000010021ac00'
Event: 14.033 Thread 0x000002c75c350c20 Unloading class 0x000000010021a800 'java/lang/invoke/LambdaForm$MH+0x000000010021a800'
Event: 14.033 Thread 0x000002c75c350c20 Unloading class 0x000000010021a400 'java/lang/invoke/LambdaForm$BMH+0x000000010021a400'
Event: 14.033 Thread 0x000002c75c350c20 Unloading class 0x000000010021a000 'java/lang/invoke/LambdaForm$DMH+0x000000010021a000'
Event: 14.033 Thread 0x000002c75c350c20 Unloading class 0x0000000100214400 'java/lang/invoke/LambdaForm$DMH+0x0000000100214400'

Classes redefined (0 events):
No events

Internal exceptions (20 events):
Event: 12.935 Thread 0x000002c75dcbaa50 Exception <a 'java/lang/NoSuchMethodError'{0x00000000ebe01948}: 'int java.lang.invoke.DirectMethodHandle$Holder.invokeSpecial(java.lang.Object, java.lang.Object, java.lang.Object)'> (0x00000000ebe01948) 
thrown [s\src\hotspot\share\interpreter\linkResolver.cpp, line 759]
Event: 12.941 Thread 0x000002c75dcbaa50 Exception <a 'java/lang/NoSuchMethodError'{0x00000000ebe13280}: 'int java.lang.invoke.DirectMethodHandle$Holder.invokeStatic(java.lang.Object, java.lang.Object, int)'> (0x00000000ebe13280) 
thrown [s\src\hotspot\share\interpreter\linkResolver.cpp, line 759]
Event: 12.943 Thread 0x000002c75dcbaa50 Exception <a 'java/lang/NoSuchMethodError'{0x00000000ebe172a8}: 'int java.lang.invoke.DirectMethodHandle$Holder.invokeSpecial(java.lang.Object, java.lang.Object, java.lang.Object, int)'> (0x00000000ebe172a8) 
thrown [s\src\hotspot\share\interpreter\linkResolver.cpp, line 759]
Event: 12.945 Thread 0x000002c75dcbaa50 Exception <a 'java/lang/NoSuchMethodError'{0x00000000ebe33048}: 'java.lang.Object java.lang.invoke.DirectMethodHandle$Holder.invokeStatic(java.lang.Object, java.lang.Object, java.lang.Object, java.lang.Object, int)'> (0x00000000ebe33048) 
thrown [s\src\hotspot\share\interpreter\linkResolver.cpp, line 759]
Event: 12.947 Thread 0x000002c75dcbaa50 Exception <a 'java/lang/NoSuchMethodError'{0x00000000ebe3f2a8}: 'java.lang.Object java.lang.invoke.DelegatingMethodHandle$Holder.reinvoke_L(java.lang.Object, java.lang.Object, java.lang.Object, java.lang.Object, int, int)'> (0x00000000ebe3f2a8) 
thrown [s\src\hotspot\share\interpreter\linkResolver.cpp, line 759]
Event: 12.950 Thread 0x000002c75dcbaa50 Exception <a 'java/lang/NoSuchMethodError'{0x00000000ebe53ba0}: 'java.lang.Object java.lang.invoke.Invokers$Holder.invokeExact_MT(java.lang.Object, java.lang.Object, java.lang.Object, java.lang.Object)'> (0x00000000ebe53ba0) 
thrown [s\src\hotspot\share\interpreter\linkResolver.cpp, line 759]
Event: 13.105 Thread 0x000002c75dcbaa50 Exception <a 'java/io/FileNotFoundException'{0x00000000ec0d0770}> (0x00000000ec0d0770) 
thrown [s\src\hotspot\share\prims\jni.cpp, line 516]
Event: 13.397 Thread 0x000002c75dcbaa50 Exception <a 'java/lang/NoSuchMethodError'{0x00000000eb1e3da8}: 'java.lang.Object java.lang.invoke.DirectMethodHandle$Holder.newInvokeSpecial(java.lang.Object, java.lang.Object, java.lang.Object, java.lang.Object, java.lang.Object)'> (0x00000000eb1e3da8) 
thrown [s\src\hotspot\share\interpreter\linkResolver.cpp, line 759]
Event: 13.877 Thread 0x000002c75dcbaa50 Exception <a 'java/lang/NoSuchMethodError'{0x00000000eb5664e0}: 'java.lang.Object java.lang.invoke.DirectMethodHandle$Holder.invokeSpecial(java.lang.Object, java.lang.Object, java.lang.Object, long, java.lang.Object)'> (0x00000000eb5664e0) 
thrown [s\src\hotspot\share\interpreter\linkResolver.cpp, line 759]
Event: 13.881 Thread 0x000002c75dcbaa50 Exception <a 'java/lang/NoSuchMethodError'{0x00000000eb56e698}: 'java.lang.Object java.lang.invoke.DirectMethodHandle$Holder.newInvokeSpecial(java.lang.Object, java.lang.Object, java.lang.Object, long)'> (0x00000000eb56e698) 
thrown [s\src\hotspot\share\interpreter\linkResolver.cpp, line 759]
Event: 13.881 Thread 0x000002c75dcbaa50 Exception <a 'java/lang/NoSuchMethodError'{0x00000000eb572c38}: 'java.lang.Object java.lang.invoke.DirectMethodHandle$Holder.invokeSpecial(java.lang.Object, java.lang.Object, java.lang.Object, java.lang.Object, long)'> (0x00000000eb572c38) 
thrown [s\src\hotspot\share\interpreter\linkResolver.cpp, line 759]
Event: 13.882 Thread 0x000002c75dcbaa50 Exception <a 'java/lang/NoSuchMethodError'{0x00000000eb576ab0}: 'java.lang.Object java.lang.invoke.Invokers$Holder.linkToTargetMethod(java.lang.Object, java.lang.Object, long, java.lang.Object)'> (0x00000000eb576ab0) 
thrown [s\src\hotspot\share\interpreter\linkResolver.cpp, line 759]
Event: 13.903 Thread 0x000002c75dcbaa50 Exception <a 'java/lang/NoSuchMethodError'{0x00000000eb5d3478}: 'int java.lang.invoke.DirectMethodHandle$Holder.invokeStaticInit(java.lang.Object, java.lang.Object, java.lang.Object)'> (0x00000000eb5d3478) 
thrown [s\src\hotspot\share\interpreter\linkResolver.cpp, line 759]
Event: 13.921 Thread 0x000002c75dcbaa50 Exception <a 'java/lang/IncompatibleClassChangeError'{0x00000000eb65c350}: Found class java.lang.Object, but interface was expected> (0x00000000eb65c350) 
thrown [s\src\hotspot\share\interpreter\linkResolver.cpp, line 826]
Event: 13.935 Thread 0x000002c75dcbaa50 Exception <a 'java/lang/NoSuchMethodError'{0x00000000eb66e330}: 'java.lang.Object java.lang.invoke.DirectMethodHandle$Holder.invokeSpecial(java.lang.Object, java.lang.Object, java.lang.Object, int, java.lang.Object, java.lang.Object)'> (0x00000000eb66e330) 
thrown [s\src\hotspot\share\interpreter\linkResolver.cpp, line 759]
Event: 13.942 Thread 0x000002c75dcbaa50 Exception <a 'java/lang/NoSuchMethodError'{0x00000000eb676ab8}: 'java.lang.Object java.lang.invoke.DirectMethodHandle$Holder.newInvokeSpecial(java.lang.Object, java.lang.Object, java.lang.Object, int, java.lang.Object)'> (0x00000000eb676ab8) 
thrown [s\src\hotspot\share\interpreter\linkResolver.cpp, line 759]
Event: 13.945 Thread 0x000002c75dcbaa50 Exception <a 'java/lang/NoSuchMethodError'{0x00000000eb67af10}: 'java.lang.Object java.lang.invoke.DirectMethodHandle$Holder.invokeSpecial(java.lang.Object, java.lang.Object, java.lang.Object, java.lang.Object, int, java.lang.Object)'> (0x00000000eb67af10) 
thrown [s\src\hotspot\share\interpreter\linkResolver.cpp, line 759]
Event: 13.947 Thread 0x000002c75d428970 Exception <a 'java/lang/NoSuchMethodError'{0x00000000eb5e19b8}: 'java.lang.Object java.lang.invoke.DirectMethodHandle$Holder.invokeSpecial(java.lang.Object, java.lang.Object, int, java.lang.Object, java.lang.Object)'> (0x00000000eb5e19b8) 
thrown [s\src\hotspot\share\interpreter\linkResolver.cpp, line 759]
Event: 13.949 Thread 0x000002c75d428970 Exception <a 'java/lang/NoSuchMethodError'{0x00000000eb5e9088}: 'java.lang.Object java.lang.invoke.DirectMethodHandle$Holder.newInvokeSpecial(java.lang.Object, java.lang.Object, int, java.lang.Object)'> (0x00000000eb5e9088) 
thrown [s\src\hotspot\share\interpreter\linkResolver.cpp, line 759]
Event: 13.951 Thread 0x000002c75d428970 Exception <a 'java/lang/NoSuchMethodError'{0x00000000eb5ecb98}: 'java.lang.Object java.lang.invoke.DirectMethodHandle$Holder.invokeSpecial(java.lang.Object, java.lang.Object, java.lang.Object, int, java.lang.Object)'> (0x00000000eb5ecb98) 
thrown [s\src\hotspot\share\interpreter\linkResolver.cpp, line 759]

VM Operations (20 events):
Event: 11.727 Executing VM operation: HandshakeAllThreads
Event: 11.727 Executing VM operation: HandshakeAllThreads done
Event: 11.727 Executing VM operation: Cleanup
Event: 11.728 Executing VM operation: Cleanup done
Event: 11.891 Executing VM operation: ParallelGCFailedAllocation
Event: 11.899 Executing VM operation: ParallelGCFailedAllocation done
Event: 12.691 Executing VM operation: HandshakeAllThreads
Event: 12.691 Executing VM operation: HandshakeAllThreads done
Event: 12.931 Executing VM operation: HandshakeAllThreads
Event: 12.931 Executing VM operation: HandshakeAllThreads done
Event: 12.931 Executing VM operation: Cleanup
Event: 12.931 Executing VM operation: Cleanup done
Event: 13.282 Executing VM operation: ParallelGCFailedAllocation
Event: 13.289 Executing VM operation: ParallelGCFailedAllocation done
Event: 13.991 Executing VM operation: HandshakeAllThreads
Event: 13.991 Executing VM operation: HandshakeAllThreads done
Event: 14.012 Executing VM operation: CollectForMetadataAllocation
Event: 14.072 Executing VM operation: CollectForMetadataAllocation done
Event: 14.595 Executing VM operation: ParallelGCFailedAllocation
Event: 14.597 Executing VM operation: ParallelGCFailedAllocation done

Events (20 events):
Event: 14.237 loading class java/io/StringReader
Event: 14.237 loading class java/io/StringReader done
Event: 14.241 loading class java/util/zip/GZIPInputStream
Event: 14.242 loading class java/util/zip/GZIPInputStream done
Event: 14.246 loading class java/net/SocketTimeoutException
Event: 14.247 loading class java/io/InterruptedIOException
Event: 14.247 loading class java/io/InterruptedIOException done
Event: 14.247 loading class java/net/SocketTimeoutException done
Event: 14.247 loading class java/net/SocketException
Event: 14.247 loading class java/net/SocketException done
Event: 14.247 loading class java/net/UnknownHostException
Event: 14.247 loading class java/net/UnknownHostException done
Event: 14.247 loading class java/net/ProtocolException
Event: 14.247 loading class java/net/ProtocolException done
Event: 14.277 loading class java/lang/ThreadLocal$SuppliedThreadLocal
Event: 14.277 loading class java/lang/ThreadLocal$SuppliedThreadLocal done
Event: 14.300 loading class java/lang/NegativeArraySizeException
Event: 14.300 loading class java/lang/NegativeArraySizeException done
Event: 14.300 loading class java/io/FileWriter
Event: 14.301 loading class java/io/FileWriter done


Dynamic libraries:
0x00007ff7b1850000 - 0x00007ff7b185e000 	c:\Users\sc\.vscode\extensions\redhat.java-1.26.0-win32-x64\jre\17.0.9-win32-x86_64\bin\java.exe
0x00007ffb02ad0000 - 0x00007ffb02ce7000 	C:\WINDOWS\SYSTEM32\ntdll.dll
0x00007ffb017b0000 - 0x00007ffb01874000 	C:\WINDOWS\System32\KERNEL32.DLL
0x00007ffb000f0000 - 0x00007ffb00496000 	C:\WINDOWS\System32\KERNELBASE.dll
0x00007ffb005e0000 - 0x00007ffb006f1000 	C:\WINDOWS\System32\ucrtbase.dll
0x00007ffae3080000 - 0x00007ffae3097000 	c:\Users\sc\.vscode\extensions\redhat.java-1.26.0-win32-x64\jre\17.0.9-win32-x86_64\bin\jli.dll
0x00007ffb02430000 - 0x00007ffb025de000 	C:\WINDOWS\System32\USER32.dll
0x00007ffb00000000 - 0x00007ffb00026000 	C:\WINDOWS\System32\win32u.dll
0x00007ffae30a0000 - 0x00007ffae30bb000 	c:\Users\sc\.vscode\extensions\redhat.java-1.26.0-win32-x64\jre\17.0.9-win32-x86_64\bin\VCRUNTIME140.dll
0x00007ffb01780000 - 0x00007ffb017a9000 	C:\WINDOWS\System32\GDI32.dll
0x00007ffb00700000 - 0x00007ffb00818000 	C:\WINDOWS\System32\gdi32full.dll
0x00007ffb00540000 - 0x00007ffb005da000 	C:\WINDOWS\System32\msvcp_win.dll
0x00007ffae7680000 - 0x00007ffae7913000 	C:\WINDOWS\WinSxS\amd64_microsoft.windows.common-controls_6595b64144ccf1df_6.0.22621.2506_none_270c5ae97388e100\COMCTL32.dll
0x00007ffb01320000 - 0x00007ffb013c7000 	C:\WINDOWS\System32\msvcrt.dll
0x00007ffb01880000 - 0x00007ffb018b1000 	C:\WINDOWS\System32\IMM32.DLL
0x00007ffae8590000 - 0x00007ffae859c000 	c:\Users\sc\.vscode\extensions\redhat.java-1.26.0-win32-x64\jre\17.0.9-win32-x86_64\bin\vcruntime140_1.dll
0x00007ffad6df0000 - 0x00007ffad6e7d000 	c:\Users\sc\.vscode\extensions\redhat.java-1.26.0-win32-x64\jre\17.0.9-win32-x86_64\bin\msvcp140.dll
0x00007ffa90410000 - 0x00007ffa91071000 	c:\Users\sc\.vscode\extensions\redhat.java-1.26.0-win32-x64\jre\17.0.9-win32-x86_64\bin\server\jvm.dll
0x00007ffb01260000 - 0x00007ffb01313000 	C:\WINDOWS\System32\ADVAPI32.dll
0x00007ffb00820000 - 0x00007ffb008c8000 	C:\WINDOWS\System32\sechost.dll
0x00007ffb00510000 - 0x00007ffb00538000 	C:\WINDOWS\System32\bcrypt.dll
0x00007ffb013d0000 - 0x00007ffb014e7000 	C:\WINDOWS\System32\RPCRT4.dll
0x00007ffaea7a0000 - 0x00007ffaea7a9000 	C:\WINDOWS\SYSTEM32\WSOCK32.dll
0x00007ffafec90000 - 0x00007ffafecdd000 	C:\WINDOWS\SYSTEM32\POWRPROF.dll
0x00007ffb023b0000 - 0x00007ffb02421000 	C:\WINDOWS\System32\WS2_32.dll
0x00007ffafad50000 - 0x00007ffafad84000 	C:\WINDOWS\SYSTEM32\WINMM.dll
0x00007ffaf9df0000 - 0x00007ffaf9dfa000 	C:\WINDOWS\SYSTEM32\VERSION.dll
0x00007ffafec70000 - 0x00007ffafec83000 	C:\WINDOWS\SYSTEM32\UMPDC.dll
0x00007ffafeed0000 - 0x00007ffafeee8000 	C:\WINDOWS\SYSTEM32\kernel.appcore.dll
0x00007ffae6a20000 - 0x00007ffae6a2a000 	c:\Users\sc\.vscode\extensions\redhat.java-1.26.0-win32-x64\jre\17.0.9-win32-x86_64\bin\jimage.dll
0x00007ffafaf70000 - 0x00007ffafb1a3000 	C:\WINDOWS\SYSTEM32\DBGHELP.DLL
0x00007ffb00e70000 - 0x00007ffb011f9000 	C:\WINDOWS\System32\combase.dll
0x00007ffb026e0000 - 0x00007ffb027b7000 	C:\WINDOWS\System32\OLEAUT32.dll
0x00007ffafaf00000 - 0x00007ffafaf32000 	C:\WINDOWS\SYSTEM32\dbgcore.DLL
0x00007ffaffe10000 - 0x00007ffaffe8a000 	C:\WINDOWS\System32\bcryptPrimitives.dll
0x00007ffae5c70000 - 0x00007ffae5c7e000 	c:\Users\sc\.vscode\extensions\redhat.java-1.26.0-win32-x64\jre\17.0.9-win32-x86_64\bin\instrument.dll
0x00007ffae2f20000 - 0x00007ffae2f45000 	c:\Users\sc\.vscode\extensions\redhat.java-1.26.0-win32-x64\jre\17.0.9-win32-x86_64\bin\java.dll
0x00007ffae3060000 - 0x00007ffae3078000 	c:\Users\sc\.vscode\extensions\redhat.java-1.26.0-win32-x64\jre\17.0.9-win32-x86_64\bin\zip.dll
0x00007ffb018c0000 - 0x00007ffb0211a000 	C:\WINDOWS\System32\SHELL32.dll
0x00007ffafdd70000 - 0x00007ffafe666000 	C:\WINDOWS\SYSTEM32\windows.storage.dll
0x00007ffafdc30000 - 0x00007ffafdd6e000 	C:\WINDOWS\SYSTEM32\wintypes.dll
0x00007ffb025e0000 - 0x00007ffb026d3000 	C:\WINDOWS\System32\SHCORE.dll
0x00007ffb027c0000 - 0x00007ffb0281e000 	C:\WINDOWS\System32\shlwapi.dll
0x00007ffaffd40000 - 0x00007ffaffd66000 	C:\WINDOWS\SYSTEM32\profapi.dll
0x00007ffae2f00000 - 0x00007ffae2f19000 	C:\Users\sc\.vscode\extensions\redhat.java-1.26.0-win32-x64\jre\17.0.9-win32-x86_64\bin\net.dll
0x00007ffafa950000 - 0x00007ffafaa87000 	C:\WINDOWS\SYSTEM32\WINHTTP.dll
0x00007ffaff3b0000 - 0x00007ffaff419000 	C:\WINDOWS\system32\mswsock.dll
0x00007ffae2bc0000 - 0x00007ffae2bd6000 	C:\Users\sc\.vscode\extensions\redhat.java-1.26.0-win32-x64\jre\17.0.9-win32-x86_64\bin\nio.dll
0x00007ffae5580000 - 0x00007ffae5590000 	c:\Users\sc\.vscode\extensions\redhat.java-1.26.0-win32-x64\jre\17.0.9-win32-x86_64\bin\verify.dll
0x00007ffaea830000 - 0x00007ffaea86e000 	C:\Users\sc\AppData\Roaming\Code\User\globalStorage\redhat.java\1.26.0\config_ss_win\org.eclipse.equinox.launcher\org.eclipse.equinox.launcher.win32.win32.x86_64_1.2.800.v20231003-1442\eclipse_11802.dll
0x00007ffb02180000 - 0x00007ffb02320000 	C:\WINDOWS\System32\ole32.dll

dbghelp: loaded successfully - version: 4.0.5 - missing functions: none
symbol engine: initialized successfully - sym options: 0x614 - pdb path: .;c:\Users\sc\.vscode\extensions\redhat.java-1.26.0-win32-x64\jre\17.0.9-win32-x86_64\bin;C:\WINDOWS\SYSTEM32;C:\WINDOWS\WinSxS\amd64_microsoft.windows.common-controls_6595b64144ccf1df_6.0.22621.2506_none_270c5ae97388e100;c:\Users\sc\.vscode\extensions\redhat.java-1.26.0-win32-x64\jre\17.0.9-win32-x86_64\bin\server;C:\Users\sc\AppData\Roaming\Code\User\globalStorage\redhat.java\1.26.0\config_ss_win\org.eclipse.equinox.launcher\org.eclipse.equinox.launcher.win32.win32.x86_64_1.2.800.v20231003-1442

VM Arguments:
jvm_args: --add-modules=ALL-SYSTEM --add-opens=java.base/java.util=ALL-UNNAMED --add-opens=java.base/java.lang=ALL-UNNAMED --add-opens=java.base/sun.nio.fs=ALL-UNNAMED -Declipse.application=org.eclipse.jdt.ls.core.id1 -Dosgi.bundles.defaultStartLevel=4 -Declipse.product=org.eclipse.jdt.ls.core.product -Djava.import.generatesMetadataFilesAtProjectRoot=false -DDetectVMInstallationsJob.disabled=true -Dfile.encoding=utf8 -XX:+UseParallelGC -XX:GCTimeRatio=4 -XX:AdaptiveSizePolicyWeight=90 -Dsun.zip.disableMemoryMapping=true -Xmx1G -Xms100m -Xlog:disable -javaagent:c:\Users\sc\.vscode\extensions\redhat.java-1.26.0-win32-x64\lombok\lombok-1.18.31-3454.jar 
java_command: c:\Users\sc\.vscode\extensions\redhat.java-1.26.0-win32-x64\server\plugins\org.eclipse.equinox.launcher_1.6.700.v20231214-2017.jar -configuration c:\Users\sc\AppData\Roaming\Code\User\globalStorage\redhat.java\1.26.0\config_ss_win -data c:\Users\sc\AppData\Roaming\Code\User\workspaceStorage\e64e4fc66b7715e35e024650ed857f81\redhat.java\ss_ws --stdio
java_class_path (initial): c:\Users\sc\.vscode\extensions\redhat.java-1.26.0-win32-x64\server\plugins\org.eclipse.equinox.launcher_1.6.700.v20231214-2017.jar
Launcher Type: SUN_STANDARD

[Global flags]
    uintx AdaptiveSizePolicyWeight                 = 90                                        {product} {command line}
     intx CICompilerCount                          = 4                                         {product} {ergonomic}
    uintx GCTimeRatio                              = 4                                         {product} {command line}
   size_t InitialHeapSize                          = 104857600                                 {product} {command line}
   size_t MaxHeapSize                              = 1073741824                                {product} {command line}
   size_t MaxNewSize                               = 357564416                                 {product} {ergonomic}
   size_t MinHeapDeltaBytes                        = 524288                                    {product} {ergonomic}
   size_t MinHeapSize                              = 104857600                                 {product} {command line}
   size_t NewSize                                  = 34603008                                  {product} {ergonomic}
    uintx NonNMethodCodeHeapSize                   = 5839372                                {pd product} {ergonomic}
    uintx NonProfiledCodeHeapSize                  = 122909434                              {pd product} {ergonomic}
   size_t OldSize                                  = 70254592                                  {product} {ergonomic}
    uintx ProfiledCodeHeapSize                     = 122909434                              {pd product} {ergonomic}
    uintx ReservedCodeCacheSize                    = 251658240                              {pd product} {ergonomic}
     bool SegmentedCodeCache                       = true                                      {product} {ergonomic}
   size_t SoftMaxHeapSize                          = 1073741824                             {manageable} {ergonomic}
     bool UseCompressedClassPointers               = true                           {product lp64_product} {ergonomic}
     bool UseCompressedOops                        = true                           {product lp64_product} {ergonomic}
     bool UseLargePagesIndividualAllocation        = false                                  {pd product} {ergonomic}
     bool UseParallelGC                            = true                                      {product} {command line}

Logging:
Log output configuration:
 #0: stdout all=off uptime,level,tags
 #1: stderr all=off uptime,level,tags

Environment Variables:
PATH=C:\Program Files\Common Files\Oracle\Java\javapath;C:\WINDOWS\system32;C:\WINDOWS;C:\WINDOWS\System32\Wbem;C:\WINDOWS\System32\WindowsPowerShell\v1.0\;C:\WINDOWS\System32\OpenSSH\;C:\Program Files\Git\cmd;C:\ProgramData\chocolatey\bin;C:\Program Files\nodejs\;C:\Users\sc\AppData\Local\Microsoft\WindowsApps;C:\Users\sc\AppData\Local\Programs\Microsoft VS Code\bin;C:\Users\sc\AppData\Local\GitHubDesktop\bin;C:\Program Files\Java\jdk-11\bin;C:\Users\sc\AppData\Roaming\npm
USERNAME=sc
OS=Windows_NT
PROCESSOR_IDENTIFIER=Intel64 Family 6 Model 142 Stepping 12, GenuineIntel
TMP=C:\Users\sc\AppData\Local\Temp
TEMP=C:\Users\sc\AppData\Local\Temp



Periodic native trim disabled


---------------  S Y S T E M  ---------------

OS:
 Windows 11 , 64 bit Build 22621 (10.0.22621.2506)
OS uptime: 2 days 17:52 hours

CPU: total 8 (initial active 8) (4 cores per cpu, 2 threads per core) family 6 model 142 stepping 12 microcode 0xf0, cx8, cmov, fxsr, ht, mmx, 3dnowpref, sse, sse2, sse3, ssse3, sse4.1, sse4.2, popcnt, lzcnt, tsc, tscinvbit, avx, avx2, aes, erms, clmul, bmi1, bmi2, adx, fma, vzeroupper, clflush, clflushopt
Processor Information for all 8 processors :
  Max Mhz: 1896, Current Mhz: 1596, Mhz Limit: 1592

Memory: 4k page, system-wide physical 7998M (236M free)
TotalPageFile size 15998M (AvailPageFile size 0M)
current process WorkingSet (physical memory assigned to process): 123M, peak: 123M
current process commit charge ("private bytes"): 226M, peak: 226M

vm_info: OpenJDK 64-Bit Server VM (17.0.9+9) for windows-amd64 JRE (17.0.9+9), built on Oct 26 2023 14:01:42 by "admin" with MS VC++ 16.10 / 16.11 (VS2019)

END.
