#
# There is insufficient memory for the Java Runtime Environment to continue.
# Native memory allocation (malloc) failed to allocate 65136 bytes for Chunk::new
# Possible reasons:
#   The system is out of physical RAM or swap space
#   The process is running with CompressedOops enabled, and the Java Heap may be blocking the growth of the native heap
# Possible solutions:
#   Reduce memory load on the system
#   Increase physical memory or swap space
#   Check if swap backing store is full
#   Decrease Java heap size (-Xmx/-Xms)
#   Decrease number of Java threads
#   Decrease Java thread stack sizes (-Xss)
#   Set larger code cache with -XX:ReservedCodeCacheSize=
#   JVM is running with Unscaled Compressed Oops mode in which the Java heap is
#     placed in the first 4GB address space. The Java Heap base address is the
#     maximum limit for the native heap growth. Please use -XX:HeapBaseMinAddress
#     to set the Java Heap base and to place the Java Heap above 4GB virtual address.
# This output file may be truncated or incomplete.
#
#  Out of Memory Error (arena.cpp:191), pid=9596, tid=3756
#
# JRE version: OpenJDK Runtime Environment Temurin-17.0.9+9 (17.0.9+9) (build 17.0.9+9)
# Java VM: OpenJDK 64-Bit Server VM Temurin-17.0.9+9 (17.0.9+9, mixed mode, tiered, compressed oops, compressed class ptrs, parallel gc, windows-amd64)
# No core dump will be written. Minidumps are not enabled by default on client versions of Windows
#

---------------  S U M M A R Y ------------

Command Line: --add-modules=ALL-SYSTEM --add-opens=java.base/java.util=ALL-UNNAMED --add-opens=java.base/java.lang=ALL-UNNAMED --add-opens=java.base/sun.nio.fs=ALL-UNNAMED -Declipse.application=org.eclipse.jdt.ls.core.id1 -Dosgi.bundles.defaultStartLevel=4 -Declipse.product=org.eclipse.jdt.ls.core.product -Djava.import.generatesMetadataFilesAtProjectRoot=false -DDetectVMInstallationsJob.disabled=true -Dfile.encoding=utf8 -XX:+UseParallelGC -XX:GCTimeRatio=4 -XX:AdaptiveSizePolicyWeight=90 -Dsun.zip.disableMemoryMapping=true -Xmx1G -Xms100m -Xlog:disable -javaagent:c:\Users\sc\.vscode\extensions\redhat.java-1.25.1-win32-x64\lombok\lombok-1.18.30.jar c:\Users\sc\.vscode\extensions\redhat.java-1.25.1-win32-x64\server\plugins\org.eclipse.equinox.launcher_1.6.600.v20231106-1826.jar -configuration c:\Users\sc\AppData\Roaming\Code\User\globalStorage\redhat.java\1.25.1\config_ss_win -data c:\Users\sc\AppData\Roaming\Code\User\workspaceStorage\e64e4fc66b7715e35e024650ed857f81\redhat.java\ss_ws --stdio

Host: Intel(R) Core(TM) i5-8365U CPU @ 1.60GHz, 8 cores, 7G,  Windows 11 , 64 bit Build 22621 (10.0.22621.2506)
Time: Thu Jan  4 14:48:39 2024 Pakistan Standard Time elapsed time: 1.048842 seconds (0d 0h 0m 1s)

---------------  T H R E A D  ---------------

Current thread (0x000001f52ce48990):  JavaThread "C2 CompilerThread0" daemon [_thread_in_native, id=3756, stack(0x000000e0ff500000,0x000000e0ff600000)]


Current CompileTask:
C2:   1048  394 %     4       java.lang.StringLatin1::replace @ 79 (198 bytes)

Stack: [0x000000e0ff500000,0x000000e0ff600000]
Native frames: (J=compiled Java code, j=interpreted, Vv=VM code, C=native code)
V  [jvm.dll+0x67cf49]
V  [jvm.dll+0x83478a]
V  [jvm.dll+0x83624e]
V  [jvm.dll+0x8368b3]
V  [jvm.dll+0x247f1f]
V  [jvm.dll+0xac43c]
V  [jvm.dll+0xaca8c]
V  [jvm.dll+0x367067]
V  [jvm.dll+0x3313ba]
V  [jvm.dll+0x33085a]
V  [jvm.dll+0x21a5b1]
V  [jvm.dll+0x2199d1]
V  [jvm.dll+0x1a57cd]
V  [jvm.dll+0x2297ae]
V  [jvm.dll+0x22797c]
V  [jvm.dll+0x7e9877]
V  [jvm.dll+0x7e3c3a]
V  [jvm.dll+0x67be35]
C  [ucrtbase.dll+0x29363]
C  [KERNEL32.DLL+0x1257d]
C  [ntdll.dll+0x5aa58]


---------------  P R O C E S S  ---------------

Threads class SMR info:
_java_thread_list=0x000001f52d15c480, length=12, elements={
0x000001f513f07e70, 0x000001f527d90020, 0x000001f527d90af0, 0x000001f527d9aef0,
0x000001f527d9d8d0, 0x000001f527d9e3a0, 0x000001f52ce48010, 0x000001f52ce48990,
0x000001f52cea7d10, 0x000001f52ceb29d0, 0x000001f513f6be30, 0x000001f52d1de830
}

Java Threads: ( => current thread )
  0x000001f513f07e70 JavaThread "main" [_thread_in_vm, id=11784, stack(0x000000e0fec00000,0x000000e0fed00000)]
  0x000001f527d90020 JavaThread "Reference Handler" daemon [_thread_blocked, id=17744, stack(0x000000e0fef00000,0x000000e0ff000000)]
  0x000001f527d90af0 JavaThread "Finalizer" daemon [_thread_blocked, id=11184, stack(0x000000e0ff000000,0x000000e0ff100000)]
  0x000001f527d9aef0 JavaThread "Signal Dispatcher" daemon [_thread_blocked, id=1120, stack(0x000000e0ff100000,0x000000e0ff200000)]
  0x000001f527d9d8d0 JavaThread "Attach Listener" daemon [_thread_blocked, id=11904, stack(0x000000e0ff200000,0x000000e0ff300000)]
  0x000001f527d9e3a0 JavaThread "Service Thread" daemon [_thread_blocked, id=25532, stack(0x000000e0ff300000,0x000000e0ff400000)]
  0x000001f52ce48010 JavaThread "Monitor Deflation Thread" daemon [_thread_blocked, id=21576, stack(0x000000e0ff400000,0x000000e0ff500000)]
=>0x000001f52ce48990 JavaThread "C2 CompilerThread0" daemon [_thread_in_native, id=3756, stack(0x000000e0ff500000,0x000000e0ff600000)]
  0x000001f52cea7d10 JavaThread "C1 CompilerThread0" daemon [_thread_blocked, id=23648, stack(0x000000e0ff600000,0x000000e0ff700000)]
  0x000001f52ceb29d0 JavaThread "Sweeper thread" daemon [_thread_blocked, id=11620, stack(0x000000e0ff700000,0x000000e0ff800000)]
  0x000001f513f6be30 JavaThread "Common-Cleaner" daemon [_thread_blocked, id=19668, stack(0x000000e0ff800000,0x000000e0ff900000)]
  0x000001f52d1de830 JavaThread "Notification Thread" daemon [_thread_blocked, id=13992, stack(0x000000e0ff900000,0x000000e0ffa00000)]

Other Threads:
  0x000001f52ce214b0 VMThread "VM Thread" [stack: 0x000000e0fee00000,0x000000e0fef00000] [id=15288]
  0x000001f52d12f9e0 WatcherThread [stack: 0x000000e0ffa00000,0x000000e0ffb00000] [id=16364]
  0x000001f513f1d960 GCTaskThread "GC Thread#0" [stack: 0x000000e0fed00000,0x000000e0fee00000] [id=19752]

Threads with active compile tasks:
C2 CompilerThread0     1106  394 %     4       java.lang.StringLatin1::replace @ 79 (198 bytes)

VM state: not at safepoint (normal execution)

VM Mutex/Monitor currently owned by a thread: None

Heap address: 0x00000000c0000000, size: 1024 MB, Compressed Oops mode: 32-bit

CDS archive(s) not mapped
Compressed class space mapped at: 0x0000000100000000-0x0000000140000000, reserved size: 1073741824
Narrow klass base: 0x0000000000000000, Narrow klass shift: 3, Narrow klass range: 0x140000000

GC Precious Log:
 CPUs: 8 total, 8 available
 Memory: 7998M
 Large Page Support: Disabled
 NUMA Support: Disabled
 Compressed Oops: Enabled (32-bit)
 Alignments: Space 512K, Generation 512K, Heap 2M
 Heap Min Capacity: 100M
 Heap Initial Capacity: 100M
 Heap Max Capacity: 1G
 Pre-touch: Disabled
 Parallel Workers: 8

Heap:
 PSYoungGen      total 29696K, used 8847K [0x00000000eab00000, 0x00000000ecc00000, 0x0000000100000000)
  eden space 25600K, 34% used [0x00000000eab00000,0x00000000eb3a3c50,0x00000000ec400000)
  from space 4096K, 0% used [0x00000000ec800000,0x00000000ec800000,0x00000000ecc00000)
  to   space 4096K, 0% used [0x00000000ec400000,0x00000000ec400000,0x00000000ec800000)
 ParOldGen       total 68608K, used 0K [0x00000000c0000000, 0x00000000c4300000, 0x00000000eab00000)
  object space 68608K, 0% used [0x00000000c0000000,0x00000000c0000000,0x00000000c4300000)
 Metaspace       used 6527K, committed 6720K, reserved 1114112K
  class space    used 638K, committed 704K, reserved 1048576K

Card table byte_map: [0x000001f5138a0000,0x000001f513ab0000] _byte_map_base: 0x000001f5132a0000

Marking Bits: (ParMarkBitMap*) 0x00007ff998d9d0b0
 Begin Bits: [0x000001f525ba0000, 0x000001f526ba0000)
 End Bits:   [0x000001f526ba0000, 0x000001f527ba0000)

Polling page: 0x000001f511e50000

Metaspace:

Usage:
  Non-class:      5.76 MB used.
      Class:    639.44 KB used.
       Both:      6.39 MB used.

Virtual space:
  Non-class space:       64.00 MB reserved,       5.88 MB (  9%) committed,  1 nodes.
      Class space:        1.00 GB reserved,     704.00 KB ( <1%) committed,  1 nodes.
             Both:        1.06 GB reserved,       6.56 MB ( <1%) committed. 

Chunk freelists:
   Non-Class:  10.11 MB
       Class:  15.21 MB
        Both:  25.32 MB

MaxMetaspaceSize: unlimited
CompressedClassSpaceSize: 1.00 GB
Initial GC threshold: 21.00 MB
Current GC threshold: 21.00 MB
CDS: off
MetaspaceReclaimPolicy: balanced
 - commit_granule_bytes: 65536.
 - commit_granule_words: 8192.
 - virtual_space_node_default_size: 8388608.
 - enlarge_chunks_in_place: 1.
 - new_chunks_are_fully_committed: 0.
 - uncommit_free_chunks: 1.
 - use_allocation_guard: 0.
 - handle_deallocations: 1.


Internal statistics:

num_allocs_failed_limit: 0.
num_arena_births: 10.
num_arena_deaths: 0.
num_vsnodes_births: 2.
num_vsnodes_deaths: 0.
num_space_committed: 105.
num_space_uncommitted: 0.
num_chunks_returned_to_freelist: 0.
num_chunks_taken_from_freelist: 36.
num_chunk_merges: 0.
num_chunk_splits: 22.
num_chunks_enlarged: 21.
num_inconsistent_stats: 0.

CodeHeap 'non-profiled nmethods': size=120000Kb used=120Kb max_used=120Kb free=119879Kb
 bounds [0x000001f51e670000, 0x000001f51e8e0000, 0x000001f525ba0000]
CodeHeap 'profiled nmethods': size=120000Kb used=601Kb max_used=601Kb free=119398Kb
 bounds [0x000001f516ba0000, 0x000001f516e10000, 0x000001f51e0d0000]
CodeHeap 'non-nmethods': size=5760Kb used=1102Kb max_used=1111Kb free=4657Kb
 bounds [0x000001f51e0d0000, 0x000001f51e340000, 0x000001f51e670000]
 total_blobs=814 nmethods=434 adapters=295
 compilation: enabled
              stopped_count=0, restarted_count=0
 full_count=0

Compilation events (20 events):
Event: 1.020 Thread 0x000001f52cea7d10 nmethod 383 0x000001f516c19310 code [0x000001f516c195a0, 0x000001f516c1a318]
Event: 1.021 Thread 0x000001f52cea7d10  384       1       java.util.Collections$EmptyList::isEmpty (2 bytes)
Event: 1.021 Thread 0x000001f52cea7d10 nmethod 384 0x000001f51e68c010 code [0x000001f51e68c1a0, 0x000001f51e68c278]
Event: 1.021 Thread 0x000001f52cea7d10  385       1       java.net.URL::getAuthority (5 bytes)
Event: 1.021 Thread 0x000001f52cea7d10 nmethod 385 0x000001f51e68c310 code [0x000001f51e68c4a0, 0x000001f51e68c578]
Event: 1.021 Thread 0x000001f52cea7d10  386       1       java.net.URL::getPath (5 bytes)
Event: 1.021 Thread 0x000001f52cea7d10 nmethod 386 0x000001f51e68c610 code [0x000001f51e68c7a0, 0x000001f51e68c878]
Event: 1.021 Thread 0x000001f52cea7d10  387       1       java.net.URL::getQuery (5 bytes)
Event: 1.021 Thread 0x000001f52cea7d10 nmethod 387 0x000001f51e68c910 code [0x000001f51e68caa0, 0x000001f51e68cb78]
Event: 1.021 Thread 0x000001f52cea7d10  388       3       java.lang.ClassLoader::getResource (41 bytes)
Event: 1.022 Thread 0x000001f52cea7d10 nmethod 388 0x000001f516c1a890 code [0x000001f516c1aa80, 0x000001f516c1b078]
Event: 1.022 Thread 0x000001f52cea7d10  389       3       java.io.FileSystem::hasBooleanAttributes (17 bytes)
Event: 1.022 Thread 0x000001f52cea7d10 nmethod 389 0x000001f516c1b290 code [0x000001f516c1b440, 0x000001f516c1b5e8]
Event: 1.023 Thread 0x000001f52cea7d10  391   !   3       java.io.WinNTFileSystem::resolve (362 bytes)
Event: 1.029 Thread 0x000001f52ce48990  394 %     4       java.lang.StringLatin1::replace @ 79 (198 bytes)
Event: 1.032 Thread 0x000001f52cea7d10 nmethod 391 0x000001f516c1b690 code [0x000001f516c1c040, 0x000001f516c20968]
Event: 1.032 Thread 0x000001f52cea7d10  393       3       java.util.ArrayList$Itr::hasNext (20 bytes)
Event: 1.032 Thread 0x000001f52cea7d10 nmethod 393 0x000001f516c22310 code [0x000001f516c224a0, 0x000001f516c22618]
Event: 1.032 Thread 0x000001f52cea7d10  392       1       java.net.URL::getUserInfo (5 bytes)
Event: 1.032 Thread 0x000001f52cea7d10 nmethod 392 0x000001f51e68d010 code [0x000001f51e68d1a0, 0x000001f51e68d278]

GC Heap History (0 events):
No events

Dll operation events (8 events):
Event: 0.034 Loaded shared library c:\Users\sc\.vscode\extensions\redhat.java-1.25.1-win32-x64\jre\17.0.9-win32-x86_64\bin\java.dll
Event: 0.529 Loaded shared library c:\Users\sc\.vscode\extensions\redhat.java-1.25.1-win32-x64\jre\17.0.9-win32-x86_64\bin\zip.dll
Event: 0.534 Loaded shared library C:\Users\sc\.vscode\extensions\redhat.java-1.25.1-win32-x64\jre\17.0.9-win32-x86_64\bin\instrument.dll
Event: 0.581 Loaded shared library C:\Users\sc\.vscode\extensions\redhat.java-1.25.1-win32-x64\jre\17.0.9-win32-x86_64\bin\net.dll
Event: 0.587 Loaded shared library C:\Users\sc\.vscode\extensions\redhat.java-1.25.1-win32-x64\jre\17.0.9-win32-x86_64\bin\nio.dll
Event: 0.611 Loaded shared library C:\Users\sc\.vscode\extensions\redhat.java-1.25.1-win32-x64\jre\17.0.9-win32-x86_64\bin\zip.dll
Event: 0.644 Loaded shared library C:\Users\sc\.vscode\extensions\redhat.java-1.25.1-win32-x64\jre\17.0.9-win32-x86_64\bin\jimage.dll
Event: 0.767 Loaded shared library c:\Users\sc\.vscode\extensions\redhat.java-1.25.1-win32-x64\jre\17.0.9-win32-x86_64\bin\verify.dll

Deoptimization events (2 events):
Event: 0.975 Thread 0x000001f513f07e70 DEOPT PACKING pc=0x000001f516beaca2 sp=0x000000e0fecf8e90
Event: 0.975 Thread 0x000001f513f07e70 DEOPT UNPACKING pc=0x000001f51e126e43 sp=0x000000e0fecf82f0 mode 0

Classes unloaded (0 events):
No events

Classes redefined (0 events):
No events

Internal exceptions (2 events):
Event: 0.417 Thread 0x000001f513f07e70 Exception <a 'java/lang/NoSuchMethodError'{0x00000000eacb24e8}: 'void java.lang.invoke.DirectMethodHandle$Holder.invokeStatic(java.lang.Object, java.lang.Object, java.lang.Object)'> (0x00000000eacb24e8) 
thrown [s\src\hotspot\share\interpreter\linkResolver.cpp, line 759]
Event: 0.857 Thread 0x000001f513f07e70 Exception <a 'java/lang/reflect/InvocationTargetException'{0x00000000eafe2480}> (0x00000000eafe2480) 
thrown [s\src\hotspot\share\runtime\reflection.cpp, line 1121]

VM Operations (2 events):
Event: 0.473 Executing VM operation: HandshakeAllThreads
Event: 0.473 Executing VM operation: HandshakeAllThreads done

Events (20 events):
Event: 0.947 loading class java/util/regex/Pattern$Branch
Event: 0.948 loading class java/util/regex/Pattern$Branch done
Event: 0.948 loading class java/util/regex/Pattern$StartS
Event: 0.950 loading class java/util/regex/Pattern$StartS done
Event: 0.950 loading class java/util/regex/Pattern$Curly
Event: 0.950 loading class java/util/regex/Pattern$Curly done
Event: 0.951 loading class java/util/regex/Pattern$Ques
Event: 0.951 loading class java/util/regex/Pattern$Ques done
Event: 0.951 loading class java/util/regex/Pattern$Loop
Event: 0.951 loading class java/util/regex/Pattern$Loop done
Event: 0.951 loading class java/util/regex/Pattern$Prolog
Event: 0.951 loading class java/util/regex/Pattern$Prolog done
Event: 0.952 loading class java/util/regex/Pattern$Dollar
Event: 0.952 loading class java/util/regex/Pattern$Dollar done
Event: 0.952 loading class java/util/regex/Pattern$GroupCurly
Event: 0.952 loading class java/util/regex/Pattern$GroupCurly done
Event: 0.987 loading class java/util/Collections$SingletonSet
Event: 0.987 loading class java/util/Collections$SingletonSet done
Event: 0.987 loading class java/util/Collections$1
Event: 0.987 loading class java/util/Collections$1 done


Dynamic libraries:
0x00007ff757260000 - 0x00007ff75726e000 	c:\Users\sc\.vscode\extensions\redhat.java-1.25.1-win32-x64\jre\17.0.9-win32-x86_64\bin\java.exe
0x00007ff9e2690000 - 0x00007ff9e28a7000 	C:\WINDOWS\SYSTEM32\ntdll.dll
0x00007ff9e0c00000 - 0x00007ff9e0cc4000 	C:\WINDOWS\System32\KERNEL32.DLL
0x00007ff9dfc30000 - 0x00007ff9dffd6000 	C:\WINDOWS\System32\KERNELBASE.dll
0x00007ff9e0100000 - 0x00007ff9e0211000 	C:\WINDOWS\System32\ucrtbase.dll
0x00007ff9c5120000 - 0x00007ff9c5137000 	c:\Users\sc\.vscode\extensions\redhat.java-1.25.1-win32-x64\jre\17.0.9-win32-x86_64\bin\jli.dll
0x00007ff9e0490000 - 0x00007ff9e063e000 	C:\WINDOWS\System32\USER32.dll
0x00007ff9e03b0000 - 0x00007ff9e03d6000 	C:\WINDOWS\System32\win32u.dll
0x00007ff9e2080000 - 0x00007ff9e20a9000 	C:\WINDOWS\System32\GDI32.dll
0x00007ff9dffe0000 - 0x00007ff9e00f8000 	C:\WINDOWS\System32\gdi32full.dll
0x00007ff9be2b0000 - 0x00007ff9be2cb000 	c:\Users\sc\.vscode\extensions\redhat.java-1.25.1-win32-x64\jre\17.0.9-win32-x86_64\bin\VCRUNTIME140.dll
0x00007ff9c4180000 - 0x00007ff9c4413000 	C:\WINDOWS\WinSxS\amd64_microsoft.windows.common-controls_6595b64144ccf1df_6.0.22621.2506_none_270c5ae97388e100\COMCTL32.dll
0x00007ff9e0220000 - 0x00007ff9e02ba000 	C:\WINDOWS\System32\msvcp_win.dll
0x00007ff9e13f0000 - 0x00007ff9e1497000 	C:\WINDOWS\System32\msvcrt.dll
0x00007ff9e0dd0000 - 0x00007ff9e0e01000 	C:\WINDOWS\System32\IMM32.DLL
0x00007ff9dc2f0000 - 0x00007ff9dc2fc000 	c:\Users\sc\.vscode\extensions\redhat.java-1.25.1-win32-x64\jre\17.0.9-win32-x86_64\bin\vcruntime140_1.dll
0x00007ff99eb20000 - 0x00007ff99ebad000 	c:\Users\sc\.vscode\extensions\redhat.java-1.25.1-win32-x64\jre\17.0.9-win32-x86_64\bin\msvcp140.dll
0x00007ff998200000 - 0x00007ff998e61000 	c:\Users\sc\.vscode\extensions\redhat.java-1.25.1-win32-x64\jre\17.0.9-win32-x86_64\bin\server\jvm.dll
0x00007ff9e2440000 - 0x00007ff9e24f1000 	C:\WINDOWS\System32\ADVAPI32.dll
0x00007ff9e03e0000 - 0x00007ff9e0485000 	C:\WINDOWS\System32\sechost.dll
0x00007ff9e14c0000 - 0x00007ff9e15d7000 	C:\WINDOWS\System32\RPCRT4.dll
0x00007ff9de850000 - 0x00007ff9de89d000 	C:\WINDOWS\SYSTEM32\POWRPROF.dll
0x00007ff9c2ed0000 - 0x00007ff9c2ed9000 	C:\WINDOWS\SYSTEM32\WSOCK32.dll
0x00007ff9e09f0000 - 0x00007ff9e0a61000 	C:\WINDOWS\System32\WS2_32.dll
0x00007ff9d9690000 - 0x00007ff9d96c4000 	C:\WINDOWS\SYSTEM32\WINMM.dll
0x00007ff9d90d0000 - 0x00007ff9d90da000 	C:\WINDOWS\SYSTEM32\VERSION.dll
0x00007ff9de830000 - 0x00007ff9de843000 	C:\WINDOWS\SYSTEM32\UMPDC.dll
0x00007ff9deaf0000 - 0x00007ff9deb08000 	C:\WINDOWS\SYSTEM32\kernel.appcore.dll
0x00007ff9da9f0000 - 0x00007ff9da9fa000 	c:\Users\sc\.vscode\extensions\redhat.java-1.25.1-win32-x64\jre\17.0.9-win32-x86_64\bin\jimage.dll
0x00007ff9c9b90000 - 0x00007ff9c9dc3000 	C:\WINDOWS\SYSTEM32\DBGHELP.DLL
0x00007ff9e0640000 - 0x00007ff9e09c9000 	C:\WINDOWS\System32\combase.dll
0x00007ff9e0b20000 - 0x00007ff9e0bf7000 	C:\WINDOWS\System32\OLEAUT32.dll
0x00007ff9b33b0000 - 0x00007ff9b33e2000 	C:\WINDOWS\SYSTEM32\dbgcore.DLL
0x00007ff9e0330000 - 0x00007ff9e03aa000 	C:\WINDOWS\System32\bcryptPrimitives.dll
0x00007ff9c26d0000 - 0x00007ff9c26de000 	c:\Users\sc\.vscode\extensions\redhat.java-1.25.1-win32-x64\jre\17.0.9-win32-x86_64\bin\instrument.dll
0x00007ff9a3300000 - 0x00007ff9a3325000 	c:\Users\sc\.vscode\extensions\redhat.java-1.25.1-win32-x64\jre\17.0.9-win32-x86_64\bin\java.dll
0x00007ff9be290000 - 0x00007ff9be2a8000 	c:\Users\sc\.vscode\extensions\redhat.java-1.25.1-win32-x64\jre\17.0.9-win32-x86_64\bin\zip.dll
0x00007ff9e15f0000 - 0x00007ff9e1e4a000 	C:\WINDOWS\System32\SHELL32.dll
0x00007ff9dd930000 - 0x00007ff9de226000 	C:\WINDOWS\SYSTEM32\windows.storage.dll
0x00007ff9dd7f0000 - 0x00007ff9dd92e000 	C:\WINDOWS\SYSTEM32\wintypes.dll
0x00007ff9e0cd0000 - 0x00007ff9e0dc3000 	C:\WINDOWS\System32\SHCORE.dll
0x00007ff9e2500000 - 0x00007ff9e255e000 	C:\WINDOWS\System32\shlwapi.dll
0x00007ff9df930000 - 0x00007ff9df956000 	C:\WINDOWS\SYSTEM32\profapi.dll
0x00007ff9b81d0000 - 0x00007ff9b81e9000 	C:\Users\sc\.vscode\extensions\redhat.java-1.25.1-win32-x64\jre\17.0.9-win32-x86_64\bin\net.dll
0x00007ff9d9920000 - 0x00007ff9d9a57000 	C:\WINDOWS\SYSTEM32\WINHTTP.dll
0x00007ff9def70000 - 0x00007ff9defd9000 	C:\WINDOWS\system32\mswsock.dll
0x00007ff9ab740000 - 0x00007ff9ab756000 	C:\Users\sc\.vscode\extensions\redhat.java-1.25.1-win32-x64\jre\17.0.9-win32-x86_64\bin\nio.dll
0x00007ff9c1340000 - 0x00007ff9c1350000 	c:\Users\sc\.vscode\extensions\redhat.java-1.25.1-win32-x64\jre\17.0.9-win32-x86_64\bin\verify.dll

dbghelp: loaded successfully - version: 4.0.5 - missing functions: none
symbol engine: initialized successfully - sym options: 0x614 - pdb path: .;c:\Users\sc\.vscode\extensions\redhat.java-1.25.1-win32-x64\jre\17.0.9-win32-x86_64\bin;C:\WINDOWS\SYSTEM32;C:\WINDOWS\WinSxS\amd64_microsoft.windows.common-controls_6595b64144ccf1df_6.0.22621.2506_none_270c5ae97388e100;c:\Users\sc\.vscode\extensions\redhat.java-1.25.1-win32-x64\jre\17.0.9-win32-x86_64\bin\server

VM Arguments:
jvm_args: --add-modules=ALL-SYSTEM --add-opens=java.base/java.util=ALL-UNNAMED --add-opens=java.base/java.lang=ALL-UNNAMED --add-opens=java.base/sun.nio.fs=ALL-UNNAMED -Declipse.application=org.eclipse.jdt.ls.core.id1 -Dosgi.bundles.defaultStartLevel=4 -Declipse.product=org.eclipse.jdt.ls.core.product -Djava.import.generatesMetadataFilesAtProjectRoot=false -DDetectVMInstallationsJob.disabled=true -Dfile.encoding=utf8 -XX:+UseParallelGC -XX:GCTimeRatio=4 -XX:AdaptiveSizePolicyWeight=90 -Dsun.zip.disableMemoryMapping=true -Xmx1G -Xms100m -Xlog:disable -javaagent:c:\Users\sc\.vscode\extensions\redhat.java-1.25.1-win32-x64\lombok\lombok-1.18.30.jar 
java_command: c:\Users\sc\.vscode\extensions\redhat.java-1.25.1-win32-x64\server\plugins\org.eclipse.equinox.launcher_1.6.600.v20231106-1826.jar -configuration c:\Users\sc\AppData\Roaming\Code\User\globalStorage\redhat.java\1.25.1\config_ss_win -data c:\Users\sc\AppData\Roaming\Code\User\workspaceStorage\e64e4fc66b7715e35e024650ed857f81\redhat.java\ss_ws --stdio
java_class_path (initial): c:\Users\sc\.vscode\extensions\redhat.java-1.25.1-win32-x64\server\plugins\org.eclipse.equinox.launcher_1.6.600.v20231106-1826.jar
Launcher Type: SUN_STANDARD

[Global flags]
    uintx AdaptiveSizePolicyWeight                 = 90                                        {product} {command line}
     intx CICompilerCount                          = 4                                         {product} {ergonomic}
    uintx GCTimeRatio                              = 4                                         {product} {command line}
   size_t InitialHeapSize                          = 104857600                                 {product} {command line}
   size_t MaxHeapSize                              = 1073741824                                {product} {command line}
   size_t MaxNewSize                               = 357564416                                 {product} {ergonomic}
   size_t MinHeapDeltaBytes                        = 524288                                    {product} {ergonomic}
   size_t MinHeapSize                              = 104857600                                 {product} {command line}
   size_t NewSize                                  = 34603008                                  {product} {ergonomic}
    uintx NonNMethodCodeHeapSize                   = 5839372                                {pd product} {ergonomic}
    uintx NonProfiledCodeHeapSize                  = 122909434                              {pd product} {ergonomic}
   size_t OldSize                                  = 70254592                                  {product} {ergonomic}
    uintx ProfiledCodeHeapSize                     = 122909434                              {pd product} {ergonomic}
    uintx ReservedCodeCacheSize                    = 251658240                              {pd product} {ergonomic}
     bool SegmentedCodeCache                       = true                                      {product} {ergonomic}
   size_t SoftMaxHeapSize                          = 1073741824                             {manageable} {ergonomic}
     bool UseCompressedClassPointers               = true                           {product lp64_product} {ergonomic}
     bool UseCompressedOops                        = true                           {product lp64_product} {ergonomic}
     bool UseLargePagesIndividualAllocation        = false                                  {pd product} {ergonomic}
     bool UseParallelGC                            = true                                      {product} {command line}

Logging:
Log output configuration:
 #0: stdout all=off uptime,level,tags
 #1: stderr all=off uptime,level,tags

Environment Variables:
PATH=C:\Python311\Scripts\;C:\Python311\;C:\Program Files\Common Files\Oracle\Java\javapath;C:\WINDOWS\system32;C:\WINDOWS;C:\WINDOWS\System32\Wbem;C:\WINDOWS\System32\WindowsPowerShell\v1.0\;C:\WINDOWS\System32\OpenSSH\;C:\Program Files\Git\cmd;C:\ProgramData\chocolatey\bin;C:\Program Files\nodejs\;C:\Users\sc\AppData\Local\Microsoft\WindowsApps;C:\Users\sc\AppData\Local\Programs\Microsoft VS Code\bin;C:\Users\sc\AppData\Local\GitHubDesktop\bin;C:\Program Files\Java\jdk-11\bin;C:\Users\sc\AppData\Roaming\npm
USERNAME=sc
OS=Windows_NT
PROCESSOR_IDENTIFIER=Intel64 Family 6 Model 142 Stepping 12, GenuineIntel
TMP=C:\Users\sc\AppData\Local\Temp
TEMP=C:\Users\sc\AppData\Local\Temp



Periodic native trim disabled


---------------  S Y S T E M  ---------------

OS:
 Windows 11 , 64 bit Build 22621 (10.0.22621.2506)
OS uptime: 1 days 20:12 hours

CPU: total 8 (initial active 8) (4 cores per cpu, 2 threads per core) family 6 model 142 stepping 12 microcode 0xf0, cx8, cmov, fxsr, ht, mmx, 3dnowpref, sse, sse2, sse3, ssse3, sse4.1, sse4.2, popcnt, lzcnt, tsc, tscinvbit, avx, avx2, aes, erms, clmul, bmi1, bmi2, adx, fma, vzeroupper, clflush, clflushopt
Processor Information for processor 0
  Max Mhz: 1896, Current Mhz: 1596, Mhz Limit: 1592
Processor Information for processor 1
  Max Mhz: 1896, Current Mhz: 1596, Mhz Limit: 1592
Processor Information for processor 2
  Max Mhz: 1896, Current Mhz: 1596, Mhz Limit: 1592
Processor Information for processor 3
  Max Mhz: 1896, Current Mhz: 1596, Mhz Limit: 1592
Processor Information for processor 4
  Max Mhz: 1896, Current Mhz: 1596, Mhz Limit: 1592
Processor Information for processor 5
  Max Mhz: 1896, Current Mhz: 1596, Mhz Limit: 1592
Processor Information for processor 6
  Max Mhz: 1896, Current Mhz: 1596, Mhz Limit: 1592
Processor Information for processor 7
  Max Mhz: 1896, Current Mhz: 1496, Mhz Limit: 1592

Memory: 4k page, system-wide physical 7998M (319M free)
TotalPageFile size 16190M (AvailPageFile size 0M)
current process WorkingSet (physical memory assigned to process): 42M, peak: 42M
current process commit charge ("private bytes"): 188M, peak: 188M

vm_info: OpenJDK 64-Bit Server VM (17.0.9+9) for windows-amd64 JRE (17.0.9+9), built on Oct 26 2023 14:01:42 by "admin" with MS VC++ 16.10 / 16.11 (VS2019)

END.
