#
# There is insufficient memory for the Java Runtime Environment to continue.
# Native memory allocation (malloc) failed to allocate 1125712 bytes for Chunk::new
# Possible reasons:
#   The system is out of physical RAM or swap space
#   The process is running with CompressedOops enabled, and the Java Heap may be blocking the growth of the native heap
# Possible solutions:
#   Reduce memory load on the system
#   Increase physical memory or swap space
#   Check if swap backing store is full
#   Decrease Java heap size (-Xmx/-Xms)
#   Decrease number of Java threads
#   Decrease Java thread stack sizes (-Xss)
#   Set larger code cache with -XX:ReservedCodeCacheSize=
#   JVM is running with Unscaled Compressed Oops mode in which the Java heap is
#     placed in the first 4GB address space. The Java Heap base address is the
#     maximum limit for the native heap growth. Please use -XX:HeapBaseMinAddress
#     to set the Java Heap base and to place the Java Heap above 4GB virtual address.
# This output file may be truncated or incomplete.
#
#  Out of Memory Error (arena.cpp:191), pid=6768, tid=19848
#
# JRE version: OpenJDK Runtime Environment Temurin-17.0.9+9 (17.0.9+9) (build 17.0.9+9)
# Java VM: OpenJDK 64-Bit Server VM Temurin-17.0.9+9 (17.0.9+9, mixed mode, tiered, compressed oops, compressed class ptrs, parallel gc, windows-amd64)
# No core dump will be written. Minidumps are not enabled by default on client versions of Windows
#

---------------  S U M M A R Y ------------

Command Line: --add-modules=ALL-SYSTEM --add-opens=java.base/java.util=ALL-UNNAMED --add-opens=java.base/java.lang=ALL-UNNAMED --add-opens=java.base/sun.nio.fs=ALL-UNNAMED -Declipse.application=org.eclipse.jdt.ls.core.id1 -Dosgi.bundles.defaultStartLevel=4 -Declipse.product=org.eclipse.jdt.ls.core.product -Djava.import.generatesMetadataFilesAtProjectRoot=false -DDetectVMInstallationsJob.disabled=true -Dfile.encoding=utf8 -XX:+UseParallelGC -XX:GCTimeRatio=4 -XX:AdaptiveSizePolicyWeight=90 -Dsun.zip.disableMemoryMapping=true -Xmx1G -Xms100m -Xlog:disable -javaagent:c:\Users\sc\.vscode\extensions\redhat.java-1.25.1-win32-x64\lombok\lombok-1.18.30.jar c:\Users\sc\.vscode\extensions\redhat.java-1.25.1-win32-x64\server\plugins\org.eclipse.equinox.launcher_1.6.600.v20231106-1826.jar -configuration c:\Users\sc\AppData\Roaming\Code\User\globalStorage\redhat.java\1.25.1\config_ss_win -data c:\Users\sc\AppData\Roaming\Code\User\workspaceStorage\e64e4fc66b7715e35e024650ed857f81\redhat.java\ss_ws --stdio

Host: Intel(R) Core(TM) i5-8365U CPU @ 1.60GHz, 8 cores, 7G,  Windows 11 , 64 bit Build 22621 (10.0.22621.2506)
Time: Mon Jan  8 14:38:36 2024 Pakistan Standard Time elapsed time: 5.580975 seconds (0d 0h 0m 5s)

---------------  T H R E A D  ---------------

Current thread (0x000002685d7d2850):  JavaThread "C2 CompilerThread0" daemon [_thread_in_native, id=19848, stack(0x000000a9d5900000,0x000000a9d5a00000)]


Current CompileTask:
C2:   5581 2116       4       org.eclipse.core.internal.dtree.DataTreeReader::readNode (248 bytes)

Stack: [0x000000a9d5900000,0x000000a9d5a00000]
Native frames: (J=compiled Java code, j=interpreted, Vv=VM code, C=native code)
V  [jvm.dll+0x67cf49]
V  [jvm.dll+0x83478a]
V  [jvm.dll+0x83624e]
V  [jvm.dll+0x8368b3]
V  [jvm.dll+0x247f1f]
V  [jvm.dll+0xac43c]
V  [jvm.dll+0xaca8c]
V  [jvm.dll+0x367067]
V  [jvm.dll+0x3313ba]
V  [jvm.dll+0x33085a]
V  [jvm.dll+0x21a5b1]
V  [jvm.dll+0x2199d1]
V  [jvm.dll+0x1a57cd]
V  [jvm.dll+0x2297ae]
V  [jvm.dll+0x22797c]
V  [jvm.dll+0x7e9877]
V  [jvm.dll+0x7e3c3a]
V  [jvm.dll+0x67be35]
C  [ucrtbase.dll+0x29363]
C  [KERNEL32.DLL+0x1257d]
C  [ntdll.dll+0x5aa58]


---------------  P R O C E S S  ---------------

Threads class SMR info:
_java_thread_list=0x000002685ece0bb0, length=18, elements={
0x0000026844618e00, 0x00000268584a95a0, 0x00000268584aa070, 0x000002685d7cbf10,
0x000002685d7ce7f0, 0x000002685d7cf2c0, 0x000002685d7d1ba0, 0x000002685d7d2850,
0x000002685d7d4290, 0x000002685d83c9d0, 0x000002685838c2b0, 0x000002685d967430,
0x000002685edc8a70, 0x000002685ee1e350, 0x000002685ee41350, 0x000002685eeca750,
0x000002685eec3e70, 0x000002685e834410
}

Java Threads: ( => current thread )
  0x0000026844618e00 JavaThread "main" [_thread_blocked, id=18884, stack(0x000000a9d5000000,0x000000a9d5100000)]
  0x00000268584a95a0 JavaThread "Reference Handler" daemon [_thread_blocked, id=18188, stack(0x000000a9d5300000,0x000000a9d5400000)]
  0x00000268584aa070 JavaThread "Finalizer" daemon [_thread_blocked, id=12612, stack(0x000000a9d5400000,0x000000a9d5500000)]
  0x000002685d7cbf10 JavaThread "Signal Dispatcher" daemon [_thread_blocked, id=18684, stack(0x000000a9d5500000,0x000000a9d5600000)]
  0x000002685d7ce7f0 JavaThread "Attach Listener" daemon [_thread_blocked, id=1436, stack(0x000000a9d5600000,0x000000a9d5700000)]
  0x000002685d7cf2c0 JavaThread "Service Thread" daemon [_thread_blocked, id=7212, stack(0x000000a9d5700000,0x000000a9d5800000)]
  0x000002685d7d1ba0 JavaThread "Monitor Deflation Thread" daemon [_thread_blocked, id=4312, stack(0x000000a9d5800000,0x000000a9d5900000)]
=>0x000002685d7d2850 JavaThread "C2 CompilerThread0" daemon [_thread_in_native, id=19848, stack(0x000000a9d5900000,0x000000a9d5a00000)]
  0x000002685d7d4290 JavaThread "C1 CompilerThread0" daemon [_thread_blocked, id=5760, stack(0x000000a9d5a00000,0x000000a9d5b00000)]
  0x000002685d83c9d0 JavaThread "Sweeper thread" daemon [_thread_blocked, id=15192, stack(0x000000a9d5b00000,0x000000a9d5c00000)]
  0x000002685838c2b0 JavaThread "Common-Cleaner" daemon [_thread_blocked, id=4672, stack(0x000000a9d5c00000,0x000000a9d5d00000)]
  0x000002685d967430 JavaThread "Notification Thread" daemon [_thread_blocked, id=11416, stack(0x000000a9d5d00000,0x000000a9d5e00000)]
  0x000002685edc8a70 JavaThread "Active Thread: Equinox Container: 7adf2ad1-3095-4744-9015-1f6c250742e4" [_thread_blocked, id=8252, stack(0x000000a9d6500000,0x000000a9d6600000)]
  0x000002685ee1e350 JavaThread "Framework Event Dispatcher: Equinox Container: 7adf2ad1-3095-4744-9015-1f6c250742e4" daemon [_thread_blocked, id=16684, stack(0x000000a9d6600000,0x000000a9d6700000)]
  0x000002685ee41350 JavaThread "Start Level: Equinox Container: 7adf2ad1-3095-4744-9015-1f6c250742e4" daemon [_thread_in_native, id=14268, stack(0x000000a9d6700000,0x000000a9d6800000)]
  0x000002685eeca750 JavaThread "SCR Component Actor" daemon [_thread_blocked, id=6880, stack(0x000000a9d6800000,0x000000a9d6900000)]
  0x000002685eec3e70 JavaThread "SCR Component Registry" daemon [_thread_blocked, id=16828, stack(0x000000a9d6a00000,0x000000a9d6b00000)]
  0x000002685e834410 JavaThread "Worker-JM" [_thread_blocked, id=1700, stack(0x000000a9d6b00000,0x000000a9d6c00000)]

Other Threads:
  0x000002685d790c20 VMThread "VM Thread" [stack: 0x000000a9d5200000,0x000000a9d5300000] [id=5644]
  0x000002685da7f950 WatcherThread [stack: 0x000000a9d5e00000,0x000000a9d5f00000] [id=8408]
  0x000002684462d8e0 GCTaskThread "GC Thread#0" [stack: 0x000000a9d5100000,0x000000a9d5200000] [id=9952]
  0x000002685ec2dc20 GCTaskThread "GC Thread#1" [stack: 0x000000a9d5f00000,0x000000a9d6000000] [id=8360]
  0x000002685ebf0020 GCTaskThread "GC Thread#2" [stack: 0x000000a9d6000000,0x000000a9d6100000] [id=7368]
  0x000002685ebf02e0 GCTaskThread "GC Thread#3" [stack: 0x000000a9d6100000,0x000000a9d6200000] [id=10448]
  0x000002685ee84ec0 GCTaskThread "GC Thread#4" [stack: 0x000000a9d6200000,0x000000a9d6300000] [id=16744]
  0x000002685ee85180 GCTaskThread "GC Thread#5" [stack: 0x000000a9d6300000,0x000000a9d6400000] [id=19980]
  0x000002685ee85440 GCTaskThread "GC Thread#6" [stack: 0x000000a9d6400000,0x000000a9d6500000] [id=4364]
  0x000002685eed2f80 GCTaskThread "GC Thread#7" [stack: 0x000000a9d6900000,0x000000a9d6a00000] [id=12764]

Threads with active compile tasks:
C2 CompilerThread0     5635 2116       4       org.eclipse.core.internal.dtree.DataTreeReader::readNode (248 bytes)

VM state: not at safepoint (normal execution)

VM Mutex/Monitor currently owned by a thread: None

Heap address: 0x00000000c0000000, size: 1024 MB, Compressed Oops mode: 32-bit

CDS archive(s) not mapped
Compressed class space mapped at: 0x0000000100000000-0x0000000140000000, reserved size: 1073741824
Narrow klass base: 0x0000000000000000, Narrow klass shift: 3, Narrow klass range: 0x140000000

GC Precious Log:
 CPUs: 8 total, 8 available
 Memory: 7998M
 Large Page Support: Disabled
 NUMA Support: Disabled
 Compressed Oops: Enabled (32-bit)
 Alignments: Space 512K, Generation 512K, Heap 2M
 Heap Min Capacity: 100M
 Heap Initial Capacity: 100M
 Heap Max Capacity: 1G
 Pre-touch: Disabled
 Parallel Workers: 8

Heap:
 PSYoungGen      total 29696K, used 14324K [0x00000000eab00000, 0x00000000ecc00000, 0x0000000100000000)
  eden space 25600K, 40% used [0x00000000eab00000,0x00000000eb501860,0x00000000ec400000)
  from space 4096K, 99% used [0x00000000ec400000,0x00000000ec7fb7b8,0x00000000ec800000)
  to   space 4096K, 0% used [0x00000000ec800000,0x00000000ec800000,0x00000000ecc00000)
 ParOldGen       total 68608K, used 3189K [0x00000000c0000000, 0x00000000c4300000, 0x00000000eab00000)
  object space 68608K, 4% used [0x00000000c0000000,0x00000000c031d580,0x00000000c4300000)
 Metaspace       used 20554K, committed 20992K, reserved 1114112K
  class space    used 2098K, committed 2240K, reserved 1048576K

Card table byte_map: [0x0000026843fb0000,0x00000268441c0000] _byte_map_base: 0x00000268439b0000

Marking Bits: (ParMarkBitMap*) 0x00007ff92c05d0b0
 Begin Bits: [0x00000268562b0000, 0x00000268572b0000)
 End Bits:   [0x00000268572b0000, 0x00000268582b0000)

Polling page: 0x00000268425a0000

Metaspace:

Usage:
  Non-class:     18.02 MB used.
      Class:      2.05 MB used.
       Both:     20.07 MB used.

Virtual space:
  Non-class space:       64.00 MB reserved,      18.31 MB ( 29%) committed,  1 nodes.
      Class space:        1.00 GB reserved,       2.19 MB ( <1%) committed,  1 nodes.
             Both:        1.06 GB reserved,      20.50 MB (  2%) committed. 

Chunk freelists:
   Non-Class:  13.05 MB
       Class:  13.75 MB
        Both:  26.80 MB

MaxMetaspaceSize: unlimited
CompressedClassSpaceSize: 1.00 GB
Initial GC threshold: 21.00 MB
Current GC threshold: 21.00 MB
CDS: off
MetaspaceReclaimPolicy: balanced
 - commit_granule_bytes: 65536.
 - commit_granule_words: 8192.
 - virtual_space_node_default_size: 8388608.
 - enlarge_chunks_in_place: 1.
 - new_chunks_are_fully_committed: 0.
 - uncommit_free_chunks: 1.
 - use_allocation_guard: 0.
 - handle_deallocations: 1.


Internal statistics:

num_allocs_failed_limit: 0.
num_arena_births: 232.
num_arena_deaths: 0.
num_vsnodes_births: 2.
num_vsnodes_deaths: 0.
num_space_committed: 328.
num_space_uncommitted: 0.
num_chunks_returned_to_freelist: 0.
num_chunks_taken_from_freelist: 716.
num_chunk_merges: 0.
num_chunk_splits: 455.
num_chunks_enlarged: 306.
num_inconsistent_stats: 0.

CodeHeap 'non-profiled nmethods': size=120000Kb used=831Kb max_used=831Kb free=119168Kb
 bounds [0x000002684ed80000, 0x000002684eff0000, 0x00000268562b0000]
CodeHeap 'profiled nmethods': size=120000Kb used=4277Kb max_used=4277Kb free=115722Kb
 bounds [0x00000268472b0000, 0x00000268476e0000, 0x000002684e7e0000]
CodeHeap 'non-nmethods': size=5760Kb used=1187Kb max_used=1205Kb free=4572Kb
 bounds [0x000002684e7e0000, 0x000002684ea50000, 0x000002684ed80000]
 total_blobs=2652 nmethods=2168 adapters=398
 compilation: enabled
              stopped_count=0, restarted_count=0
 full_count=0

Compilation events (20 events):
Event: 5.554 Thread 0x000002685d7d4290 2135       3       jdk.internal.misc.Unsafe::checkPointer (19 bytes)
Event: 5.555 Thread 0x000002685d7d4290 nmethod 2135 0x00000268476c1310 code [0x00000268476c14e0, 0x00000268476c1888]
Event: 5.555 Thread 0x000002685d7d4290 2136       1       sun.nio.fs.NativeBuffer::owner (5 bytes)
Event: 5.555 Thread 0x000002685d7d4290 nmethod 2136 0x000002684ee4e310 code [0x000002684ee4e4a0, 0x000002684ee4e578]
Event: 5.555 Thread 0x000002685d7d4290 2137       1       sun.nio.fs.WindowsPath::getFileSystem (5 bytes)
Event: 5.555 Thread 0x000002685d7d4290 nmethod 2137 0x000002684ee4e610 code [0x000002684ee4e7a0, 0x000002684ee4e878]
Event: 5.556 Thread 0x000002685d7d4290 2138       3       java.util.concurrent.ConcurrentHashMap::values (25 bytes)
Event: 5.556 Thread 0x000002685d7d4290 nmethod 2138 0x00000268476c1a10 code [0x00000268476c1bc0, 0x00000268476c1ed8]
Event: 5.556 Thread 0x000002685d7d4290 2139       3       java.util.concurrent.ConcurrentHashMap$ValuesView::iterator (34 bytes)
Event: 5.557 Thread 0x000002685d7d4290 nmethod 2139 0x00000268476c2010 code [0x00000268476c21c0, 0x00000268476c23e8]
Event: 5.561 Thread 0x000002685d7d4290 2140       3       sun.nio.fs.WindowsPathParser::normalize (233 bytes)
Event: 5.565 Thread 0x000002685d7d4290 nmethod 2140 0x00000268476c2510 code [0x00000268476c2ae0, 0x00000268476c56e8]
Event: 5.565 Thread 0x000002685d7d4290 2141       3       sun.nio.fs.WindowsPathParser::isSlash (18 bytes)
Event: 5.566 Thread 0x000002685d7d4290 nmethod 2141 0x00000268476c6810 code [0x00000268476c69a0, 0x00000268476c6b18]
Event: 5.569 Thread 0x000002685d7d4290 2142       1       sun.nio.fs.WindowsPathParser$Result::type (5 bytes)
Event: 5.569 Thread 0x000002685d7d4290 nmethod 2142 0x000002684ee4e910 code [0x000002684ee4eaa0, 0x000002684ee4eb78]
Event: 5.569 Thread 0x000002685d7d4290 2143       1       sun.nio.fs.WindowsPathParser$Result::root (5 bytes)
Event: 5.569 Thread 0x000002685d7d4290 nmethod 2143 0x000002684ee4ec10 code [0x000002684ee4eda0, 0x000002684ee4ee78]
Event: 5.569 Thread 0x000002685d7d4290 2144       1       sun.nio.fs.WindowsPathParser$Result::path (5 bytes)
Event: 5.569 Thread 0x000002685d7d4290 nmethod 2144 0x000002684ee4ef10 code [0x000002684ee4f0a0, 0x000002684ee4f178]

GC Heap History (6 events):
Event: 2.877 GC heap before
{Heap before GC invocations=1 (full 0):
 PSYoungGen      total 29696K, used 25600K [0x00000000eab00000, 0x00000000ecc00000, 0x0000000100000000)
  eden space 25600K, 100% used [0x00000000eab00000,0x00000000ec400000,0x00000000ec400000)
  from space 4096K, 0% used [0x00000000ec800000,0x00000000ec800000,0x00000000ecc00000)
  to   space 4096K, 0% used [0x00000000ec400000,0x00000000ec400000,0x00000000ec800000)
 ParOldGen       total 68608K, used 0K [0x00000000c0000000, 0x00000000c4300000, 0x00000000eab00000)
  object space 68608K, 0% used [0x00000000c0000000,0x00000000c0000000,0x00000000c4300000)
 Metaspace       used 11012K, committed 11200K, reserved 1114112K
  class space    used 1098K, committed 1216K, reserved 1048576K
}
Event: 2.892 GC heap after
{Heap after GC invocations=1 (full 0):
 PSYoungGen      total 29696K, used 3164K [0x00000000eab00000, 0x00000000ecc00000, 0x0000000100000000)
  eden space 25600K, 0% used [0x00000000eab00000,0x00000000eab00000,0x00000000ec400000)
  from space 4096K, 77% used [0x00000000ec400000,0x00000000ec717090,0x00000000ec800000)
  to   space 4096K, 0% used [0x00000000ec800000,0x00000000ec800000,0x00000000ecc00000)
 ParOldGen       total 68608K, used 16K [0x00000000c0000000, 0x00000000c4300000, 0x00000000eab00000)
  object space 68608K, 0% used [0x00000000c0000000,0x00000000c0004000,0x00000000c4300000)
 Metaspace       used 11012K, committed 11200K, reserved 1114112K
  class space    used 1098K, committed 1216K, reserved 1048576K
}
Event: 4.212 GC heap before
{Heap before GC invocations=2 (full 0):
 PSYoungGen      total 29696K, used 28764K [0x00000000eab00000, 0x00000000ecc00000, 0x0000000100000000)
  eden space 25600K, 100% used [0x00000000eab00000,0x00000000ec400000,0x00000000ec400000)
  from space 4096K, 77% used [0x00000000ec400000,0x00000000ec717090,0x00000000ec800000)
  to   space 4096K, 0% used [0x00000000ec800000,0x00000000ec800000,0x00000000ecc00000)
 ParOldGen       total 68608K, used 16K [0x00000000c0000000, 0x00000000c4300000, 0x00000000eab00000)
  object space 68608K, 0% used [0x00000000c0000000,0x00000000c0004000,0x00000000c4300000)
 Metaspace       used 15092K, committed 15360K, reserved 1114112K
  class space    used 1533K, committed 1664K, reserved 1048576K
}
Event: 4.220 GC heap after
{Heap after GC invocations=2 (full 0):
 PSYoungGen      total 29696K, used 4066K [0x00000000eab00000, 0x00000000ecc00000, 0x0000000100000000)
  eden space 25600K, 0% used [0x00000000eab00000,0x00000000eab00000,0x00000000ec400000)
  from space 4096K, 99% used [0x00000000ec800000,0x00000000ecbf88d8,0x00000000ecc00000)
  to   space 4096K, 0% used [0x00000000ec400000,0x00000000ec400000,0x00000000ec800000)
 ParOldGen       total 68608K, used 746K [0x00000000c0000000, 0x00000000c4300000, 0x00000000eab00000)
  object space 68608K, 1% used [0x00000000c0000000,0x00000000c00bab60,0x00000000c4300000)
 Metaspace       used 15092K, committed 15360K, reserved 1114112K
  class space    used 1533K, committed 1664K, reserved 1048576K
}
Event: 5.441 GC heap before
{Heap before GC invocations=3 (full 0):
 PSYoungGen      total 29696K, used 29666K [0x00000000eab00000, 0x00000000ecc00000, 0x0000000100000000)
  eden space 25600K, 100% used [0x00000000eab00000,0x00000000ec400000,0x00000000ec400000)
  from space 4096K, 99% used [0x00000000ec800000,0x00000000ecbf88d8,0x00000000ecc00000)
  to   space 4096K, 0% used [0x00000000ec400000,0x00000000ec400000,0x00000000ec800000)
 ParOldGen       total 68608K, used 746K [0x00000000c0000000, 0x00000000c4300000, 0x00000000eab00000)
  object space 68608K, 1% used [0x00000000c0000000,0x00000000c00bab60,0x00000000c4300000)
 Metaspace       used 20000K, committed 20352K, reserved 1114112K
  class space    used 2040K, committed 2176K, reserved 1048576K
}
Event: 5.449 GC heap after
{Heap after GC invocations=3 (full 0):
 PSYoungGen      total 29696K, used 4077K [0x00000000eab00000, 0x00000000ecc00000, 0x0000000100000000)
  eden space 25600K, 0% used [0x00000000eab00000,0x00000000eab00000,0x00000000ec400000)
  from space 4096K, 99% used [0x00000000ec400000,0x00000000ec7fb7b8,0x00000000ec800000)
  to   space 4096K, 0% used [0x00000000ec800000,0x00000000ec800000,0x00000000ecc00000)
 ParOldGen       total 68608K, used 3189K [0x00000000c0000000, 0x00000000c4300000, 0x00000000eab00000)
  object space 68608K, 4% used [0x00000000c0000000,0x00000000c031d580,0x00000000c4300000)
 Metaspace       used 20000K, committed 20352K, reserved 1114112K
  class space    used 2040K, committed 2176K, reserved 1048576K
}

Dll operation events (9 events):
Event: 0.099 Loaded shared library c:\Users\sc\.vscode\extensions\redhat.java-1.25.1-win32-x64\jre\17.0.9-win32-x86_64\bin\java.dll
Event: 1.025 Loaded shared library c:\Users\sc\.vscode\extensions\redhat.java-1.25.1-win32-x64\jre\17.0.9-win32-x86_64\bin\zip.dll
Event: 1.035 Loaded shared library C:\Users\sc\.vscode\extensions\redhat.java-1.25.1-win32-x64\jre\17.0.9-win32-x86_64\bin\instrument.dll
Event: 1.098 Loaded shared library C:\Users\sc\.vscode\extensions\redhat.java-1.25.1-win32-x64\jre\17.0.9-win32-x86_64\bin\net.dll
Event: 1.101 Loaded shared library C:\Users\sc\.vscode\extensions\redhat.java-1.25.1-win32-x64\jre\17.0.9-win32-x86_64\bin\nio.dll
Event: 1.135 Loaded shared library C:\Users\sc\.vscode\extensions\redhat.java-1.25.1-win32-x64\jre\17.0.9-win32-x86_64\bin\zip.dll
Event: 1.162 Loaded shared library C:\Users\sc\.vscode\extensions\redhat.java-1.25.1-win32-x64\jre\17.0.9-win32-x86_64\bin\jimage.dll
Event: 1.291 Loaded shared library c:\Users\sc\.vscode\extensions\redhat.java-1.25.1-win32-x64\jre\17.0.9-win32-x86_64\bin\verify.dll
Event: 3.888 Loaded shared library C:\Users\sc\AppData\Roaming\Code\User\globalStorage\redhat.java\1.25.1\config_ss_win\org.eclipse.equinox.launcher\org.eclipse.equinox.launcher.win32.win32.x86_64_1.2.800.v20231003-1442\eclipse_11802.dll

Deoptimization events (20 events):
Event: 4.991 Thread 0x000002685ee41350 Uncommon trap: trap_request=0xffffffc6 fr.pc=0x000002684ee316b0 relative=0x0000000000000df0
Event: 4.991 Thread 0x000002685ee41350 Uncommon trap: reason=bimorphic_or_optimized_type_check action=maybe_recompile pc=0x000002684ee316b0 method=java.io.DataInputStream.readInt()I @ 6 c2
Event: 4.991 Thread 0x000002685ee41350 DEOPT PACKING pc=0x000002684ee316b0 sp=0x000000a9d67f8850
Event: 4.991 Thread 0x000002685ee41350 DEOPT UNPACKING pc=0x000002684e8366a3 sp=0x000000a9d67f8808 mode 2
Event: 4.991 Thread 0x000002685ee41350 Uncommon trap: trap_request=0xffffffc6 fr.pc=0x000002684ee316b0 relative=0x0000000000000df0
Event: 4.991 Thread 0x000002685ee41350 Uncommon trap: reason=bimorphic_or_optimized_type_check action=maybe_recompile pc=0x000002684ee316b0 method=java.io.DataInputStream.readInt()I @ 6 c2
Event: 4.991 Thread 0x000002685ee41350 DEOPT PACKING pc=0x000002684ee316b0 sp=0x000000a9d67f87e0
Event: 4.991 Thread 0x000002685ee41350 DEOPT UNPACKING pc=0x000002684e8366a3 sp=0x000000a9d67f8798 mode 2
Event: 5.274 Thread 0x000002685ee41350 Uncommon trap: trap_request=0xffffff45 fr.pc=0x000002684ee40c88 relative=0x0000000000000fe8
Event: 5.274 Thread 0x000002685ee41350 Uncommon trap: reason=unstable_if action=reinterpret pc=0x000002684ee40c88 method=java.util.Properties.loadConvert([CIILjava/lang/StringBuilder;)Ljava/lang/String; @ 491 c2
Event: 5.274 Thread 0x000002685ee41350 DEOPT PACKING pc=0x000002684ee40c88 sp=0x000000a9d67f7ae0
Event: 5.274 Thread 0x000002685ee41350 DEOPT UNPACKING pc=0x000002684e8366a3 sp=0x000000a9d67f7ac0 mode 2
Event: 5.501 Thread 0x000002685ee41350 Uncommon trap: trap_request=0xffffff45 fr.pc=0x000002684ee4ddc4 relative=0x00000000000000a4
Event: 5.501 Thread 0x000002685ee41350 Uncommon trap: reason=unstable_if action=reinterpret pc=0x000002684ee4ddc4 method=org.eclipse.core.runtime.Path.equals(Ljava/lang/Object;)Z @ 2 c2
Event: 5.501 Thread 0x000002685ee41350 DEOPT PACKING pc=0x000002684ee4ddc4 sp=0x000000a9d67f93a0
Event: 5.501 Thread 0x000002685ee41350 DEOPT UNPACKING pc=0x000002684e8366a3 sp=0x000000a9d67f9320 mode 2
Event: 5.561 Thread 0x000002685ee41350 Uncommon trap: trap_request=0xffffff45 fr.pc=0x000002684ee133c0 relative=0x0000000000000040
Event: 5.561 Thread 0x000002685ee41350 Uncommon trap: reason=unstable_if action=reinterpret pc=0x000002684ee133c0 method=sun.nio.fs.WindowsPathParser.isSlash(C)Z @ 9 c2
Event: 5.561 Thread 0x000002685ee41350 DEOPT PACKING pc=0x000002684ee133c0 sp=0x000000a9d67f9140
Event: 5.561 Thread 0x000002685ee41350 DEOPT UNPACKING pc=0x000002684e8366a3 sp=0x000000a9d67f90c8 mode 2

Classes unloaded (0 events):
No events

Classes redefined (0 events):
No events

Internal exceptions (20 events):
Event: 3.452 Thread 0x0000026844618e00 Exception <a 'java/lang/NoSuchMethodError'{0x00000000eb889958}: 'java.lang.Object java.lang.invoke.DirectMethodHandle$Holder.newInvokeSpecial(java.lang.Object, int, java.lang.Object)'> (0x00000000eb889958) 
thrown [s\src\hotspot\share\interpreter\linkResolver.cpp, line 759]
Event: 3.877 Thread 0x0000026844618e00 Exception <a 'java/lang/UnsatisfiedLinkError'{0x00000000ebdc8760}: 'void org.eclipse.equinox.launcher.JNIBridge._update_splash()'> (0x00000000ebdc8760) 
thrown [s\src\hotspot\share\prims\nativeLookup.cpp, line 543]
Event: 4.013 Thread 0x000002685ee41350 Exception <a 'java/lang/NoSuchMethodError'{0x00000000ec071c18}: 'java.lang.Object java.lang.invoke.DirectMethodHandle$Holder.invokeStaticInit(java.lang.Object)'> (0x00000000ec071c18) 
thrown [s\src\hotspot\share\interpreter\linkResolver.cpp, line 759]
Event: 4.582 Thread 0x000002685ee41350 Exception <a 'java/io/FileNotFoundException'{0x00000000eb3920c8}> (0x00000000eb3920c8) 
thrown [s\src\hotspot\share\prims\jni.cpp, line 516]
Event: 4.664 Thread 0x000002685ee41350 Exception <a 'java/lang/NullPointerException'{0x00000000eb40f820}> (0x00000000eb40f820) 
thrown [s\src\hotspot\share\interpreter\linkResolver.cpp, line 1350]
Event: 4.664 Thread 0x000002685ee41350 Exception <a 'java/lang/NullPointerException'{0x00000000eb410048}> (0x00000000eb410048) 
thrown [s\src\hotspot\share\interpreter\linkResolver.cpp, line 1350]
Event: 4.786 Thread 0x000002685ee41350 Exception <a 'java/lang/NoSuchMethodError'{0x00000000eb534288}: 'java.lang.Object java.lang.invoke.Invokers$Holder.invokeExact_MT(java.lang.Object, java.lang.Object, java.lang.Object, java.lang.Object, java.lang.Object, java.lang.Object)'> (0x00000000eb534288) 
thrown [s\src\hotspot\share\interpreter\linkResolver.cpp, line 759]
Event: 4.876 Thread 0x000002685ee41350 Exception <a 'java/lang/NoSuchMethodError'{0x00000000eb64c4c0}: 'java.lang.Object java.lang.invoke.Invokers$Holder.linkToTargetMethod(java.lang.Object, long, java.lang.Object)'> (0x00000000eb64c4c0) 
thrown [s\src\hotspot\share\interpreter\linkResolver.cpp, line 759]
Event: 5.036 Thread 0x000002685ee41350 Exception <a 'java/lang/NoSuchMethodError'{0x00000000eb9d4400}: 'void java.lang.invoke.DirectMethodHandle$Holder.invokeInterface(java.lang.Object, java.lang.Object, java.lang.Object)'> (0x00000000eb9d4400) 
thrown [s\src\hotspot\share\interpreter\linkResolver.cpp, line 759]
Event: 5.149 Thread 0x000002685ee41350 Exception <a 'java/lang/NoSuchMethodError'{0x00000000ebde7dc8}: 'java.lang.Object java.lang.invoke.DirectMethodHandle$Holder.invokeStatic(java.lang.Object, java.lang.Object, int)'> (0x00000000ebde7dc8) 
thrown [s\src\hotspot\share\interpreter\linkResolver.cpp, line 759]
Event: 5.150 Thread 0x000002685ee41350 Exception <a 'java/lang/NoSuchMethodError'{0x00000000ebdec978}: 'void java.lang.invoke.DirectMethodHandle$Holder.invokeStatic(java.lang.Object, java.lang.Object, int, java.lang.Object)'> (0x00000000ebdec978) 
thrown [s\src\hotspot\share\interpreter\linkResolver.cpp, line 759]
Event: 5.151 Thread 0x000002685ee41350 Exception <a 'java/lang/NoSuchMethodError'{0x00000000ebdf40a8}: 'void java.lang.invoke.DelegatingMethodHandle$Holder.delegate(java.lang.Object, java.lang.Object, int, java.lang.Object)'> (0x00000000ebdf40a8) 
thrown [s\src\hotspot\share\interpreter\linkResolver.cpp, line 759]
Event: 5.151 Thread 0x000002685ee41350 Exception <a 'java/lang/NoSuchMethodError'{0x00000000ebdf8490}: 'int java.lang.invoke.DirectMethodHandle$Holder.invokeSpecial(java.lang.Object, java.lang.Object, java.lang.Object)'> (0x00000000ebdf8490) 
thrown [s\src\hotspot\share\interpreter\linkResolver.cpp, line 759]
Event: 5.155 Thread 0x000002685ee41350 Exception <a 'java/lang/NoSuchMethodError'{0x00000000ebe08b98}: 'int java.lang.invoke.DirectMethodHandle$Holder.invokeStatic(java.lang.Object, java.lang.Object, int)'> (0x00000000ebe08b98) 
thrown [s\src\hotspot\share\interpreter\linkResolver.cpp, line 759]
Event: 5.155 Thread 0x000002685ee41350 Exception <a 'java/lang/NoSuchMethodError'{0x00000000ebe0cbc0}: 'int java.lang.invoke.DirectMethodHandle$Holder.invokeSpecial(java.lang.Object, java.lang.Object, java.lang.Object, int)'> (0x00000000ebe0cbc0) 
thrown [s\src\hotspot\share\interpreter\linkResolver.cpp, line 759]
Event: 5.158 Thread 0x000002685ee41350 Exception <a 'java/lang/NoSuchMethodError'{0x00000000ebe27730}: 'java.lang.Object java.lang.invoke.DirectMethodHandle$Holder.invokeStatic(java.lang.Object, java.lang.Object, java.lang.Object, java.lang.Object, int)'> (0x00000000ebe27730) 
thrown [s\src\hotspot\share\interpreter\linkResolver.cpp, line 759]
Event: 5.160 Thread 0x000002685ee41350 Exception <a 'java/lang/NoSuchMethodError'{0x00000000ebe33968}: 'java.lang.Object java.lang.invoke.DelegatingMethodHandle$Holder.reinvoke_L(java.lang.Object, java.lang.Object, java.lang.Object, java.lang.Object, int, int)'> (0x00000000ebe33968) 
thrown [s\src\hotspot\share\interpreter\linkResolver.cpp, line 759]
Event: 5.162 Thread 0x000002685ee41350 Exception <a 'java/lang/NoSuchMethodError'{0x00000000ebe47d88}: 'java.lang.Object java.lang.invoke.Invokers$Holder.invokeExact_MT(java.lang.Object, java.lang.Object, java.lang.Object, java.lang.Object)'> (0x00000000ebe47d88) 
thrown [s\src\hotspot\share\interpreter\linkResolver.cpp, line 759]
Event: 5.295 Thread 0x000002685ee41350 Exception <a 'java/io/FileNotFoundException'{0x00000000ec0a5460}> (0x00000000ec0a5460) 
thrown [s\src\hotspot\share\prims\jni.cpp, line 516]
Event: 5.504 Thread 0x000002685ee41350 Exception <a 'java/lang/NoSuchMethodError'{0x00000000eb1a4708}: 'java.lang.Object java.lang.invoke.DirectMethodHandle$Holder.newInvokeSpecial(java.lang.Object, java.lang.Object, java.lang.Object, java.lang.Object, java.lang.Object)'> (0x00000000eb1a4708) 
thrown [s\src\hotspot\share\interpreter\linkResolver.cpp, line 759]

VM Operations (20 events):
Event: 3.396 Executing VM operation: HandshakeAllThreads
Event: 3.396 Executing VM operation: HandshakeAllThreads done
Event: 3.397 Executing VM operation: HandshakeAllThreads
Event: 3.397 Executing VM operation: HandshakeAllThreads done
Event: 3.405 Executing VM operation: HandshakeAllThreads
Event: 3.405 Executing VM operation: HandshakeAllThreads done
Event: 3.425 Executing VM operation: HandshakeAllThreads
Event: 3.425 Executing VM operation: HandshakeAllThreads done
Event: 4.098 Executing VM operation: HandshakeAllThreads
Event: 4.098 Executing VM operation: HandshakeAllThreads done
Event: 4.098 Executing VM operation: Cleanup
Event: 4.102 Executing VM operation: Cleanup done
Event: 4.212 Executing VM operation: ParallelGCFailedAllocation
Event: 4.220 Executing VM operation: ParallelGCFailedAllocation done
Event: 4.992 Executing VM operation: HandshakeAllThreads
Event: 4.992 Executing VM operation: HandshakeAllThreads done
Event: 5.148 Executing VM operation: HandshakeAllThreads
Event: 5.148 Executing VM operation: HandshakeAllThreads done
Event: 5.441 Executing VM operation: ParallelGCFailedAllocation
Event: 5.450 Executing VM operation: ParallelGCFailedAllocation done

Events (20 events):
Event: 5.358 loading class java/util/zip/DeflaterOutputStream done
Event: 5.358 loading class java/util/zip/ZipOutputStream done
Event: 5.505 loading class java/io/FilenameFilter
Event: 5.505 loading class java/io/FilenameFilter done
Event: 5.532 loading class java/nio/file/FileAlreadyExistsException
Event: 5.533 loading class java/nio/file/FileSystemException
Event: 5.533 loading class java/nio/file/FileSystemException done
Event: 5.533 loading class java/nio/file/FileAlreadyExistsException done
Event: 5.533 loading class java/nio/file/AccessDeniedException
Event: 5.533 loading class java/nio/file/AccessDeniedException done
Event: 5.533 loading class java/nio/file/NoSuchFileException
Event: 5.533 loading class java/nio/file/NoSuchFileException done
Event: 5.534 loading class java/nio/file/DirectoryNotEmptyException
Event: 5.534 loading class java/nio/file/DirectoryNotEmptyException done
Event: 5.551 loading class java/nio/file/attribute/DosFileAttributeView
Event: 5.551 loading class java/nio/file/attribute/DosFileAttributeView done
Event: 5.551 loading class sun/nio/fs/WindowsFileAttributeViews$Dos
Event: 5.551 loading class sun/nio/fs/WindowsFileAttributeViews$Dos done
Event: 5.561 loading class sun/nio/fs/WindowsUriSupport
Event: 5.561 loading class sun/nio/fs/WindowsUriSupport done


Dynamic libraries:
0x00007ff60bb40000 - 0x00007ff60bb4e000 	c:\Users\sc\.vscode\extensions\redhat.java-1.25.1-win32-x64\jre\17.0.9-win32-x86_64\bin\java.exe
0x00007ff9805d0000 - 0x00007ff9807e7000 	C:\WINDOWS\SYSTEM32\ntdll.dll
0x00007ff97fa40000 - 0x00007ff97fb04000 	C:\WINDOWS\System32\KERNEL32.DLL
0x00007ff97d9e0000 - 0x00007ff97dd86000 	C:\WINDOWS\System32\KERNELBASE.dll
0x00007ff97dd90000 - 0x00007ff97dea1000 	C:\WINDOWS\System32\ucrtbase.dll
0x00007ff9624b0000 - 0x00007ff9624cb000 	c:\Users\sc\.vscode\extensions\redhat.java-1.25.1-win32-x64\jre\17.0.9-win32-x86_64\bin\VCRUNTIME140.dll
0x00007ff962490000 - 0x00007ff9624a7000 	c:\Users\sc\.vscode\extensions\redhat.java-1.25.1-win32-x64\jre\17.0.9-win32-x86_64\bin\jli.dll
0x00007ff97ec10000 - 0x00007ff97edbe000 	C:\WINDOWS\System32\USER32.dll
0x00007ff97d940000 - 0x00007ff97d966000 	C:\WINDOWS\System32\win32u.dll
0x00007ff966ef0000 - 0x00007ff967183000 	C:\WINDOWS\WinSxS\amd64_microsoft.windows.common-controls_6595b64144ccf1df_6.0.22621.2506_none_270c5ae97388e100\COMCTL32.dll
0x00007ff97fc00000 - 0x00007ff97fc29000 	C:\WINDOWS\System32\GDI32.dll
0x00007ff97e480000 - 0x00007ff97e527000 	C:\WINDOWS\System32\msvcrt.dll
0x00007ff97e160000 - 0x00007ff97e278000 	C:\WINDOWS\System32\gdi32full.dll
0x00007ff97e280000 - 0x00007ff97e31a000 	C:\WINDOWS\System32\msvcp_win.dll
0x00007ff97e9c0000 - 0x00007ff97e9f1000 	C:\WINDOWS\System32\IMM32.DLL
0x00007ff963410000 - 0x00007ff96341c000 	c:\Users\sc\.vscode\extensions\redhat.java-1.25.1-win32-x64\jre\17.0.9-win32-x86_64\bin\vcruntime140_1.dll
0x00007ff943170000 - 0x00007ff9431fd000 	c:\Users\sc\.vscode\extensions\redhat.java-1.25.1-win32-x64\jre\17.0.9-win32-x86_64\bin\msvcp140.dll
0x00007ff92b4c0000 - 0x00007ff92c121000 	c:\Users\sc\.vscode\extensions\redhat.java-1.25.1-win32-x64\jre\17.0.9-win32-x86_64\bin\server\jvm.dll
0x00007ff97fb40000 - 0x00007ff97fbf1000 	C:\WINDOWS\System32\ADVAPI32.dll
0x00007ff97e320000 - 0x00007ff97e3c5000 	C:\WINDOWS\System32\sechost.dll
0x00007ff97fcb0000 - 0x00007ff97fdc7000 	C:\WINDOWS\System32\RPCRT4.dll
0x00007ff97c790000 - 0x00007ff97c7dd000 	C:\WINDOWS\SYSTEM32\POWRPROF.dll
0x00007ff9654d0000 - 0x00007ff9654d9000 	C:\WINDOWS\SYSTEM32\WSOCK32.dll
0x00007ff977110000 - 0x00007ff977144000 	C:\WINDOWS\SYSTEM32\WINMM.dll
0x00007ff976190000 - 0x00007ff97619a000 	C:\WINDOWS\SYSTEM32\VERSION.dll
0x00007ff97fdd0000 - 0x00007ff97fe41000 	C:\WINDOWS\System32\WS2_32.dll
0x00007ff97c770000 - 0x00007ff97c783000 	C:\WINDOWS\SYSTEM32\UMPDC.dll
0x00007ff97ca30000 - 0x00007ff97ca48000 	C:\WINDOWS\SYSTEM32\kernel.appcore.dll
0x00007ff962650000 - 0x00007ff96265a000 	c:\Users\sc\.vscode\extensions\redhat.java-1.25.1-win32-x64\jre\17.0.9-win32-x86_64\bin\jimage.dll
0x00007ff97a8a0000 - 0x00007ff97aad3000 	C:\WINDOWS\SYSTEM32\DBGHELP.DLL
0x00007ff97fe50000 - 0x00007ff9801d9000 	C:\WINDOWS\System32\combase.dll
0x00007ff97edc0000 - 0x00007ff97ee97000 	C:\WINDOWS\System32\OLEAUT32.dll
0x00007ff94c930000 - 0x00007ff94c962000 	C:\WINDOWS\SYSTEM32\dbgcore.DLL
0x00007ff97e020000 - 0x00007ff97e09a000 	C:\WINDOWS\System32\bcryptPrimitives.dll
0x00007ff9625f0000 - 0x00007ff9625fe000 	c:\Users\sc\.vscode\extensions\redhat.java-1.25.1-win32-x64\jre\17.0.9-win32-x86_64\bin\instrument.dll
0x00007ff95f550000 - 0x00007ff95f575000 	c:\Users\sc\.vscode\extensions\redhat.java-1.25.1-win32-x64\jre\17.0.9-win32-x86_64\bin\java.dll
0x00007ff95f530000 - 0x00007ff95f548000 	c:\Users\sc\.vscode\extensions\redhat.java-1.25.1-win32-x64\jre\17.0.9-win32-x86_64\bin\zip.dll
0x00007ff97eea0000 - 0x00007ff97f6fa000 	C:\WINDOWS\System32\SHELL32.dll
0x00007ff97b870000 - 0x00007ff97c166000 	C:\WINDOWS\SYSTEM32\windows.storage.dll
0x00007ff97b730000 - 0x00007ff97b86e000 	C:\WINDOWS\SYSTEM32\wintypes.dll
0x00007ff97f700000 - 0x00007ff97f7f3000 	C:\WINDOWS\System32\SHCORE.dll
0x00007ff9804a0000 - 0x00007ff9804fe000 	C:\WINDOWS\System32\shlwapi.dll
0x00007ff97d870000 - 0x00007ff97d896000 	C:\WINDOWS\SYSTEM32\profapi.dll
0x00007ff95db40000 - 0x00007ff95db59000 	C:\Users\sc\.vscode\extensions\redhat.java-1.25.1-win32-x64\jre\17.0.9-win32-x86_64\bin\net.dll
0x00007ff9774f0000 - 0x00007ff977627000 	C:\WINDOWS\SYSTEM32\WINHTTP.dll
0x00007ff97ceb0000 - 0x00007ff97cf19000 	C:\WINDOWS\system32\mswsock.dll
0x00007ff95a750000 - 0x00007ff95a766000 	C:\Users\sc\.vscode\extensions\redhat.java-1.25.1-win32-x64\jre\17.0.9-win32-x86_64\bin\nio.dll
0x00007ff962480000 - 0x00007ff962490000 	c:\Users\sc\.vscode\extensions\redhat.java-1.25.1-win32-x64\jre\17.0.9-win32-x86_64\bin\verify.dll
0x00007ff95cc40000 - 0x00007ff95cc7e000 	C:\Users\sc\AppData\Roaming\Code\User\globalStorage\redhat.java\1.25.1\config_ss_win\org.eclipse.equinox.launcher\org.eclipse.equinox.launcher.win32.win32.x86_64_1.2.800.v20231003-1442\eclipse_11802.dll
0x00007ff97ea00000 - 0x00007ff97eba0000 	C:\WINDOWS\System32\ole32.dll

dbghelp: loaded successfully - version: 4.0.5 - missing functions: none
symbol engine: initialized successfully - sym options: 0x614 - pdb path: .;c:\Users\sc\.vscode\extensions\redhat.java-1.25.1-win32-x64\jre\17.0.9-win32-x86_64\bin;C:\WINDOWS\SYSTEM32;C:\WINDOWS\WinSxS\amd64_microsoft.windows.common-controls_6595b64144ccf1df_6.0.22621.2506_none_270c5ae97388e100;c:\Users\sc\.vscode\extensions\redhat.java-1.25.1-win32-x64\jre\17.0.9-win32-x86_64\bin\server;C:\Users\sc\AppData\Roaming\Code\User\globalStorage\redhat.java\1.25.1\config_ss_win\org.eclipse.equinox.launcher\org.eclipse.equinox.launcher.win32.win32.x86_64_1.2.800.v20231003-1442

VM Arguments:
jvm_args: --add-modules=ALL-SYSTEM --add-opens=java.base/java.util=ALL-UNNAMED --add-opens=java.base/java.lang=ALL-UNNAMED --add-opens=java.base/sun.nio.fs=ALL-UNNAMED -Declipse.application=org.eclipse.jdt.ls.core.id1 -Dosgi.bundles.defaultStartLevel=4 -Declipse.product=org.eclipse.jdt.ls.core.product -Djava.import.generatesMetadataFilesAtProjectRoot=false -DDetectVMInstallationsJob.disabled=true -Dfile.encoding=utf8 -XX:+UseParallelGC -XX:GCTimeRatio=4 -XX:AdaptiveSizePolicyWeight=90 -Dsun.zip.disableMemoryMapping=true -Xmx1G -Xms100m -Xlog:disable -javaagent:c:\Users\sc\.vscode\extensions\redhat.java-1.25.1-win32-x64\lombok\lombok-1.18.30.jar 
java_command: c:\Users\sc\.vscode\extensions\redhat.java-1.25.1-win32-x64\server\plugins\org.eclipse.equinox.launcher_1.6.600.v20231106-1826.jar -configuration c:\Users\sc\AppData\Roaming\Code\User\globalStorage\redhat.java\1.25.1\config_ss_win -data c:\Users\sc\AppData\Roaming\Code\User\workspaceStorage\e64e4fc66b7715e35e024650ed857f81\redhat.java\ss_ws --stdio
java_class_path (initial): c:\Users\sc\.vscode\extensions\redhat.java-1.25.1-win32-x64\server\plugins\org.eclipse.equinox.launcher_1.6.600.v20231106-1826.jar
Launcher Type: SUN_STANDARD

[Global flags]
    uintx AdaptiveSizePolicyWeight                 = 90                                        {product} {command line}
     intx CICompilerCount                          = 4                                         {product} {ergonomic}
    uintx GCTimeRatio                              = 4                                         {product} {command line}
   size_t InitialHeapSize                          = 104857600                                 {product} {command line}
   size_t MaxHeapSize                              = 1073741824                                {product} {command line}
   size_t MaxNewSize                               = 357564416                                 {product} {ergonomic}
   size_t MinHeapDeltaBytes                        = 524288                                    {product} {ergonomic}
   size_t MinHeapSize                              = 104857600                                 {product} {command line}
   size_t NewSize                                  = 34603008                                  {product} {ergonomic}
    uintx NonNMethodCodeHeapSize                   = 5839372                                {pd product} {ergonomic}
    uintx NonProfiledCodeHeapSize                  = 122909434                              {pd product} {ergonomic}
   size_t OldSize                                  = 70254592                                  {product} {ergonomic}
    uintx ProfiledCodeHeapSize                     = 122909434                              {pd product} {ergonomic}
    uintx ReservedCodeCacheSize                    = 251658240                              {pd product} {ergonomic}
     bool SegmentedCodeCache                       = true                                      {product} {ergonomic}
   size_t SoftMaxHeapSize                          = 1073741824                             {manageable} {ergonomic}
     bool UseCompressedClassPointers               = true                           {product lp64_product} {ergonomic}
     bool UseCompressedOops                        = true                           {product lp64_product} {ergonomic}
     bool UseLargePagesIndividualAllocation        = false                                  {pd product} {ergonomic}
     bool UseParallelGC                            = true                                      {product} {command line}

Logging:
Log output configuration:
 #0: stdout all=off uptime,level,tags
 #1: stderr all=off uptime,level,tags

Environment Variables:
PATH=C:\Python311\Scripts\;C:\Python311\;C:\Program Files\Common Files\Oracle\Java\javapath;C:\WINDOWS\system32;C:\WINDOWS;C:\WINDOWS\System32\Wbem;C:\WINDOWS\System32\WindowsPowerShell\v1.0\;C:\WINDOWS\System32\OpenSSH\;C:\Program Files\Git\cmd;C:\ProgramData\chocolatey\bin;C:\Program Files\nodejs\;C:\Users\sc\AppData\Local\Microsoft\WindowsApps;C:\Users\sc\AppData\Local\Programs\Microsoft VS Code\bin;C:\Users\sc\AppData\Local\GitHubDesktop\bin;C:\Program Files\Java\jdk-11\bin;C:\Users\sc\AppData\Roaming\npm
USERNAME=sc
OS=Windows_NT
PROCESSOR_IDENTIFIER=Intel64 Family 6 Model 142 Stepping 12, GenuineIntel
TMP=C:\Users\sc\AppData\Local\Temp
TEMP=C:\Users\sc\AppData\Local\Temp



Periodic native trim disabled


---------------  S Y S T E M  ---------------

OS:
 Windows 11 , 64 bit Build 22621 (10.0.22621.2506)
OS uptime: 3 days 21:24 hours

CPU: total 8 (initial active 8) (4 cores per cpu, 2 threads per core) family 6 model 142 stepping 12 microcode 0xf0, cx8, cmov, fxsr, ht, mmx, 3dnowpref, sse, sse2, sse3, ssse3, sse4.1, sse4.2, popcnt, lzcnt, tsc, tscinvbit, avx, avx2, aes, erms, clmul, bmi1, bmi2, adx, fma, vzeroupper, clflush, clflushopt
Processor Information for all 8 processors :
  Max Mhz: 1896, Current Mhz: 1596, Mhz Limit: 1592

Memory: 4k page, system-wide physical 7998M (90M free)
TotalPageFile size 16190M (AvailPageFile size 2M)
current process WorkingSet (physical memory assigned to process): 104M, peak: 104M
current process commit charge ("private bytes"): 217M, peak: 218M

vm_info: OpenJDK 64-Bit Server VM (17.0.9+9) for windows-amd64 JRE (17.0.9+9), built on Oct 26 2023 14:01:42 by "admin" with MS VC++ 16.10 / 16.11 (VS2019)

END.
